{
  "/home/stephany.milhomem/Documents/projetos/my-marketplace/src/components/Navbar.jsx": {
    "path": "/home/stephany.milhomem/Documents/projetos/my-marketplace/src/components/Navbar.jsx",
    "statementMap": {
      "0": {
        "start": {
          "line": 3,
          "column": 20
        },
        "end": {
          "line": 3,
          "column": 97
        }
      },
      "1": {
        "start": {
          "line": 6,
          "column": 0
        },
        "end": {
          "line": 16,
          "column": 1
        }
      },
      "2": {
        "start": {
          "line": 7,
          "column": 2
        },
        "end": {
          "line": 9,
          "column": 3
        }
      },
      "3": {
        "start": {
          "line": 8,
          "column": 4
        },
        "end": {
          "line": 8,
          "column": 165
        }
      },
      "4": {
        "start": {
          "line": 10,
          "column": 2
        },
        "end": {
          "line": 10,
          "column": 39
        }
      },
      "5": {
        "start": {
          "line": 11,
          "column": 2
        },
        "end": {
          "line": 11,
          "column": 39
        }
      },
      "6": {
        "start": {
          "line": 12,
          "column": 2
        },
        "end": {
          "line": 14,
          "column": 4
        }
      },
      "7": {
        "start": {
          "line": 13,
          "column": 4
        },
        "end": {
          "line": 13,
          "column": 127
        }
      },
      "8": {
        "start": {
          "line": 15,
          "column": 2
        },
        "end": {
          "line": 15,
          "column": 75
        }
      },
      "9": {
        "start": {
          "line": 17,
          "column": 9
        },
        "end": {
          "line": 17,
          "column": 23
        }
      },
      "10": {
        "start": {
          "line": 21,
          "column": 15
        },
        "end": {
          "line": 71,
          "column": 1
        }
      },
      "11": {
        "start": {
          "line": 22,
          "column": 2
        },
        "end": {
          "line": 22,
          "column": 7
        }
      },
      "12": {
        "start": {
          "line": 23,
          "column": 16
        },
        "end": {
          "line": 23,
          "column": 32
        }
      },
      "13": {
        "start": {
          "line": 24,
          "column": 2
        },
        "end": {
          "line": 70,
          "column": 11
        }
      },
      "14": {
        "start": {
          "line": 72,
          "column": 0
        },
        "end": {
          "line": 74,
          "column": 3
        }
      },
      "15": {
        "start": {
          "line": 73,
          "column": 2
        },
        "end": {
          "line": 73,
          "column": 26
        }
      },
      "16": {
        "start": {
          "line": 75,
          "column": 0
        },
        "end": {
          "line": 75,
          "column": 12
        }
      },
      "17": {
        "start": {
          "line": 78,
          "column": 0
        },
        "end": {
          "line": 78,
          "column": 27
        }
      },
      "18": {
        "start": {
          "line": 79,
          "column": 0
        },
        "end": {
          "line": 82,
          "column": 1
        }
      },
      "19": {
        "start": {
          "line": 80,
          "column": 2
        },
        "end": {
          "line": 80,
          "column": 39
        }
      },
      "20": {
        "start": {
          "line": 81,
          "column": 2
        },
        "end": {
          "line": 81,
          "column": 39
        }
      },
      "21": {
        "start": {
          "line": 83,
          "column": 0
        },
        "end": {
          "line": 92,
          "column": 1
        }
      },
      "22": {
        "start": {
          "line": 84,
          "column": 2
        },
        "end": {
          "line": 91,
          "column": 5
        }
      },
      "23": {
        "start": {
          "line": 85,
          "column": 4
        },
        "end": {
          "line": 85,
          "column": 153
        }
      },
      "24": {
        "start": {
          "line": 86,
          "column": 4
        },
        "end": {
          "line": 90,
          "column": 7
        }
      },
      "25": {
        "start": {
          "line": 87,
          "column": 6
        },
        "end": {
          "line": 87,
          "column": 31
        }
      },
      "26": {
        "start": {
          "line": 87,
          "column": 24
        },
        "end": {
          "line": 87,
          "column": 31
        }
      },
      "27": {
        "start": {
          "line": 88,
          "column": 32
        },
        "end": {
          "line": 88,
          "column": 115
        }
      },
      "28": {
        "start": {
          "line": 89,
          "column": 6
        },
        "end": {
          "line": 89,
          "column": 75
        }
      },
      "29": {
        "start": {
          "line": 89,
          "column": 29
        },
        "end": {
          "line": 89,
          "column": 75
        }
      }
    },
    "fnMap": {
      "0": {
        "name": "(anonymous_0)",
        "decl": {
          "start": {
            "line": 12,
            "column": 24
          },
          "end": {
            "line": 12,
            "column": 25
          }
        },
        "loc": {
          "start": {
            "line": 12,
            "column": 38
          },
          "end": {
            "line": 14,
            "column": 3
          }
        },
        "line": 12
      },
      "1": {
        "name": "(anonymous_1)",
        "decl": {
          "start": {
            "line": 21,
            "column": 15
          },
          "end": {
            "line": 21,
            "column": 16
          }
        },
        "loc": {
          "start": {
            "line": 21,
            "column": 21
          },
          "end": {
            "line": 71,
            "column": 1
          }
        },
        "line": 21
      },
      "2": {
        "name": "(anonymous_2)",
        "decl": {
          "start": {
            "line": 72,
            "column": 50
          },
          "end": {
            "line": 72,
            "column": 51
          }
        },
        "loc": {
          "start": {
            "line": 72,
            "column": 61
          },
          "end": {
            "line": 74,
            "column": 1
          }
        },
        "line": 72
      },
      "3": {
        "name": "(anonymous_3)",
        "decl": {
          "start": {
            "line": 84,
            "column": 52
          },
          "end": {
            "line": 84,
            "column": 53
          }
        },
        "loc": {
          "start": {
            "line": 84,
            "column": 72
          },
          "end": {
            "line": 91,
            "column": 3
          }
        },
        "line": 84
      },
      "4": {
        "name": "(anonymous_4)",
        "decl": {
          "start": {
            "line": 86,
            "column": 27
          },
          "end": {
            "line": 86,
            "column": 28
          }
        },
        "loc": {
          "start": {
            "line": 86,
            "column": 44
          },
          "end": {
            "line": 90,
            "column": 5
          }
        },
        "line": 86
      }
    },
    "branchMap": {
      "0": {
        "loc": {
          "start": {
            "line": 3,
            "column": 20
          },
          "end": {
            "line": 3,
            "column": 97
          }
        },
        "type": "binary-expr",
        "locations": [
          {
            "start": {
              "line": 3,
              "column": 20
            },
            "end": {
              "line": 3,
              "column": 60
            }
          },
          {
            "start": {
              "line": 3,
              "column": 64
            },
            "end": {
              "line": 3,
              "column": 97
            }
          }
        ],
        "line": 3
      },
      "1": {
        "loc": {
          "start": {
            "line": 6,
            "column": 0
          },
          "end": {
            "line": 16,
            "column": 1
          }
        },
        "type": "if",
        "locations": [
          {
            "start": {
              "line": 6,
              "column": 0
            },
            "end": {
              "line": 16,
              "column": 1
            }
          },
          {
            "start": {},
            "end": {}
          }
        ],
        "line": 6
      },
      "2": {
        "loc": {
          "start": {
            "line": 6,
            "column": 4
          },
          "end": {
            "line": 6,
            "column": 35
          }
        },
        "type": "binary-expr",
        "locations": [
          {
            "start": {
              "line": 6,
              "column": 4
            },
            "end": {
              "line": 6,
              "column": 19
            }
          },
          {
            "start": {
              "line": 6,
              "column": 23
            },
            "end": {
              "line": 6,
              "column": 35
            }
          }
        ],
        "line": 6
      },
      "3": {
        "loc": {
          "start": {
            "line": 7,
            "column": 2
          },
          "end": {
            "line": 9,
            "column": 3
          }
        },
        "type": "if",
        "locations": [
          {
            "start": {
              "line": 7,
              "column": 2
            },
            "end": {
              "line": 9,
              "column": 3
            }
          },
          {
            "start": {},
            "end": {}
          }
        ],
        "line": 7
      },
      "4": {
        "loc": {
          "start": {
            "line": 79,
            "column": 0
          },
          "end": {
            "line": 82,
            "column": 1
          }
        },
        "type": "if",
        "locations": [
          {
            "start": {
              "line": 79,
              "column": 0
            },
            "end": {
              "line": 82,
              "column": 1
            }
          },
          {
            "start": {},
            "end": {}
          }
        ],
        "line": 79
      },
      "5": {
        "loc": {
          "start": {
            "line": 79,
            "column": 4
          },
          "end": {
            "line": 79,
            "column": 35
          }
        },
        "type": "binary-expr",
        "locations": [
          {
            "start": {
              "line": 79,
              "column": 4
            },
            "end": {
              "line": 79,
              "column": 19
            }
          },
          {
            "start": {
              "line": 79,
              "column": 23
            },
            "end": {
              "line": 79,
              "column": 35
            }
          }
        ],
        "line": 79
      },
      "6": {
        "loc": {
          "start": {
            "line": 83,
            "column": 0
          },
          "end": {
            "line": 92,
            "column": 1
          }
        },
        "type": "if",
        "locations": [
          {
            "start": {
              "line": 83,
              "column": 0
            },
            "end": {
              "line": 92,
              "column": 1
            }
          },
          {
            "start": {},
            "end": {}
          }
        ],
        "line": 83
      },
      "7": {
        "loc": {
          "start": {
            "line": 83,
            "column": 4
          },
          "end": {
            "line": 83,
            "column": 35
          }
        },
        "type": "binary-expr",
        "locations": [
          {
            "start": {
              "line": 83,
              "column": 4
            },
            "end": {
              "line": 83,
              "column": 19
            }
          },
          {
            "start": {
              "line": 83,
              "column": 23
            },
            "end": {
              "line": 83,
              "column": 35
            }
          }
        ],
        "line": 83
      },
      "8": {
        "loc": {
          "start": {
            "line": 87,
            "column": 6
          },
          "end": {
            "line": 87,
            "column": 31
          }
        },
        "type": "if",
        "locations": [
          {
            "start": {
              "line": 87,
              "column": 6
            },
            "end": {
              "line": 87,
              "column": 31
            }
          },
          {
            "start": {},
            "end": {}
          }
        ],
        "line": 87
      },
      "9": {
        "loc": {
          "start": {
            "line": 89,
            "column": 6
          },
          "end": {
            "line": 89,
            "column": 75
          }
        },
        "type": "if",
        "locations": [
          {
            "start": {
              "line": 89,
              "column": 6
            },
            "end": {
              "line": 89,
              "column": 75
            }
          },
          {
            "start": {},
            "end": {}
          }
        ],
        "line": 89
      }
    },
    "s": {
      "0": 30,
      "1": 30,
      "2": 30,
      "3": 0,
      "4": 30,
      "5": 30,
      "6": 30,
      "7": 30,
      "8": 30,
      "9": 30,
      "10": 30,
      "11": 61,
      "12": 61,
      "13": 61,
      "14": 30,
      "15": 30,
      "16": 30,
      "17": 30,
      "18": 30,
      "19": 30,
      "20": 30,
      "21": 30,
      "22": 30,
      "23": 30,
      "24": 30,
      "25": 0,
      "26": 0,
      "27": 0,
      "28": 0,
      "29": 0
    },
    "f": {
      "0": 30,
      "1": 61,
      "2": 30,
      "3": 30,
      "4": 0
    },
    "b": {
      "0": [
        30,
        0
      ],
      "1": [
        30,
        0
      ],
      "2": [
        30,
        30
      ],
      "3": [
        0,
        30
      ],
      "4": [
        30,
        0
      ],
      "5": [
        30,
        30
      ],
      "6": [
        30,
        0
      ],
      "7": [
        30,
        30
      ],
      "8": [
        0,
        0
      ],
      "9": [
        0,
        0
      ]
    },
    "inputSourceMap": {
      "version": 3,
      "mappings": "AAUoB;2BAVpB;AAAqB,oBAAkB;AAAA;AAAA;AAAA;AAAA;AAAA;AAAA;AAAA;AAAA;AAAA;AAAA;AAAA;AAAA;AAAA;AAAA;AAAA;AACvC,OAAOA,UAAU;AACjB,SAASC,sBAAsB;AAE/B,MAAMC,SAASA,MAAM;AAAAC,KAAA;AACjB,QAAM,EAAEC,EAAE,IAAIH,eAAe;AAC7B,SACI,uBAAC,SAAI,WAAU,qBAAoB,iBAAc,QAAO,OAAO,EAACI,SAAS,WAAU,GAC/E,iCAAC,SAAI,WAAU,mBACX;AAAA,2BAAC,QAAK,IAAG,KAAI,WAAU,gBACnB;AAAA;AAAA,QAAC;AAAA;AAAA,UACG,KAAKL;AAAAA,UACL,KAAI;AAAA,UACJ,QAAO;AAAA,UACP,OAAO,EAACM,aAAa,SAAQ;AAAA;AAAA,QAJjC;AAAA;AAAA;AAAA;AAAA;AAAA;AAAA;AAAA;AAAA,MAImC;AAAA;AAAA,SALvC;AAAA;AAAA;AAAA;AAAA,WAQA;AAAA,IACA,uBAAC,QAAG,WAAU,mCAAkC,OAAO,EAACC,UAAU,QAAQC,OAAO,OAAM,GACnF,iCAAC,QAAG,WAAU,YACV,iCAAC,QAAK,IAAG,eAAc,WAAU,YAAYJ,YAAE,aAAa,KAA5D;AAAA;AAAA;AAAA;AAAA,WAA8D,KADlE;AAAA;AAAA;AAAA;AAAA,WAEA,KAHJ;AAAA;AAAA;AAAA;AAAA,WAIA;AAAA,OAdJ;AAAA;AAAA;AAAA;AAAA,SAeA,KAhBJ;AAAA;AAAA;AAAA;AAAA,SAiBA;AAER;AAAED,GAtBID,QAAM;AAAA,UACMD,cAAc;AAAA;AAAAQ,KAD1BP;AAwBN,eAAeA;AAAO,IAAAO;AAAAC,aAAAD,IAAA",
      "names": [
        "logo",
        "useTranslation",
        "Navbar",
        "_s",
        "t",
        "padding",
        "marginRight",
        "fontSize",
        "color",
        "_c",
        "$RefreshReg$"
      ],
      "ignoreList": [],
      "sources": [
        "/home/stephany.milhomem/Documents/projetos/my-marketplace/src/components/Navbar.jsx"
      ],
      "file": "/home/stephany.milhomem/Documents/projetos/my-marketplace/src/components/Navbar.jsx"
    },
    "_coverageSchema": "1a1c01bbd47fc00a2c39e90264f33305004495a9",
    "hash": "7b93ccb1cad0db925b29d9a1196849157a1a1e7c"
  },
  "/home/stephany.milhomem/Documents/projetos/my-marketplace/src/components/ServiceCard.jsx": {
    "path": "/home/stephany.milhomem/Documents/projetos/my-marketplace/src/components/ServiceCard.jsx",
    "statementMap": {
      "0": {
        "start": {
          "line": 3,
          "column": 20
        },
        "end": {
          "line": 3,
          "column": 97
        }
      },
      "1": {
        "start": {
          "line": 6,
          "column": 0
        },
        "end": {
          "line": 16,
          "column": 1
        }
      },
      "2": {
        "start": {
          "line": 7,
          "column": 2
        },
        "end": {
          "line": 9,
          "column": 3
        }
      },
      "3": {
        "start": {
          "line": 8,
          "column": 4
        },
        "end": {
          "line": 8,
          "column": 165
        }
      },
      "4": {
        "start": {
          "line": 10,
          "column": 2
        },
        "end": {
          "line": 10,
          "column": 39
        }
      },
      "5": {
        "start": {
          "line": 11,
          "column": 2
        },
        "end": {
          "line": 11,
          "column": 39
        }
      },
      "6": {
        "start": {
          "line": 12,
          "column": 2
        },
        "end": {
          "line": 14,
          "column": 4
        }
      },
      "7": {
        "start": {
          "line": 13,
          "column": 4
        },
        "end": {
          "line": 13,
          "column": 132
        }
      },
      "8": {
        "start": {
          "line": 15,
          "column": 2
        },
        "end": {
          "line": 15,
          "column": 75
        }
      },
      "9": {
        "start": {
          "line": 17,
          "column": 9
        },
        "end": {
          "line": 17,
          "column": 23
        }
      },
      "10": {
        "start": {
          "line": 19,
          "column": 20
        },
        "end": {
          "line": 114,
          "column": 1
        }
      },
      "11": {
        "start": {
          "line": 20,
          "column": 2
        },
        "end": {
          "line": 20,
          "column": 7
        }
      },
      "12": {
        "start": {
          "line": 21,
          "column": 16
        },
        "end": {
          "line": 21,
          "column": 32
        }
      },
      "13": {
        "start": {
          "line": 22,
          "column": 2
        },
        "end": {
          "line": 113,
          "column": 11
        }
      },
      "14": {
        "start": {
          "line": 115,
          "column": 0
        },
        "end": {
          "line": 117,
          "column": 3
        }
      },
      "15": {
        "start": {
          "line": 116,
          "column": 2
        },
        "end": {
          "line": 116,
          "column": 26
        }
      },
      "16": {
        "start": {
          "line": 118,
          "column": 0
        },
        "end": {
          "line": 118,
          "column": 17
        }
      },
      "17": {
        "start": {
          "line": 121,
          "column": 0
        },
        "end": {
          "line": 121,
          "column": 32
        }
      },
      "18": {
        "start": {
          "line": 122,
          "column": 0
        },
        "end": {
          "line": 125,
          "column": 1
        }
      },
      "19": {
        "start": {
          "line": 123,
          "column": 2
        },
        "end": {
          "line": 123,
          "column": 39
        }
      },
      "20": {
        "start": {
          "line": 124,
          "column": 2
        },
        "end": {
          "line": 124,
          "column": 39
        }
      },
      "21": {
        "start": {
          "line": 126,
          "column": 0
        },
        "end": {
          "line": 135,
          "column": 1
        }
      },
      "22": {
        "start": {
          "line": 127,
          "column": 2
        },
        "end": {
          "line": 134,
          "column": 5
        }
      },
      "23": {
        "start": {
          "line": 128,
          "column": 4
        },
        "end": {
          "line": 128,
          "column": 158
        }
      },
      "24": {
        "start": {
          "line": 129,
          "column": 4
        },
        "end": {
          "line": 133,
          "column": 7
        }
      },
      "25": {
        "start": {
          "line": 130,
          "column": 6
        },
        "end": {
          "line": 130,
          "column": 31
        }
      },
      "26": {
        "start": {
          "line": 130,
          "column": 24
        },
        "end": {
          "line": 130,
          "column": 31
        }
      },
      "27": {
        "start": {
          "line": 131,
          "column": 32
        },
        "end": {
          "line": 131,
          "column": 115
        }
      },
      "28": {
        "start": {
          "line": 132,
          "column": 6
        },
        "end": {
          "line": 132,
          "column": 75
        }
      },
      "29": {
        "start": {
          "line": 132,
          "column": 29
        },
        "end": {
          "line": 132,
          "column": 75
        }
      }
    },
    "fnMap": {
      "0": {
        "name": "(anonymous_0)",
        "decl": {
          "start": {
            "line": 12,
            "column": 24
          },
          "end": {
            "line": 12,
            "column": 25
          }
        },
        "loc": {
          "start": {
            "line": 12,
            "column": 38
          },
          "end": {
            "line": 14,
            "column": 3
          }
        },
        "line": 12
      },
      "1": {
        "name": "(anonymous_1)",
        "decl": {
          "start": {
            "line": 19,
            "column": 20
          },
          "end": {
            "line": 19,
            "column": 21
          }
        },
        "loc": {
          "start": {
            "line": 19,
            "column": 62
          },
          "end": {
            "line": 114,
            "column": 1
          }
        },
        "line": 19
      },
      "2": {
        "name": "(anonymous_2)",
        "decl": {
          "start": {
            "line": 115,
            "column": 55
          },
          "end": {
            "line": 115,
            "column": 56
          }
        },
        "loc": {
          "start": {
            "line": 115,
            "column": 66
          },
          "end": {
            "line": 117,
            "column": 1
          }
        },
        "line": 115
      },
      "3": {
        "name": "(anonymous_3)",
        "decl": {
          "start": {
            "line": 127,
            "column": 52
          },
          "end": {
            "line": 127,
            "column": 53
          }
        },
        "loc": {
          "start": {
            "line": 127,
            "column": 72
          },
          "end": {
            "line": 134,
            "column": 3
          }
        },
        "line": 127
      },
      "4": {
        "name": "(anonymous_4)",
        "decl": {
          "start": {
            "line": 129,
            "column": 27
          },
          "end": {
            "line": 129,
            "column": 28
          }
        },
        "loc": {
          "start": {
            "line": 129,
            "column": 44
          },
          "end": {
            "line": 133,
            "column": 5
          }
        },
        "line": 129
      }
    },
    "branchMap": {
      "0": {
        "loc": {
          "start": {
            "line": 3,
            "column": 20
          },
          "end": {
            "line": 3,
            "column": 97
          }
        },
        "type": "binary-expr",
        "locations": [
          {
            "start": {
              "line": 3,
              "column": 20
            },
            "end": {
              "line": 3,
              "column": 60
            }
          },
          {
            "start": {
              "line": 3,
              "column": 64
            },
            "end": {
              "line": 3,
              "column": 97
            }
          }
        ],
        "line": 3
      },
      "1": {
        "loc": {
          "start": {
            "line": 6,
            "column": 0
          },
          "end": {
            "line": 16,
            "column": 1
          }
        },
        "type": "if",
        "locations": [
          {
            "start": {
              "line": 6,
              "column": 0
            },
            "end": {
              "line": 16,
              "column": 1
            }
          },
          {
            "start": {},
            "end": {}
          }
        ],
        "line": 6
      },
      "2": {
        "loc": {
          "start": {
            "line": 6,
            "column": 4
          },
          "end": {
            "line": 6,
            "column": 35
          }
        },
        "type": "binary-expr",
        "locations": [
          {
            "start": {
              "line": 6,
              "column": 4
            },
            "end": {
              "line": 6,
              "column": 19
            }
          },
          {
            "start": {
              "line": 6,
              "column": 23
            },
            "end": {
              "line": 6,
              "column": 35
            }
          }
        ],
        "line": 6
      },
      "3": {
        "loc": {
          "start": {
            "line": 7,
            "column": 2
          },
          "end": {
            "line": 9,
            "column": 3
          }
        },
        "type": "if",
        "locations": [
          {
            "start": {
              "line": 7,
              "column": 2
            },
            "end": {
              "line": 9,
              "column": 3
            }
          },
          {
            "start": {},
            "end": {}
          }
        ],
        "line": 7
      },
      "4": {
        "loc": {
          "start": {
            "line": 122,
            "column": 0
          },
          "end": {
            "line": 125,
            "column": 1
          }
        },
        "type": "if",
        "locations": [
          {
            "start": {
              "line": 122,
              "column": 0
            },
            "end": {
              "line": 125,
              "column": 1
            }
          },
          {
            "start": {},
            "end": {}
          }
        ],
        "line": 122
      },
      "5": {
        "loc": {
          "start": {
            "line": 122,
            "column": 4
          },
          "end": {
            "line": 122,
            "column": 35
          }
        },
        "type": "binary-expr",
        "locations": [
          {
            "start": {
              "line": 122,
              "column": 4
            },
            "end": {
              "line": 122,
              "column": 19
            }
          },
          {
            "start": {
              "line": 122,
              "column": 23
            },
            "end": {
              "line": 122,
              "column": 35
            }
          }
        ],
        "line": 122
      },
      "6": {
        "loc": {
          "start": {
            "line": 126,
            "column": 0
          },
          "end": {
            "line": 135,
            "column": 1
          }
        },
        "type": "if",
        "locations": [
          {
            "start": {
              "line": 126,
              "column": 0
            },
            "end": {
              "line": 135,
              "column": 1
            }
          },
          {
            "start": {},
            "end": {}
          }
        ],
        "line": 126
      },
      "7": {
        "loc": {
          "start": {
            "line": 126,
            "column": 4
          },
          "end": {
            "line": 126,
            "column": 35
          }
        },
        "type": "binary-expr",
        "locations": [
          {
            "start": {
              "line": 126,
              "column": 4
            },
            "end": {
              "line": 126,
              "column": 19
            }
          },
          {
            "start": {
              "line": 126,
              "column": 23
            },
            "end": {
              "line": 126,
              "column": 35
            }
          }
        ],
        "line": 126
      },
      "8": {
        "loc": {
          "start": {
            "line": 130,
            "column": 6
          },
          "end": {
            "line": 130,
            "column": 31
          }
        },
        "type": "if",
        "locations": [
          {
            "start": {
              "line": 130,
              "column": 6
            },
            "end": {
              "line": 130,
              "column": 31
            }
          },
          {
            "start": {},
            "end": {}
          }
        ],
        "line": 130
      },
      "9": {
        "loc": {
          "start": {
            "line": 132,
            "column": 6
          },
          "end": {
            "line": 132,
            "column": 75
          }
        },
        "type": "if",
        "locations": [
          {
            "start": {
              "line": 132,
              "column": 6
            },
            "end": {
              "line": 132,
              "column": 75
            }
          },
          {
            "start": {},
            "end": {}
          }
        ],
        "line": 132
      }
    },
    "s": {
      "0": 30,
      "1": 30,
      "2": 30,
      "3": 0,
      "4": 30,
      "5": 30,
      "6": 30,
      "7": 30,
      "8": 30,
      "9": 30,
      "10": 30,
      "11": 102,
      "12": 102,
      "13": 102,
      "14": 30,
      "15": 17,
      "16": 30,
      "17": 30,
      "18": 30,
      "19": 30,
      "20": 30,
      "21": 30,
      "22": 30,
      "23": 30,
      "24": 30,
      "25": 0,
      "26": 0,
      "27": 0,
      "28": 0,
      "29": 0
    },
    "f": {
      "0": 30,
      "1": 102,
      "2": 17,
      "3": 30,
      "4": 0
    },
    "b": {
      "0": [
        30,
        0
      ],
      "1": [
        30,
        0
      ],
      "2": [
        30,
        30
      ],
      "3": [
        0,
        30
      ],
      "4": [
        30,
        0
      ],
      "5": [
        30,
        30
      ],
      "6": [
        30,
        0
      ],
      "7": [
        30,
        30
      ],
      "8": [
        0,
        0
      ],
      "9": [
        0,
        0
      ]
    },
    "inputSourceMap": {
      "version": 3,
      "mappings": "AAaQ;2BAbR;AAASA,MAAc,cAAQ,OAAe;AAAA;AAAA;AAAA;AAAA;AAAA;AAAA;AAAA;AAAA;AAAA;AAAA;AAAA;AAAA;AAAA;AAAA;AAAA;AAE9C,MAAMC,cAAcA,CAAC,EAAEC,QAAQC,OAAOC,aAAaC,KAAK,MAAM;AAAAC,KAAA;AAC5D,QAAM,EAAEC,EAAE,IAAIP,eAAe;AAC7B,SACE,uBAAC,SAAI,WAAU,kCACb;AAAA,IAAC;AAAA;AAAA,MACC,WAAU;AAAA,MACV,OAAO;AAAA,QACLQ,QAAQ;AAAA,QACRC,WAAW;AAAA,MACb;AAAA,MAEA;AAAA;AAAA,UAAC;AAAA;AAAA,YACC,WAAU;AAAA,YACV,KAAKP;AAAAA,YACL,KAAKC;AAAAA,YACL,QAAO;AAAA,YACP,OAAO,EAAEO,iBAAiB,QAAQ;AAAA;AAAA,UALpC;AAAA;AAAA;AAAA;AAAA;AAAA;AAAA;AAAA;AAAA,QAKsC;AAAA,QAEtC,uBAAC,SAAI,WAAU,aACb;AAAA,iCAAC,QAAG,WAAU,0BAAyB,OAAO,EAACC,YAAY,OAAM,GAAIJ;AAAAA,cAAEJ,KAAK;AAAA,YAAE;AAAA,eAA9E;AAAA;AAAA;AAAA;AAAA,iBAA+E;AAAA,UAC/E,uBAAC,OAAE,WAAU,oCAAoCI,YAAEH,WAAW,KAA9D;AAAA;AAAA;AAAA;AAAA,iBAAgE;AAAA,aAFlE;AAAA;AAAA;AAAA;AAAA,eAGA;AAAA,QACA,uBAAC,SAAI,WAAU,eACb;AAAA,UAAC;AAAA;AAAA,YACC,MAAMC;AAAAA,YACN,WAAU;AAAA,YACV,OAAO,EAAEO,OAAO,OAAO;AAAA,YAEvB;AAAA,qCAAC,OAAE,WAAU,0BAAb;AAAA;AAAA;AAAA;AAAA,qBAAoC;AAAA,cAAI;AAAA,cAAEL,EAAE,WAAW;AAAA,cAAE;AAAA,cAAEA,EAAEJ,KAAK;AAAA;AAAA;AAAA,UALpE;AAAA;AAAA;AAAA;AAAA;AAAA;AAAA;AAAA;AAAA,QAMA,KAPF;AAAA;AAAA;AAAA;AAAA,eAQA;AAAA;AAAA;AAAA,IA1BF;AAAA;AAAA;AAAA;AAAA;AAAA;AAAA;AAAA;AAAA,EA2BA,KA5BF;AAAA;AAAA;AAAA;AAAA,SA6BA;AAEJ;AAAEG,GAlCIL,aAAW;AAAA,UACDD,cAAc;AAAA;AAAAa,KADxBZ;AAoCN,eAAeA;AAAY,IAAAY;AAAAC,aAAAD,IAAA",
      "names": [
        "useTranslation",
        "ServiceCard",
        "imgSrc",
        "title",
        "description",
        "link",
        "_s",
        "t",
        "border",
        "boxShadow",
        "backgroundColor",
        "fontWeight",
        "color",
        "_c",
        "$RefreshReg$"
      ],
      "ignoreList": [],
      "sources": [
        "/home/stephany.milhomem/Documents/projetos/my-marketplace/src/components/ServiceCard.jsx"
      ],
      "file": "/home/stephany.milhomem/Documents/projetos/my-marketplace/src/components/ServiceCard.jsx"
    },
    "_coverageSchema": "1a1c01bbd47fc00a2c39e90264f33305004495a9",
    "hash": "f261d049bb911428efc9f4eea97bb0baed72896b"
  },
  "/home/stephany.milhomem/Documents/projetos/my-marketplace/src/components/ServiceSection.jsx": {
    "path": "/home/stephany.milhomem/Documents/projetos/my-marketplace/src/components/ServiceSection.jsx",
    "statementMap": {
      "0": {
        "start": {
          "line": 3,
          "column": 20
        },
        "end": {
          "line": 3,
          "column": 97
        }
      },
      "1": {
        "start": {
          "line": 6,
          "column": 0
        },
        "end": {
          "line": 16,
          "column": 1
        }
      },
      "2": {
        "start": {
          "line": 7,
          "column": 2
        },
        "end": {
          "line": 9,
          "column": 3
        }
      },
      "3": {
        "start": {
          "line": 8,
          "column": 4
        },
        "end": {
          "line": 8,
          "column": 165
        }
      },
      "4": {
        "start": {
          "line": 10,
          "column": 2
        },
        "end": {
          "line": 10,
          "column": 39
        }
      },
      "5": {
        "start": {
          "line": 11,
          "column": 2
        },
        "end": {
          "line": 11,
          "column": 39
        }
      },
      "6": {
        "start": {
          "line": 12,
          "column": 2
        },
        "end": {
          "line": 14,
          "column": 4
        }
      },
      "7": {
        "start": {
          "line": 13,
          "column": 4
        },
        "end": {
          "line": 13,
          "column": 135
        }
      },
      "8": {
        "start": {
          "line": 15,
          "column": 2
        },
        "end": {
          "line": 15,
          "column": 75
        }
      },
      "9": {
        "start": {
          "line": 17,
          "column": 9
        },
        "end": {
          "line": 17,
          "column": 23
        }
      },
      "10": {
        "start": {
          "line": 20,
          "column": 23
        },
        "end": {
          "line": 73,
          "column": 1
        }
      },
      "11": {
        "start": {
          "line": 21,
          "column": 2
        },
        "end": {
          "line": 21,
          "column": 7
        }
      },
      "12": {
        "start": {
          "line": 22,
          "column": 16
        },
        "end": {
          "line": 22,
          "column": 32
        }
      },
      "13": {
        "start": {
          "line": 23,
          "column": 2
        },
        "end": {
          "line": 72,
          "column": 11
        }
      },
      "14": {
        "start": {
          "line": 46,
          "column": 35
        },
        "end": {
          "line": 62,
          "column": 7
        }
      },
      "15": {
        "start": {
          "line": 74,
          "column": 0
        },
        "end": {
          "line": 76,
          "column": 3
        }
      },
      "16": {
        "start": {
          "line": 75,
          "column": 2
        },
        "end": {
          "line": 75,
          "column": 26
        }
      },
      "17": {
        "start": {
          "line": 77,
          "column": 0
        },
        "end": {
          "line": 77,
          "column": 20
        }
      },
      "18": {
        "start": {
          "line": 80,
          "column": 0
        },
        "end": {
          "line": 80,
          "column": 35
        }
      },
      "19": {
        "start": {
          "line": 81,
          "column": 0
        },
        "end": {
          "line": 84,
          "column": 1
        }
      },
      "20": {
        "start": {
          "line": 82,
          "column": 2
        },
        "end": {
          "line": 82,
          "column": 39
        }
      },
      "21": {
        "start": {
          "line": 83,
          "column": 2
        },
        "end": {
          "line": 83,
          "column": 39
        }
      },
      "22": {
        "start": {
          "line": 85,
          "column": 0
        },
        "end": {
          "line": 94,
          "column": 1
        }
      },
      "23": {
        "start": {
          "line": 86,
          "column": 2
        },
        "end": {
          "line": 93,
          "column": 5
        }
      },
      "24": {
        "start": {
          "line": 87,
          "column": 4
        },
        "end": {
          "line": 87,
          "column": 161
        }
      },
      "25": {
        "start": {
          "line": 88,
          "column": 4
        },
        "end": {
          "line": 92,
          "column": 7
        }
      },
      "26": {
        "start": {
          "line": 89,
          "column": 6
        },
        "end": {
          "line": 89,
          "column": 31
        }
      },
      "27": {
        "start": {
          "line": 89,
          "column": 24
        },
        "end": {
          "line": 89,
          "column": 31
        }
      },
      "28": {
        "start": {
          "line": 90,
          "column": 32
        },
        "end": {
          "line": 90,
          "column": 115
        }
      },
      "29": {
        "start": {
          "line": 91,
          "column": 6
        },
        "end": {
          "line": 91,
          "column": 75
        }
      },
      "30": {
        "start": {
          "line": 91,
          "column": 29
        },
        "end": {
          "line": 91,
          "column": 75
        }
      }
    },
    "fnMap": {
      "0": {
        "name": "(anonymous_0)",
        "decl": {
          "start": {
            "line": 12,
            "column": 24
          },
          "end": {
            "line": 12,
            "column": 25
          }
        },
        "loc": {
          "start": {
            "line": 12,
            "column": 38
          },
          "end": {
            "line": 14,
            "column": 3
          }
        },
        "line": 12
      },
      "1": {
        "name": "(anonymous_1)",
        "decl": {
          "start": {
            "line": 20,
            "column": 23
          },
          "end": {
            "line": 20,
            "column": 24
          }
        },
        "loc": {
          "start": {
            "line": 20,
            "column": 61
          },
          "end": {
            "line": 73,
            "column": 1
          }
        },
        "line": 20
      },
      "2": {
        "name": "(anonymous_2)",
        "decl": {
          "start": {
            "line": 46,
            "column": 6
          },
          "end": {
            "line": 46,
            "column": 7
          }
        },
        "loc": {
          "start": {
            "line": 46,
            "column": 35
          },
          "end": {
            "line": 62,
            "column": 7
          }
        },
        "line": 46
      },
      "3": {
        "name": "(anonymous_3)",
        "decl": {
          "start": {
            "line": 74,
            "column": 58
          },
          "end": {
            "line": 74,
            "column": 59
          }
        },
        "loc": {
          "start": {
            "line": 74,
            "column": 69
          },
          "end": {
            "line": 76,
            "column": 1
          }
        },
        "line": 74
      },
      "4": {
        "name": "(anonymous_4)",
        "decl": {
          "start": {
            "line": 86,
            "column": 52
          },
          "end": {
            "line": 86,
            "column": 53
          }
        },
        "loc": {
          "start": {
            "line": 86,
            "column": 72
          },
          "end": {
            "line": 93,
            "column": 3
          }
        },
        "line": 86
      },
      "5": {
        "name": "(anonymous_5)",
        "decl": {
          "start": {
            "line": 88,
            "column": 27
          },
          "end": {
            "line": 88,
            "column": 28
          }
        },
        "loc": {
          "start": {
            "line": 88,
            "column": 44
          },
          "end": {
            "line": 92,
            "column": 5
          }
        },
        "line": 88
      }
    },
    "branchMap": {
      "0": {
        "loc": {
          "start": {
            "line": 3,
            "column": 20
          },
          "end": {
            "line": 3,
            "column": 97
          }
        },
        "type": "binary-expr",
        "locations": [
          {
            "start": {
              "line": 3,
              "column": 20
            },
            "end": {
              "line": 3,
              "column": 60
            }
          },
          {
            "start": {
              "line": 3,
              "column": 64
            },
            "end": {
              "line": 3,
              "column": 97
            }
          }
        ],
        "line": 3
      },
      "1": {
        "loc": {
          "start": {
            "line": 6,
            "column": 0
          },
          "end": {
            "line": 16,
            "column": 1
          }
        },
        "type": "if",
        "locations": [
          {
            "start": {
              "line": 6,
              "column": 0
            },
            "end": {
              "line": 16,
              "column": 1
            }
          },
          {
            "start": {},
            "end": {}
          }
        ],
        "line": 6
      },
      "2": {
        "loc": {
          "start": {
            "line": 6,
            "column": 4
          },
          "end": {
            "line": 6,
            "column": 35
          }
        },
        "type": "binary-expr",
        "locations": [
          {
            "start": {
              "line": 6,
              "column": 4
            },
            "end": {
              "line": 6,
              "column": 19
            }
          },
          {
            "start": {
              "line": 6,
              "column": 23
            },
            "end": {
              "line": 6,
              "column": 35
            }
          }
        ],
        "line": 6
      },
      "3": {
        "loc": {
          "start": {
            "line": 7,
            "column": 2
          },
          "end": {
            "line": 9,
            "column": 3
          }
        },
        "type": "if",
        "locations": [
          {
            "start": {
              "line": 7,
              "column": 2
            },
            "end": {
              "line": 9,
              "column": 3
            }
          },
          {
            "start": {},
            "end": {}
          }
        ],
        "line": 7
      },
      "4": {
        "loc": {
          "start": {
            "line": 81,
            "column": 0
          },
          "end": {
            "line": 84,
            "column": 1
          }
        },
        "type": "if",
        "locations": [
          {
            "start": {
              "line": 81,
              "column": 0
            },
            "end": {
              "line": 84,
              "column": 1
            }
          },
          {
            "start": {},
            "end": {}
          }
        ],
        "line": 81
      },
      "5": {
        "loc": {
          "start": {
            "line": 81,
            "column": 4
          },
          "end": {
            "line": 81,
            "column": 35
          }
        },
        "type": "binary-expr",
        "locations": [
          {
            "start": {
              "line": 81,
              "column": 4
            },
            "end": {
              "line": 81,
              "column": 19
            }
          },
          {
            "start": {
              "line": 81,
              "column": 23
            },
            "end": {
              "line": 81,
              "column": 35
            }
          }
        ],
        "line": 81
      },
      "6": {
        "loc": {
          "start": {
            "line": 85,
            "column": 0
          },
          "end": {
            "line": 94,
            "column": 1
          }
        },
        "type": "if",
        "locations": [
          {
            "start": {
              "line": 85,
              "column": 0
            },
            "end": {
              "line": 94,
              "column": 1
            }
          },
          {
            "start": {},
            "end": {}
          }
        ],
        "line": 85
      },
      "7": {
        "loc": {
          "start": {
            "line": 85,
            "column": 4
          },
          "end": {
            "line": 85,
            "column": 35
          }
        },
        "type": "binary-expr",
        "locations": [
          {
            "start": {
              "line": 85,
              "column": 4
            },
            "end": {
              "line": 85,
              "column": 19
            }
          },
          {
            "start": {
              "line": 85,
              "column": 23
            },
            "end": {
              "line": 85,
              "column": 35
            }
          }
        ],
        "line": 85
      },
      "8": {
        "loc": {
          "start": {
            "line": 89,
            "column": 6
          },
          "end": {
            "line": 89,
            "column": 31
          }
        },
        "type": "if",
        "locations": [
          {
            "start": {
              "line": 89,
              "column": 6
            },
            "end": {
              "line": 89,
              "column": 31
            }
          },
          {
            "start": {},
            "end": {}
          }
        ],
        "line": 89
      },
      "9": {
        "loc": {
          "start": {
            "line": 91,
            "column": 6
          },
          "end": {
            "line": 91,
            "column": 75
          }
        },
        "type": "if",
        "locations": [
          {
            "start": {
              "line": 91,
              "column": 6
            },
            "end": {
              "line": 91,
              "column": 75
            }
          },
          {
            "start": {},
            "end": {}
          }
        ],
        "line": 91
      }
    },
    "s": {
      "0": 30,
      "1": 30,
      "2": 30,
      "3": 0,
      "4": 30,
      "5": 30,
      "6": 30,
      "7": 30,
      "8": 30,
      "9": 30,
      "10": 30,
      "11": 34,
      "12": 34,
      "13": 34,
      "14": 102,
      "15": 30,
      "16": 17,
      "17": 30,
      "18": 30,
      "19": 30,
      "20": 30,
      "21": 30,
      "22": 30,
      "23": 30,
      "24": 30,
      "25": 30,
      "26": 0,
      "27": 0,
      "28": 0,
      "29": 0,
      "30": 0
    },
    "f": {
      "0": 30,
      "1": 34,
      "2": 102,
      "3": 17,
      "4": 30,
      "5": 0
    },
    "b": {
      "0": [
        30,
        0
      ],
      "1": [
        30,
        0
      ],
      "2": [
        30,
        30
      ],
      "3": [
        0,
        30
      ],
      "4": [
        30,
        0
      ],
      "5": [
        30,
        30
      ],
      "6": [
        30,
        0
      ],
      "7": [
        30,
        30
      ],
      "8": [
        0,
        0
      ],
      "9": [
        0,
        0
      ]
    },
    "inputSourceMap": {
      "version": 3,
      "mappings": "AAQgB;2BARhB;AAAkB,MAAM,cAAe;AAAA;AAAA;AAAA;AAAA;AAAA;AAAA;AAAA;AAAA;AAAA;AAAA;AAAA;AAAA;AAAA;AAAA;AAAA;AACvC,SAASA,sBAAsB;AAE/B,MAAMC,iBAAiBA,CAAC,EAAEC,OAAOC,aAAaC,SAAS,MAAM;AAAAC,KAAA;AACzD,QAAM,EAAEC,EAAE,IAAIN,eAAe;AAC7B,SACI,uBAAC,SAAI,WAAU,eACX;AAAA,2BAAC,SAAI,WAAU,YACX;AAAA,6BAAC,QAAG,OAAO,EAAEO,YAAY,OAAO,GAAID,YAAEJ,KAAK,KAA3C;AAAA;AAAA;AAAA;AAAA,aAA6C;AAAA,MAC7C,uBAAC,OAAE,WAAU,QAAO,OAAO,EAAEM,cAAc,OAAO,GAAIF,YAAEH,WAAW,KAAnE;AAAA;AAAA;AAAA;AAAA,aAAqE;AAAA,MACrE,uBAAC,UAAD;AAAA;AAAA;AAAA;AAAA,aAAG;AAAA,SAHP;AAAA;AAAA;AAAA;AAAA,WAIA;AAAA,IACA,uBAAC,SAAI,WAAU,YACVC,mBAASK;AAAAA,MAAI,CAACC,YACX;AAAA,QAAC;AAAA;AAAA,UAEG,QAAQA,QAAQC;AAAAA,UAChB,OAAOL,EAAEI,QAAQR,KAAK;AAAA,UACtB,aAAaI,EAAEI,QAAQP,WAAW;AAAA,UAClC,MAAMO,QAAQE;AAAAA;AAAAA,QAJTF,QAAQR;AAAAA,QADjB;AAAA;AAAA;AAAA;AAAA;AAAA;AAAA;AAAA,MAKuB;AAAA,IAE1B,KATL;AAAA;AAAA;AAAA;AAAA,WAUA;AAAA,OAhBJ;AAAA;AAAA;AAAA;AAAA,SAiBA;AAER;AAAEG,GAtBIJ,gBAAc;AAAA,UACFD,cAAc;AAAA;AAAAa,KAD1BZ;AAwBN,eAAeA;AAAe,IAAAY;AAAAC,aAAAD,IAAA",
      "names": [
        "useTranslation",
        "ServiceSection",
        "title",
        "description",
        "services",
        "_s",
        "t",
        "fontWeight",
        "marginBottom",
        "map",
        "service",
        "imgSrc",
        "link",
        "_c",
        "$RefreshReg$"
      ],
      "ignoreList": [],
      "sources": [
        "/home/stephany.milhomem/Documents/projetos/my-marketplace/src/components/ServiceSection.jsx"
      ],
      "file": "/home/stephany.milhomem/Documents/projetos/my-marketplace/src/components/ServiceSection.jsx"
    },
    "_coverageSchema": "1a1c01bbd47fc00a2c39e90264f33305004495a9",
    "hash": "868c9e7782b703c3129c14d03593afd9f22b38ae"
  },
  "/home/stephany.milhomem/Documents/projetos/my-marketplace/src/App.jsx": {
    "path": "/home/stephany.milhomem/Documents/projetos/my-marketplace/src/App.jsx",
    "statementMap": {
      "0": {
        "start": {
          "line": 3,
          "column": 20
        },
        "end": {
          "line": 3,
          "column": 97
        }
      },
      "1": {
        "start": {
          "line": 6,
          "column": 0
        },
        "end": {
          "line": 16,
          "column": 1
        }
      },
      "2": {
        "start": {
          "line": 7,
          "column": 2
        },
        "end": {
          "line": 9,
          "column": 3
        }
      },
      "3": {
        "start": {
          "line": 8,
          "column": 4
        },
        "end": {
          "line": 8,
          "column": 165
        }
      },
      "4": {
        "start": {
          "line": 10,
          "column": 2
        },
        "end": {
          "line": 10,
          "column": 39
        }
      },
      "5": {
        "start": {
          "line": 11,
          "column": 2
        },
        "end": {
          "line": 11,
          "column": 39
        }
      },
      "6": {
        "start": {
          "line": 12,
          "column": 2
        },
        "end": {
          "line": 14,
          "column": 4
        }
      },
      "7": {
        "start": {
          "line": 13,
          "column": 4
        },
        "end": {
          "line": 13,
          "column": 113
        }
      },
      "8": {
        "start": {
          "line": 15,
          "column": 2
        },
        "end": {
          "line": 15,
          "column": 75
        }
      },
      "9": {
        "start": {
          "line": 17,
          "column": 9
        },
        "end": {
          "line": 17,
          "column": 23
        }
      },
      "10": {
        "start": {
          "line": 22,
          "column": 12
        },
        "end": {
          "line": 138,
          "column": 1
        }
      },
      "11": {
        "start": {
          "line": 23,
          "column": 2
        },
        "end": {
          "line": 23,
          "column": 7
        }
      },
      "12": {
        "start": {
          "line": 24,
          "column": 16
        },
        "end": {
          "line": 24,
          "column": 32
        }
      },
      "13": {
        "start": {
          "line": 25,
          "column": 22
        },
        "end": {
          "line": 44,
          "column": 3
        }
      },
      "14": {
        "start": {
          "line": 45,
          "column": 27
        },
        "end": {
          "line": 64,
          "column": 3
        }
      },
      "15": {
        "start": {
          "line": 65,
          "column": 2
        },
        "end": {
          "line": 137,
          "column": 11
        }
      },
      "16": {
        "start": {
          "line": 139,
          "column": 0
        },
        "end": {
          "line": 141,
          "column": 3
        }
      },
      "17": {
        "start": {
          "line": 140,
          "column": 2
        },
        "end": {
          "line": 140,
          "column": 26
        }
      },
      "18": {
        "start": {
          "line": 142,
          "column": 0
        },
        "end": {
          "line": 142,
          "column": 9
        }
      },
      "19": {
        "start": {
          "line": 145,
          "column": 0
        },
        "end": {
          "line": 145,
          "column": 24
        }
      },
      "20": {
        "start": {
          "line": 146,
          "column": 0
        },
        "end": {
          "line": 149,
          "column": 1
        }
      },
      "21": {
        "start": {
          "line": 147,
          "column": 2
        },
        "end": {
          "line": 147,
          "column": 39
        }
      },
      "22": {
        "start": {
          "line": 148,
          "column": 2
        },
        "end": {
          "line": 148,
          "column": 39
        }
      },
      "23": {
        "start": {
          "line": 150,
          "column": 0
        },
        "end": {
          "line": 159,
          "column": 1
        }
      },
      "24": {
        "start": {
          "line": 151,
          "column": 2
        },
        "end": {
          "line": 158,
          "column": 5
        }
      },
      "25": {
        "start": {
          "line": 152,
          "column": 4
        },
        "end": {
          "line": 152,
          "column": 139
        }
      },
      "26": {
        "start": {
          "line": 153,
          "column": 4
        },
        "end": {
          "line": 157,
          "column": 7
        }
      },
      "27": {
        "start": {
          "line": 154,
          "column": 6
        },
        "end": {
          "line": 154,
          "column": 31
        }
      },
      "28": {
        "start": {
          "line": 154,
          "column": 24
        },
        "end": {
          "line": 154,
          "column": 31
        }
      },
      "29": {
        "start": {
          "line": 155,
          "column": 32
        },
        "end": {
          "line": 155,
          "column": 115
        }
      },
      "30": {
        "start": {
          "line": 156,
          "column": 6
        },
        "end": {
          "line": 156,
          "column": 75
        }
      },
      "31": {
        "start": {
          "line": 156,
          "column": 29
        },
        "end": {
          "line": 156,
          "column": 75
        }
      }
    },
    "fnMap": {
      "0": {
        "name": "(anonymous_0)",
        "decl": {
          "start": {
            "line": 12,
            "column": 24
          },
          "end": {
            "line": 12,
            "column": 25
          }
        },
        "loc": {
          "start": {
            "line": 12,
            "column": 38
          },
          "end": {
            "line": 14,
            "column": 3
          }
        },
        "line": 12
      },
      "1": {
        "name": "(anonymous_1)",
        "decl": {
          "start": {
            "line": 22,
            "column": 12
          },
          "end": {
            "line": 22,
            "column": 13
          }
        },
        "loc": {
          "start": {
            "line": 22,
            "column": 18
          },
          "end": {
            "line": 138,
            "column": 1
          }
        },
        "line": 22
      },
      "2": {
        "name": "(anonymous_2)",
        "decl": {
          "start": {
            "line": 139,
            "column": 47
          },
          "end": {
            "line": 139,
            "column": 48
          }
        },
        "loc": {
          "start": {
            "line": 139,
            "column": 58
          },
          "end": {
            "line": 141,
            "column": 1
          }
        },
        "line": 139
      },
      "3": {
        "name": "(anonymous_3)",
        "decl": {
          "start": {
            "line": 151,
            "column": 52
          },
          "end": {
            "line": 151,
            "column": 53
          }
        },
        "loc": {
          "start": {
            "line": 151,
            "column": 72
          },
          "end": {
            "line": 158,
            "column": 3
          }
        },
        "line": 151
      },
      "4": {
        "name": "(anonymous_4)",
        "decl": {
          "start": {
            "line": 153,
            "column": 27
          },
          "end": {
            "line": 153,
            "column": 28
          }
        },
        "loc": {
          "start": {
            "line": 153,
            "column": 44
          },
          "end": {
            "line": 157,
            "column": 5
          }
        },
        "line": 153
      }
    },
    "branchMap": {
      "0": {
        "loc": {
          "start": {
            "line": 3,
            "column": 20
          },
          "end": {
            "line": 3,
            "column": 97
          }
        },
        "type": "binary-expr",
        "locations": [
          {
            "start": {
              "line": 3,
              "column": 20
            },
            "end": {
              "line": 3,
              "column": 60
            }
          },
          {
            "start": {
              "line": 3,
              "column": 64
            },
            "end": {
              "line": 3,
              "column": 97
            }
          }
        ],
        "line": 3
      },
      "1": {
        "loc": {
          "start": {
            "line": 6,
            "column": 0
          },
          "end": {
            "line": 16,
            "column": 1
          }
        },
        "type": "if",
        "locations": [
          {
            "start": {
              "line": 6,
              "column": 0
            },
            "end": {
              "line": 16,
              "column": 1
            }
          },
          {
            "start": {},
            "end": {}
          }
        ],
        "line": 6
      },
      "2": {
        "loc": {
          "start": {
            "line": 6,
            "column": 4
          },
          "end": {
            "line": 6,
            "column": 35
          }
        },
        "type": "binary-expr",
        "locations": [
          {
            "start": {
              "line": 6,
              "column": 4
            },
            "end": {
              "line": 6,
              "column": 19
            }
          },
          {
            "start": {
              "line": 6,
              "column": 23
            },
            "end": {
              "line": 6,
              "column": 35
            }
          }
        ],
        "line": 6
      },
      "3": {
        "loc": {
          "start": {
            "line": 7,
            "column": 2
          },
          "end": {
            "line": 9,
            "column": 3
          }
        },
        "type": "if",
        "locations": [
          {
            "start": {
              "line": 7,
              "column": 2
            },
            "end": {
              "line": 9,
              "column": 3
            }
          },
          {
            "start": {},
            "end": {}
          }
        ],
        "line": 7
      },
      "4": {
        "loc": {
          "start": {
            "line": 146,
            "column": 0
          },
          "end": {
            "line": 149,
            "column": 1
          }
        },
        "type": "if",
        "locations": [
          {
            "start": {
              "line": 146,
              "column": 0
            },
            "end": {
              "line": 149,
              "column": 1
            }
          },
          {
            "start": {},
            "end": {}
          }
        ],
        "line": 146
      },
      "5": {
        "loc": {
          "start": {
            "line": 146,
            "column": 4
          },
          "end": {
            "line": 146,
            "column": 35
          }
        },
        "type": "binary-expr",
        "locations": [
          {
            "start": {
              "line": 146,
              "column": 4
            },
            "end": {
              "line": 146,
              "column": 19
            }
          },
          {
            "start": {
              "line": 146,
              "column": 23
            },
            "end": {
              "line": 146,
              "column": 35
            }
          }
        ],
        "line": 146
      },
      "6": {
        "loc": {
          "start": {
            "line": 150,
            "column": 0
          },
          "end": {
            "line": 159,
            "column": 1
          }
        },
        "type": "if",
        "locations": [
          {
            "start": {
              "line": 150,
              "column": 0
            },
            "end": {
              "line": 159,
              "column": 1
            }
          },
          {
            "start": {},
            "end": {}
          }
        ],
        "line": 150
      },
      "7": {
        "loc": {
          "start": {
            "line": 150,
            "column": 4
          },
          "end": {
            "line": 150,
            "column": 35
          }
        },
        "type": "binary-expr",
        "locations": [
          {
            "start": {
              "line": 150,
              "column": 4
            },
            "end": {
              "line": 150,
              "column": 19
            }
          },
          {
            "start": {
              "line": 150,
              "column": 23
            },
            "end": {
              "line": 150,
              "column": 35
            }
          }
        ],
        "line": 150
      },
      "8": {
        "loc": {
          "start": {
            "line": 154,
            "column": 6
          },
          "end": {
            "line": 154,
            "column": 31
          }
        },
        "type": "if",
        "locations": [
          {
            "start": {
              "line": 154,
              "column": 6
            },
            "end": {
              "line": 154,
              "column": 31
            }
          },
          {
            "start": {},
            "end": {}
          }
        ],
        "line": 154
      },
      "9": {
        "loc": {
          "start": {
            "line": 156,
            "column": 6
          },
          "end": {
            "line": 156,
            "column": 75
          }
        },
        "type": "if",
        "locations": [
          {
            "start": {
              "line": 156,
              "column": 6
            },
            "end": {
              "line": 156,
              "column": 75
            }
          },
          {
            "start": {},
            "end": {}
          }
        ],
        "line": 156
      }
    },
    "s": {
      "0": 30,
      "1": 30,
      "2": 30,
      "3": 0,
      "4": 30,
      "5": 30,
      "6": 30,
      "7": 30,
      "8": 30,
      "9": 30,
      "10": 30,
      "11": 17,
      "12": 17,
      "13": 17,
      "14": 17,
      "15": 17,
      "16": 30,
      "17": 17,
      "18": 30,
      "19": 30,
      "20": 30,
      "21": 30,
      "22": 30,
      "23": 30,
      "24": 30,
      "25": 24,
      "26": 24,
      "27": 0,
      "28": 0,
      "29": 0,
      "30": 0,
      "31": 0
    },
    "f": {
      "0": 30,
      "1": 17,
      "2": 17,
      "3": 24,
      "4": 0
    },
    "b": {
      "0": [
        30,
        0
      ],
      "1": [
        30,
        0
      ],
      "2": [
        30,
        30
      ],
      "3": [
        0,
        30
      ],
      "4": [
        30,
        0
      ],
      "5": [
        30,
        30
      ],
      "6": [
        30,
        0
      ],
      "7": [
        30,
        30
      ],
      "8": [
        0,
        0
      ],
      "9": [
        0,
        0
      ]
    },
    "inputSourceMap": {
      "version": 3,
      "mappings": "AAoDM;2BApDN;AAAoB;AAAA;AAAA;AAAA;AAAA;AAAA;AAAA;AAAA;AAAA;AAAA;AAAA;AAAA;AAAA;AAAA;AAAA;AAAA;AACpB,OAAOA,YAAY;AACnB,OAAOC,oBAAoB;AAC3B,SAASC,sBAAsB;AAE/B,MAAMC,MAAMA,MAAM;AAAAC,KAAA;AAChB,QAAM,EAAEC,EAAE,IAAIH,eAAe;AAC7B,QAAMI,cAAc;AAAA,IAClB;AAAA,MACEC,QAAQ;AAAA,MACRC,OAAO;AAAA,MACPC,aACE;AAAA,MACFC,MAAM;AAAA,IACR;AAAA,IACA;AAAA,MACEH,QAAQ;AAAA,MACRC,OAAO;AAAA,MACPC,aAAa;AAAA,MACbC,MAAM;AAAA,IACR;AAAA,IACA;AAAA,MACEH,QAAQ;AAAA,MACRC,OAAO;AAAA,MACPC,aAAa;AAAA,MACbC,MAAM;AAAA,IACR;AAAA,EAAC;AAGH,QAAMC,mBAAmB;AAAA,IACvB;AAAA,MACEJ,QAAQ;AAAA,MACRC,OAAO;AAAA,MACPC,aAAa;AAAA,MACbC,MAAM;AAAA,IACR;AAAA,IACA;AAAA,MACEH,QAAQ;AAAA,MACRC,OAAO;AAAA,MACPC,aAAa;AAAA,MACbC,MAAM;AAAA,IACR;AAAA,IACA;AAAA,MACEH,QAAQ;AAAA,MACRC,OAAO;AAAA,MACPC,aAAa;AAAA,MACbC,MAAM;AAAA,IACR;AAAA,EAAC;AAGH,SACE,uBAAC,SAAI,OAAO,EAAEE,iBAAiB,WAAWC,OAAO,OAAO,GACtD;AAAA,2BAAC,YAAD;AAAA;AAAA;AAAA;AAAA,WAAO;AAAA,IACP,uBAAC,UAAK,OAAO,EAAEC,SAAS,SAAS,GAC/B,iCAAC,SAAI,WAAU,mBACb,iCAAC,SAAI,WAAU,OACb;AAAA,6BAAC,SAAI,WAAU,UACb;AAAA,+BAAC,QAAG,OAAO,EAAEC,YAAY,QAAQC,cAAc,OAAO,GACnDX,YAAE,kBAAkB,KADvB;AAAA;AAAA;AAAA;AAAA,eAEA;AAAA,QACA,uBAAC,OAAE,OAAO,EAAEW,cAAc,OAAO,GAC9BX,YAAE,iFAAiF,KADtF;AAAA;AAAA;AAAA;AAAA,eAEA;AAAA,WANF;AAAA;AAAA;AAAA;AAAA,aAOA;AAAA,MACA;AAAA,QAAC;AAAA;AAAA,UACC,OAAOA,EAAE,KAAK;AAAA,UACd,aAAaA,EAAE,kBAAkB;AAAA,UACjC,UAAUC;AAAAA;AAAAA,QAHZ;AAAA;AAAA;AAAA;AAAA;AAAA;AAAA;AAAA;AAAA,MAGwB;AAAA,MAExB;AAAA,QAAC;AAAA;AAAA,UACC,OAAOD,EAAE,UAAU;AAAA,UACnB,aAAaA,EAAE,oBAAoB;AAAA,UACnC,UAAUM;AAAAA;AAAAA,QAHZ;AAAA;AAAA;AAAA;AAAA;AAAA;AAAA;AAAA;AAAA,MAG6B;AAAA,SAjB/B;AAAA;AAAA;AAAA;AAAA,WAmBA,KApBF;AAAA;AAAA;AAAA;AAAA,WAqBA,KAtBF;AAAA;AAAA;AAAA;AAAA,WAuBA;AAAA,OAzBF;AAAA;AAAA;AAAA;AAAA,SA0BA;AAEJ;AAAEP,GA1EID,KAAG;AAAA,UACOD,cAAc;AAAA;AAAAe,KADxBd;AA4EN,eAAeA;AAAI,IAAAc;AAAAC,aAAAD,IAAA",
      "names": [
        "Navbar",
        "ServiceSection",
        "useTranslation",
        "App",
        "_s",
        "t",
        "webServices",
        "imgSrc",
        "title",
        "description",
        "link",
        "databaseServices",
        "backgroundColor",
        "color",
        "padding",
        "fontWeight",
        "marginBottom",
        "_c",
        "$RefreshReg$"
      ],
      "ignoreList": [],
      "sources": [
        "/home/stephany.milhomem/Documents/projetos/my-marketplace/src/App.jsx"
      ],
      "file": "/home/stephany.milhomem/Documents/projetos/my-marketplace/src/App.jsx"
    },
    "_coverageSchema": "1a1c01bbd47fc00a2c39e90264f33305004495a9",
    "hash": "11dc91864a8ea4febfa38389252bf7e81d89c3db"
  },
  "/home/stephany.milhomem/Documents/projetos/my-marketplace/src/components/MyServices.jsx": {
    "path": "/home/stephany.milhomem/Documents/projetos/my-marketplace/src/components/MyServices.jsx",
    "statementMap": {
      "0": {
        "start": {
          "line": 3,
          "column": 20
        },
        "end": {
          "line": 3,
          "column": 97
        }
      },
      "1": {
        "start": {
          "line": 6,
          "column": 0
        },
        "end": {
          "line": 16,
          "column": 1
        }
      },
      "2": {
        "start": {
          "line": 7,
          "column": 2
        },
        "end": {
          "line": 9,
          "column": 3
        }
      },
      "3": {
        "start": {
          "line": 8,
          "column": 4
        },
        "end": {
          "line": 8,
          "column": 165
        }
      },
      "4": {
        "start": {
          "line": 10,
          "column": 2
        },
        "end": {
          "line": 10,
          "column": 39
        }
      },
      "5": {
        "start": {
          "line": 11,
          "column": 2
        },
        "end": {
          "line": 11,
          "column": 39
        }
      },
      "6": {
        "start": {
          "line": 12,
          "column": 2
        },
        "end": {
          "line": 14,
          "column": 4
        }
      },
      "7": {
        "start": {
          "line": 13,
          "column": 4
        },
        "end": {
          "line": 13,
          "column": 131
        }
      },
      "8": {
        "start": {
          "line": 15,
          "column": 2
        },
        "end": {
          "line": 15,
          "column": 75
        }
      },
      "9": {
        "start": {
          "line": 17,
          "column": 9
        },
        "end": {
          "line": 17,
          "column": 23
        }
      },
      "10": {
        "start": {
          "line": 22,
          "column": 19
        },
        "end": {
          "line": 139,
          "column": 1
        }
      },
      "11": {
        "start": {
          "line": 23,
          "column": 2
        },
        "end": {
          "line": 23,
          "column": 7
        }
      },
      "12": {
        "start": {
          "line": 24,
          "column": 16
        },
        "end": {
          "line": 24,
          "column": 32
        }
      },
      "13": {
        "start": {
          "line": 25,
          "column": 34
        },
        "end": {
          "line": 25,
          "column": 46
        }
      },
      "14": {
        "start": {
          "line": 26,
          "column": 2
        },
        "end": {
          "line": 29,
          "column": 9
        }
      },
      "15": {
        "start": {
          "line": 27,
          "column": 27
        },
        "end": {
          "line": 27,
          "column": 77
        }
      },
      "16": {
        "start": {
          "line": 28,
          "column": 4
        },
        "end": {
          "line": 28,
          "column": 32
        }
      },
      "17": {
        "start": {
          "line": 30,
          "column": 2
        },
        "end": {
          "line": 138,
          "column": 11
        }
      },
      "18": {
        "start": {
          "line": 85,
          "column": 39
        },
        "end": {
          "line": 114,
          "column": 18
        }
      },
      "19": {
        "start": {
          "line": 140,
          "column": 0
        },
        "end": {
          "line": 142,
          "column": 3
        }
      },
      "20": {
        "start": {
          "line": 141,
          "column": 2
        },
        "end": {
          "line": 141,
          "column": 26
        }
      },
      "21": {
        "start": {
          "line": 143,
          "column": 0
        },
        "end": {
          "line": 143,
          "column": 16
        }
      },
      "22": {
        "start": {
          "line": 146,
          "column": 0
        },
        "end": {
          "line": 146,
          "column": 31
        }
      },
      "23": {
        "start": {
          "line": 147,
          "column": 0
        },
        "end": {
          "line": 150,
          "column": 1
        }
      },
      "24": {
        "start": {
          "line": 148,
          "column": 2
        },
        "end": {
          "line": 148,
          "column": 39
        }
      },
      "25": {
        "start": {
          "line": 149,
          "column": 2
        },
        "end": {
          "line": 149,
          "column": 39
        }
      },
      "26": {
        "start": {
          "line": 151,
          "column": 0
        },
        "end": {
          "line": 160,
          "column": 1
        }
      },
      "27": {
        "start": {
          "line": 152,
          "column": 2
        },
        "end": {
          "line": 159,
          "column": 5
        }
      },
      "28": {
        "start": {
          "line": 153,
          "column": 4
        },
        "end": {
          "line": 153,
          "column": 157
        }
      },
      "29": {
        "start": {
          "line": 154,
          "column": 4
        },
        "end": {
          "line": 158,
          "column": 7
        }
      },
      "30": {
        "start": {
          "line": 155,
          "column": 6
        },
        "end": {
          "line": 155,
          "column": 31
        }
      },
      "31": {
        "start": {
          "line": 155,
          "column": 24
        },
        "end": {
          "line": 155,
          "column": 31
        }
      },
      "32": {
        "start": {
          "line": 156,
          "column": 32
        },
        "end": {
          "line": 156,
          "column": 115
        }
      },
      "33": {
        "start": {
          "line": 157,
          "column": 6
        },
        "end": {
          "line": 157,
          "column": 75
        }
      },
      "34": {
        "start": {
          "line": 157,
          "column": 29
        },
        "end": {
          "line": 157,
          "column": 75
        }
      }
    },
    "fnMap": {
      "0": {
        "name": "(anonymous_0)",
        "decl": {
          "start": {
            "line": 12,
            "column": 24
          },
          "end": {
            "line": 12,
            "column": 25
          }
        },
        "loc": {
          "start": {
            "line": 12,
            "column": 38
          },
          "end": {
            "line": 14,
            "column": 3
          }
        },
        "line": 12
      },
      "1": {
        "name": "(anonymous_1)",
        "decl": {
          "start": {
            "line": 22,
            "column": 19
          },
          "end": {
            "line": 22,
            "column": 20
          }
        },
        "loc": {
          "start": {
            "line": 22,
            "column": 25
          },
          "end": {
            "line": 139,
            "column": 1
          }
        },
        "line": 22
      },
      "2": {
        "name": "(anonymous_2)",
        "decl": {
          "start": {
            "line": 26,
            "column": 12
          },
          "end": {
            "line": 26,
            "column": 13
          }
        },
        "loc": {
          "start": {
            "line": 26,
            "column": 18
          },
          "end": {
            "line": 29,
            "column": 3
          }
        },
        "line": 26
      },
      "3": {
        "name": "(anonymous_3)",
        "decl": {
          "start": {
            "line": 85,
            "column": 10
          },
          "end": {
            "line": 85,
            "column": 11
          }
        },
        "loc": {
          "start": {
            "line": 85,
            "column": 39
          },
          "end": {
            "line": 114,
            "column": 18
          }
        },
        "line": 85
      },
      "4": {
        "name": "(anonymous_4)",
        "decl": {
          "start": {
            "line": 140,
            "column": 54
          },
          "end": {
            "line": 140,
            "column": 55
          }
        },
        "loc": {
          "start": {
            "line": 140,
            "column": 65
          },
          "end": {
            "line": 142,
            "column": 1
          }
        },
        "line": 140
      },
      "5": {
        "name": "(anonymous_5)",
        "decl": {
          "start": {
            "line": 152,
            "column": 52
          },
          "end": {
            "line": 152,
            "column": 53
          }
        },
        "loc": {
          "start": {
            "line": 152,
            "column": 72
          },
          "end": {
            "line": 159,
            "column": 3
          }
        },
        "line": 152
      },
      "6": {
        "name": "(anonymous_6)",
        "decl": {
          "start": {
            "line": 154,
            "column": 27
          },
          "end": {
            "line": 154,
            "column": 28
          }
        },
        "loc": {
          "start": {
            "line": 154,
            "column": 44
          },
          "end": {
            "line": 158,
            "column": 5
          }
        },
        "line": 154
      }
    },
    "branchMap": {
      "0": {
        "loc": {
          "start": {
            "line": 3,
            "column": 20
          },
          "end": {
            "line": 3,
            "column": 97
          }
        },
        "type": "binary-expr",
        "locations": [
          {
            "start": {
              "line": 3,
              "column": 20
            },
            "end": {
              "line": 3,
              "column": 60
            }
          },
          {
            "start": {
              "line": 3,
              "column": 64
            },
            "end": {
              "line": 3,
              "column": 97
            }
          }
        ],
        "line": 3
      },
      "1": {
        "loc": {
          "start": {
            "line": 6,
            "column": 0
          },
          "end": {
            "line": 16,
            "column": 1
          }
        },
        "type": "if",
        "locations": [
          {
            "start": {
              "line": 6,
              "column": 0
            },
            "end": {
              "line": 16,
              "column": 1
            }
          },
          {
            "start": {},
            "end": {}
          }
        ],
        "line": 6
      },
      "2": {
        "loc": {
          "start": {
            "line": 6,
            "column": 4
          },
          "end": {
            "line": 6,
            "column": 35
          }
        },
        "type": "binary-expr",
        "locations": [
          {
            "start": {
              "line": 6,
              "column": 4
            },
            "end": {
              "line": 6,
              "column": 19
            }
          },
          {
            "start": {
              "line": 6,
              "column": 23
            },
            "end": {
              "line": 6,
              "column": 35
            }
          }
        ],
        "line": 6
      },
      "3": {
        "loc": {
          "start": {
            "line": 7,
            "column": 2
          },
          "end": {
            "line": 9,
            "column": 3
          }
        },
        "type": "if",
        "locations": [
          {
            "start": {
[...]
            "end": {
              "line": 9,
              "column": 3
            }
          },
          {
            "start": {},
            "end": {}
          }
        ],
        "line": 7
      },
      "4": {
        "loc": {
          "start": {
            "line": 29,
            "column": 27
          },
          "end": {
            "line": 29,
            "column": 77
          }
        },
        "type": "binary-expr",
        "locations": [
          {
            "start": {
              "line": 29,
              "column": 27
            },
            "end": {
              "line": 29,
              "column": 71
            }
          },
          {
            "start": {
              "line": 29,
              "column": 75
            },
            "end": {
              "line": 29,
              "column": 77
            }
          }
        ],
        "line": 29
      },
      "5": {
        "loc": {
          "start": {
            "line": 31,
            "column": 4
          },
          "end": {
            "line": 33,
            "column": 5
          }
        },
        "type": "if",
        "locations": [
          {
            "start": {
              "line": 31,
              "column": 4
            },
            "end": {
              "line": 33,
              "column": 5
            }
          },
          {
            "start": {},
            "end": {}
          }
        ],
        "line": 31
      },
      "6": {
        "loc": {
          "start": {
            "line": 36,
            "column": 2
          },
          "end": {
            "line": 57,
            "column": 3
          }
        },
        "type": "if",
        "locations": [
          {
            "start": {
              "line": 36,
              "column": 2
            },
            "end": {
              "line": 57,
              "column": 3
            }
          },
          {
            "start": {},
            "end": {}
          }
        ],
        "line": 36
      },
      "7": {
        "loc": {
          "start": {
            "line": 58,
            "column": 2
          },
          "end": {
            "line": 79,
            "column": 3
          }
        },
        "type": "if",
        "locations": [
          {
            "start": {
              "line": 58,
              "column": 2
            },
            "end": {
              "line": 79,
              "column": 3
            }
          },
          {
            "start": {},
            "end": {}
          }
        ],
        "line": 58
      },
      "8": {
        "loc": {
          "start": {
            "line": 304,
            "column": 0
          },
          "end": {
            "line": 307,
            "column": 1
          }
        },
        "type": "if",
        "locations": [
          {
            "start": {
              "line": 304,
              "column": 0
            },
            "end": {
              "line": 307,
              "column": 1
            }
          },
          {
            "start": {},
            "end": {}
          }
        ],
        "line": 304
      },
      "9": {
        "loc": {
          "start": {
            "line": 304,
            "column": 4
          },
          "end": {
            "line": 304,
            "column": 35
          }
        },
        "type": "binary-expr",
        "locations": [
          {
            "start": {
              "line": 304,
              "column": 4
            },
            "end": {
              "line": 304,
              "column": 19
            }
          },
          {
            "start": {
              "line": 304,
              "column": 23
            },
            "end": {
              "line": 304,
              "column": 35
            }
          }
        ],
        "line": 304
      },
      "10": {
        "loc": {
          "start": {
            "line": 308,
            "column": 0
          },
          "end": {
            "line": 317,
            "column": 1
          }
        },
        "type": "if",
        "locations": [
          {
            "start": {
              "line": 308,
              "column": 0
            },
            "end": {
              "line": 317,
              "column": 1
            }
          },
          {
            "start": {},
            "end": {}
          }
        ],
        "line": 308
      },
      "11": {
        "loc": {
          "start": {
            "line": 308,
            "column": 4
          },
          "end": {
            "line": 308,
            "column": 35
          }
        },
        "type": "binary-expr",
        "locations": [
          {
            "start": {
              "line": 308,
              "column": 4
            },
            "end": {
              "line": 308,
              "column": 19
            }
          },
          {
            "start": {
              "line": 308,
              "column": 23
            },
            "end": {
              "line": 308,
              "column": 35
            }
          }
        ],
        "line": 308
      },
      "12": {
        "loc": {
          "start": {
            "line": 312,
            "column": 6
          },
          "end": {
            "line": 312,
            "column": 31
          }
        },
        "type": "if",
        "locations": [
          {
            "start": {
              "line": 312,
              "column": 6
            },
            "end": {
              "line": 312,
              "column": 31
            }
          },
          {
            "start": {},
            "end": {}
          }
        ],
        "line": 312
      },
      "13": {
        "loc": {
          "start": {
            "line": 314,
            "column": 6
          },
          "end": {
            "line": 314,
            "column": 75
          }
        },
        "type": "if",
        "locations": [
          {
            "start": {
              "line": 314,
              "column": 6
            },
            "end": {
              "line": 314,
              "column": 75
            }
          },
          {
            "start": {},
            "end": {}
          }
        ],
        "line": 314
      }
    },
    "s": {
      "0": 30,
      "1": 30,
      "2": 30,
      "3": 0,
      "4": 30,
      "5": 30,
      "6": 30,
      "7": 30,
      "8": 30,
      "9": 30,
      "10": 30,
      "11": 8,
      "12": 8,
      "13": 8,
      "14": 8,
      "15": 8,
      "16": 8,
      "17": 4,
      "18": 4,
      "19": 4,
      "20": 4,
      "21": 4,
      "22": 4,
      "23": 8,
      "24": 4,
      "25": 4,
      "26": 0,
      "27": 4,
      "28": 30,
      "29": 4,
      "30": 30,
      "31": 30,
      "32": 30,
      "33": 30,
      "34": 30,
      "35": 30,
      "36": 30,
      "37": 30,
      "38": 30,
      "39": 0,
      "40": 0,
      "41": 0,
      "42": 0,
      "43": 0
    },
    "f": {
      "0": 30,
      "1": 8,
      "2": 4,
      "3": 4,
      "4": 4,
      "5": 30,
      "6": 0
    },
    "b": {
      "0": [
        30,
        0
      ],
      "1": [
        30,
        0
      ],
      "2": [
        30,
        30
      ],
      "3": [
        0,
        30
      ],
      "4": [
        4,
        0
      ],
      "5": [
        4,
        0
      ],
      "6": [
        4,
        4
      ],
      "7": [
        0,
        4
      ],
      "8": [
        30,
        0
      ],
      "9": [
        30,
        30
      ],
      "10": [
        30,
        0
      ],
      "11": [
        30,
        30
      ],
      "12": [
        0,
        0
      ],
      "13": [
        0,
        0
      ]
    },
    "inputSourceMap": {
      "version": 3,
      "mappings": "AAyBY;2BAzBZ;AAAoBA,oBAAgB,OAAO;AAAA;AAAA;AAAA;AAAA;AAAA;AAAA;AAAA;AAAA;AAAA;AAAA;AAAA;AAAA;AAAA;AAAA;AAAA;AAC3C,SAAQC,iBAAgB;AACxB,OAAOC,YAAY;AACnB,SAASC,sBAAsB;AAE/B,MAAMC,iBAAiBA,MAAM;AAAAC,KAAA;AACzB,QAAM,EAAEC,EAAE,IAAIH,eAAe;AAC7B,QAAM,EAACI,KAAI,IAAIN,UAAU;AACzB,QAAM,CAACO,SAASC,UAAU,IAAIT,SAAS,IAAI;AAC3C,QAAM,CAACU,SAASC,UAAU,IAAIX,SAAS,IAAI;AAE3CY,YAAU,MAAM;AACZ,UAAMC,iBAAiBC,KAAKC,MAAMC,aAAaC,QAAQ,UAAU,CAAC,KAAK;AACvE,UAAMC,iBAAiBL,eAAeM,KAAK,CAACC,MAAMA,EAAEb,SAASA,IAAI;AAEjE,QAAIW,gBAAgB;AACpBT,iBAAWS,cAAc;AAAA,IACzB;AAEAP,eAAW,KAAK;AAAA,EACpB,GAAG,CAACJ,IAAI,CAAC;AAET,MAAIG,SAAS;AACT,WACA,uBAAC,UACG;AAAA,6BAAC,YAAD;AAAA;AAAA;AAAA;AAAA,aAAO;AAAA,MACP,uBAAC,SAAI,WAAU,wBACf,iCAAC,SAAI,WAAU,oBAAoBJ,YAAE,YAAY,KAAjD;AAAA;AAAA;AAAA;AAAA,aAAmD,KADnD;AAAA;AAAA;AAAA;AAAA,aAEA;AAAA,SAJJ;AAAA;AAAA;AAAA;AAAA,WAKA;AAAA,EAEJ;AAEA,MAAI,CAACE,SAAS;AACV,WACA,uBAAC,UACG;AAAA,6BAAC,YAAD;AAAA;AAAA;AAAA;AAAA,aAAO;AAAA,MACP,uBAAC,SAAI,WAAU,wBACf,iCAAC,SAAI,WAAU,sBAAsBF,YAAE,mBAAmB,KAA1D;AAAA;AAAA;AAAA;AAAA,aAA4D,KAD5D;AAAA;AAAA;AAAA;AAAA,aAEA;AAAA,SAJJ;AAAA;AAAA;AAAA;AAAA,WAKA;AAAA,EAEJ;AAEA,SACI,uBAAC,UACG;AAAA,2BAAC,YAAD;AAAA;AAAA;AAAA;AAAA,WAAO;AAAA,IACP,uBAAC,SAAI,WAAU,wBACX;AAAA,6BAAC,SAAI,WAAU,OACX;AAAA,+BAAC,QAAIA;AAAAA,YAAE,gBAAgB;AAAA,UAAE;AAAA,UAAEE,QAAQA;AAAAA,aAAnC;AAAA;AAAA;AAAA;AAAA,eAA2C;AAAA,QAC3C,uBAAC,OAAE,WAAU,QAAQF,YAAE,YAAY,IAAIE,QAAQD,QAA/C;AAAA;AAAA;AAAA;AAAA,eAAoD;AAAA,QACpD,uBAAC,UAAD;AAAA;AAAA;AAAA;AAAA,eAAG;AAAA,WAHP;AAAA;AAAA;AAAA;AAAA,aAIA;AAAA,MACA,uBAAC,SAAI,WAAU,yBACX;AAAA,+BAAC,SAAI,WAAU,YACX;AAAA,iCAAC,QAAG,sBAAJ;AAAA;AAAA;AAAA;AAAA,iBAAU;AAAA,UACV,uBAAC,SAAI,WAAU,oBACVD,YAAE,kCAAkC,KADzC;AAAA;AAAA;AAAA;AAAA,iBAEA;AAAA,UACA,uBAAC,SAAI,WAAU,oBACX,iCAAC,WAAM,WAAU,kBACb;AAAA,mCAAC,WACG,iCAAC,QACG;AAAA,qCAAC,QAAIA,YAAE,kBAAkB,KAAzB;AAAA;AAAA;AAAA;AAAA,qBAA2B;AAAA,cAC3B,uBAAC,QAAIA,YAAE,SAAS,KAAhB;AAAA;AAAA;AAAA;AAAA,qBAAkB;AAAA,cAClB,uBAAC,QAAIA,YAAE,SAAS,KAAhB;AAAA;AAAA;AAAA;AAAA,qBAAkB;AAAA,iBAHtB;AAAA;AAAA;AAAA;AAAA,mBAIA,KALJ;AAAA;AAAA;AAAA;AAAA,mBAMA;AAAA,YACA,uBAAC,WACG,iCAAC,QACG;AAAA,qCAAC,QAAIA,YAAE,YAAY,KAAnB;AAAA;AAAA;AAAA;AAAA,qBAAqB;AAAA,cACrB,uBAAC,QAAG,iBAAJ;AAAA;AAAA;AAAA;AAAA,qBAAK;AAAA,cACL,uBAAC,QAAG,iBAAJ;AAAA;AAAA;AAAA;AAAA,qBAAK;AAAA,iBAHT;AAAA;AAAA;AAAA;AAAA,mBAIA,KALJ;AAAA;AAAA;AAAA;AAAA,mBAMA;AAAA,eAdJ;AAAA;AAAA;AAAA;AAAA,iBAeA,KAhBJ;AAAA;AAAA;AAAA;AAAA,iBAiBA;AAAA,UACA,uBAAC,QAAIA,YAAE,gBAAgB,KAAvB;AAAA;AAAA;AAAA;AAAA,iBAAyB;AAAA,UACzB,uBAAC,SAAI,WAAU,uBACVA,YAAE,+BAA+B,KADtC;AAAA;AAAA;AAAA;AAAA,iBAEA;AAAA,aA1BJ;AAAA;AAAA;AAAA;AAAA,eA2BA;AAAA,QACA,uBAAC,SAAI,WAAU,YACX;AAAA,iCAAC,QAAIA,YAAE,SAAS,KAAhB;AAAA;AAAA;AAAA;AAAA,iBAAkB;AAAA,UAClB,uBAAC,QAAG,WAAU,OACV;AAAA,mCAAC,QAAG,WAAU,YAAYA;AAAAA,gBAAE,SAAS;AAAA,cAAE;AAAA,iBAAvC;AAAA;AAAA;AAAA;AAAA,mBAAwC;AAAA,YACxC,uBAAC,QAAG,WAAU,YAAYE,kBAAQA,WAAlC;AAAA;AAAA;AAAA;AAAA,mBAA0C;AAAA,YAE1C,uBAAC,QAAG,WAAU,YAAYF;AAAAA,gBAAE,MAAM;AAAA,cAAE;AAAA,iBAApC;AAAA;AAAA;AAAA;AAAA,mBAAqC;AAAA,YACrC,uBAAC,QAAG,WAAU,YACV,iCAAC,OAAE,MAAME,QAAQa,KAAMb,kBAAQa,OAA/B;AAAA;AAAA;AAAA;AAAA,mBAAmC,KADvC;AAAA;AAAA;AAAA;AAAA,mBAEA;AAAA,YAEA,uBAAC,QAAG,WAAU,YAAYf,YAAE,UAAU,KAAtC;AAAA;AAAA;AAAA;AAAA,mBAAwC;AAAA,YACxC,uBAAC,QAAG,WAAU,YAAW,sBAAzB;AAAA;AAAA;AAAA;AAAA,mBAA+B;AAAA,YAE/B,uBAAC,QAAG,WAAU,YAAYA,YAAE,UAAU,KAAtC;AAAA;AAAA;AAAA;AAAA,mBAAwC;AAAA,YACxC,uBAAC,QAAG,WAAU,YAAW,mBAAzB;AAAA;AAAA;AAAA;AAAA,mBAA4B;AAAA,eAbhC;AAAA;AAAA;AAAA;AAAA,iBAcA;AAAA,aAhBJ;AAAA;AAAA;AAAA;AAAA,eAiBA;AAAA,QACA,uBAAC,UAAD;AAAA;AAAA;AAAA;AAAA,eAAG;AAAA,QACH,uBAAC,QAAIA,YAAE,cAAc,KAArB;AAAA;AAAA;AAAA;AAAA,eAAuB;AAAA,QACvB,uBAAC,SAAI,WAAU,WAAf;AAAA;AAAA;AAAA;AAAA,eAAuB;AAAA,WAjD3B;AAAA;AAAA;AAAA;AAAA,aAkDA;AAAA,SAxDJ;AAAA;AAAA;AAAA;AAAA,WAyDA;AAAA,OA3DJ;AAAA;AAAA;AAAA;AAAA,SA4DA;AAER;AAAED,GAtGID,gBAAc;AAAA,UACFD,gBACCF,SAAS;AAAA;AAAAqB,KAFtBlB;AAwGN,eAAeA;AAAe,IAAAkB;AAAAC,aAAAD,IAAA",
      "names": [
        "useState",
        "useParams",
        "Navbar",
        "useTranslation",
        "ServiceDetails",
        "_s",
        "t",
        "uuid",
        "service",
        "setService",
        "loading",
        "setLoading",
        "useEffect",
        "storedServices",
        "JSON",
        "parse",
        "localStorage",
        "getItem",
        "serviceDetails",
        "find",
        "s",
        "url",
        "_c",
        "$RefreshReg$"
      ],
      "ignoreList": [],
      "sources": [
        "/home/stephany.milhomem/Documents/projetos/my-marketplace/src/components/ServiceDetails.jsx"
      ],
      "file": "/home/stephany.milhomem/Documents/projetos/my-marketplace/src/components/ServiceDetails.jsx"
    },
    "_coverageSchema": "1a1c01bbd47fc00a2c39e90264f33305004495a9",
    "hash": "43c2e817812f0a2587e2184985e9c8fe7a002904"
  },
  "/home/stephany.milhomem/Documents/projetos/my-marketplace/src/i18.js": {
    "path": "/home/stephany.milhomem/Documents/projetos/my-marketplace/src/i18.js",
    "statementMap": {
      "0": {
        "start": {
          "line": 6,
          "column": 0
        },
        "end": {
          "line": 23,
          "column": 5
        }
      }
    },
    "fnMap": {},
    "branchMap": {},
    "s": {
      "0": 30
    },
    "f": {},
    "b": {},
    "inputSourceMap": {
      "version": 3,
      "sources": [
        "/home/stephany.milhomem/Documents/projetos/my-marketplace/src/i18.js"
      ],
      "names": [],
      "mappings": "AAAA,MAAM,CAAC,OAAO,CAAC,IAAI,CAAC,CAAC,OAAO,CAAC,CAAC;AAC9B,MAAM,CAAC,CAAC,CAAC,gBAAgB,CAAC,CAAC,CAAC,IAAI,CAAC,CAAC,KAAK,CAAC,OAAO,CAAC,CAAC;AACjD,MAAM,CAAC,gBAAgB,CAAC,IAAI,CAAC,CAAC,OAAO,CAAC,OAAO,CAAC,gBAAgB,CAAC,CAAC;AAChE,MAAM,CAAC,OAAO,CAAC,IAAI,CAAC,CAAC,OAAO,CAAC,IAAI,CAAC,OAAO,CAAC,CAAC;AAC3C;AACA,OAAO;AACP,CAAC,CAAC,CAAC,GAAG,CAAC,gBAAgB,CAAC;AACxB,CAAC,CAAC,CAAC,GAAG,CAAC,gBAAgB,CAAC;AACxB,CAAC,CAAC,CAAC,GAAG,CAAC,OAAO,CAAC;AACf,CAAC,CAAC,CAAC,IAAI,CAAC,CAAC;AACT,CAAC,CAAC,CAAC,CAAC,aAAa,CAAC,CAAC,CAAC,CAAC,EAAE,CAAC,EAAE,CAAC,CAAC,CAAC,CAAC,EAAE,CAAC,CAAC,CAAC,CAAC,EAAE,CAAC,CAAC,CAAC,CAAC,EAAE,CAAC,CAAC,CAAC,CAAC,EAAE,CAAC,CAAC,CAAC,CAAC,EAAE,CAAC,EAAE,CAAC,CAAC,CAAC;AAC9D,CAAC,CAAC,CAAC,CAAC,SAAS,CAAC,CAAC,CAAC;AAChB,CAAC,CAAC,CAAC,CAAC,CAAC,CAAC,KAAK,CAAC,CAAC,CAAC,CAAC,SAAS,CAAC,CAAC,CAAC,CAAC,WAAW,CAAC,CAAC,CAAC;AAC1C,CAAC,CAAC,CAAC,CAAC,CAAC,CAAC,iBAAiB,CAAC,CAAC,CAAC,IAAI,CAAC,CAAC;AAChC,CAAC,CAAC,CAAC,CAAC,CAAC,CAAC,MAAM,CAAC,CAAC,CAAC,CAAC,YAAY,CAAC,CAAC,CAAC,CAAC,MAAM,CAAC,CAAC;AACxC,CAAC,CAAC,CAAC,CAAC,CAAC,CAAC;AACN,CAAC,CAAC,CAAC,CAAC,OAAO,CAAC,CAAC,CAAC;AACd,CAAC,CAAC,CAAC,CAAC,CAAC,CAAC,QAAQ,CAAC,CAAC,CAAC,CAAC,OAAO,CAAC,CAAC,CAAC,GAAG,CAAC,CAAC,CAAC,WAAW,CAAC,IAAI,CAAC,CAAC;AACpD,CAAC,CAAC,CAAC,CAAC,CAAC,CAAC;AACN,CAAC,CAAC,CAAC,CAAC,KAAK,CAAC,CAAC,CAAC;AACZ,CAAC,CAAC,CAAC,CAAC,CAAC,CAAC,WAAW,CAAC,CAAC,KAAK,CAAC;AACzB,CAAC,CAAC,CAAC,CAAC,CAAC,CAAC;AACN,CAAC,CAAC,CAAC,CAAC,CAAC;AACL;AACA,MAAM,CAAC,OAAO,CAAC,OAAO,CAAC;"
    },
    "_coverageSchema": "1a1c01bbd47fc00a2c39e90264f33305004495a9",
    "hash": "a330f6565c9b0502b43d8a7ca47c6d8feddce9dd"
  },
  "/home/stephany.milhomem/Documents/projetos/my-marketplace/src/main.jsx": {
    "path": "/home/stephany.milhomem/Documents/projetos/my-marketplace/src/main.jsx",
    "statementMap": {
      "0": {
        "start": {
          "line": 10,
          "column": 0
        },
        "end": {
          "line": 73,
          "column": 3
        }
      },
      "1": {
        "start": {
          "line": 11,
          "column": 15
        },
        "end": {
          "line": 11,
          "column": 67
        }
      },
      "2": {
        "start": {
          "line": 12,
          "column": 2
        },
        "end": {
          "line": 72,
          "column": 4
        }
      }
    },
    "fnMap": {
      "0": {
        "name": "(anonymous_0)",
        "decl": {
          "start": {
            "line": 10,
            "column": 20
          },
          "end": {
            "line": 10,
            "column": 21
          }
        },
        "loc": {
          "start": {
            "line": 10,
            "column": 26
          },
          "end": {
            "line": 73,
            "column": 1
          }
        },
        "line": 10
      }
    },
    "branchMap": {},
    "s": {
      "0": 30,
      "1": 30,
      "2": 30
    },
    "f": {
      "0": 30
    },
    "b": {},
    "inputSourceMap": {
      "version": 3,
      "mappings": "AAciC;AAdjC,OAAOA,WAAW;AAClB,OAAOC,cAAc;AACrB,SAASC,eAAeC,QAAQC,aAAa;AAC7C,OAAOC,SAAS;AAChB,OAAOC,gBAAgB;AACvB,OAAOC,mBAAmB;AAC1B,OAAOC,oBAAoB;AAC3B,OAAOC,aAAa;AAEpBA,QAAQC,KAAK,EAAEC,KAAK,MAAM;AACxB,QAAMC,OAAOX,SAASY,WAAWC,SAASC,eAAe,MAAM,CAAC;AAChEH,OAAKI;AAAAA,IACH,uBAAC,iBACC,iCAAC,UACC;AAAA,6BAAC,SAAM,MAAK,KAAI,SAAS,uBAAC,SAAD;AAAA;AAAA;AAAA;AAAA,aAAI,KAA7B;AAAA;AAAA;AAAA;AAAA,aAAiC;AAAA,MAAG;AAAA,MACpC,uBAAC,SAAM,MAAK,eAAc,SAAS,uBAAC,gBAAD;AAAA;AAAA;AAAA;AAAA,aAAW,KAA9C;AAAA;AAAA;AAAA;AAAA,aAAkD;AAAA,MAAG;AAAA,MACrD;AAAA,QAAC;AAAA;AAAA,UACC,MAAK;AAAA,UACL,SAAS,uBAAC,iBAAc,aAAa,kBAA5B;AAAA;AAAA;AAAA;AAAA,iBAA2C;AAAA;AAAA,QAFtD;AAAA;AAAA;AAAA;AAAA;AAAA;AAAA;AAAA;AAAA,MAE0D;AAAA,MAE1D,uBAAC,SAAM,MAAK,6BAA4B,SAAS,uBAAC,oBAAD;AAAA;AAAA;AAAA;AAAA,aAAe,KAAhE;AAAA;AAAA;AAAA;AAAA,aAAoE;AAAA,MAAG;AAAA,SAPzE;AAAA;AAAA;AAAA;AAAA,WAQA,KATF;AAAA;AAAA;AAAA;AAAA,WAUA;AAAA,EACF;AACF,CAAC",
      "names": [
        "React",
        "ReactDOM",
        "BrowserRouter",
        "Routes",
        "Route",
        "App",
        "MyServices",
        "CreateService",
        "ServiceDetails",
        "i18next",
        "init",
        "then",
        "root",
        "createRoot",
        "document",
        "getElementById",
        "render"
      ],
      "ignoreList": [],
      "sources": [
        "/home/stephany.milhomem/Documents/projetos/my-marketplace/src/main.jsx"
      ],
      "file": "/home/stephany.milhomem/Documents/projetos/my-marketplace/src/main.jsx"
    },
    "_coverageSchema": "1a1c01bbd47fc00a2c39e90264f33305004495a9",
    "hash": "df848c19be7eb790050f2bda6eeee88dd4893ce9"
  },
  "/home/stephany.milhomem/Documents/projetos/my-marketplace/src/index.css": {
    "path": "/home/stephany.milhomem/Documents/projetos/my-marketplace/src/index.css",
    "statementMap": {},
    "fnMap": {},
    "branchMap": {},
    "s": {},
    "f": {},
    "b": {}
  },
  "/home/stephany.milhomem/Documents/projetos/my-marketplace/src/assets/logo-only-white.png": {
    "path": "/home/stephany.milhomem/Documents/projetos/my-marketplace/src/assets/logo-only-white.png",
    "statementMap": {},
    "fnMap": {},
    "branchMap": {},
    "s": {},
    "f": {},
    "b": {}
  },
  "/home/stephany.milhomem/Documents/projetos/my-marketplace/src/assets/mariadb.svg": {
    "path": "/home/stephany.milhomem/Documents/projetos/my-marketplace/src/assets/mariadb.svg",
    "statementMap": {},
    "fnMap": {},
    "branchMap": {},
    "s": {},
    "f": {},
    "b": {}
  },
  "/home/stephany.milhomem/Documents/projetos/my-marketplace/src/assets/minio.svg": {
    "path": "/home/stephany.milhomem/Documents/projetos/my-marketplace/src/assets/minio.svg",
    "statementMap": {},
    "fnMap": {},
    "branchMap": {},
    "s": {},
    "f": {},
    "b": {}
  },
  "/home/stephany.milhomem/Documents/projetos/my-marketplace/src/assets/mysql.svg": {
    "path": "/home/stephany.milhomem/Documents/projetos/my-marketplace/src/assets/mysql.svg",
    "statementMap": {},
    "fnMap": {},
    "branchMap": {},
    "s": {},
    "f": {},
    "b": {}
  },
  "/home/stephany.milhomem/Documents/projetos/my-marketplace/src/assets/owncloud.svg": {
    "path": "/home/stephany.milhomem/Documents/projetos/my-marketplace/src/assets/owncloud.svg",
    "statementMap": {},
    "fnMap": {},
    "branchMap": {},
    "s": {},
    "f": {},
    "b": {}
  },
  "/home/stephany.milhomem/Documents/projetos/my-marketplace/src/assets/postgresql.svg": {
    "path": "/home/stephany.milhomem/Documents/projetos/my-marketplace/src/assets/postgresql.svg",
    "statementMap": {},
    "fnMap": {},
    "branchMap": {},
    "s": {},
    "f": {},
    "b": {}
  },
  "/home/stephany.milhomem/Documents/projetos/my-marketplace/src/assets/wordpress.svg": {
    "path": "/home/stephany.milhomem/Documents/projetos/my-marketplace/src/assets/wordpress.svg",
    "statementMap": {},
    "fnMap": {},
    "branchMap": {},
    "s": {},
    "f": {},
    "b": {}
  }
}
