{
  "/home/stephany.milhomem/Documents/projetos/my-marketplace/src/components/Navbar.jsx": {
    "path": "/home/stephany.milhomem/Documents/projetos/my-marketplace/src/components/Navbar.jsx",
    "statementMap": {
      "0": {
        "start": {
          "line": 3,
          "column": 20
        },
        "end": {
          "line": 3,
          "column": 97
        }
      },
      "1": {
        "start": {
          "line": 6,
          "column": 0
        },
        "end": {
          "line": 16,
          "column": 1
        }
      },
      "2": {
        "start": {
          "line": 7,
          "column": 2
        },
        "end": {
          "line": 9,
          "column": 3
        }
      },
      "3": {
        "start": {
          "line": 8,
          "column": 4
        },
        "end": {
          "line": 8,
          "column": 165
        }
      },
      "4": {
        "start": {
          "line": 10,
          "column": 2
        },
        "end": {
          "line": 10,
          "column": 39
        }
      },
      "5": {
        "start": {
          "line": 11,
          "column": 2
        },
        "end": {
          "line": 11,
          "column": 39
        }
      },
      "6": {
        "start": {
          "line": 12,
          "column": 2
        },
        "end": {
          "line": 14,
          "column": 4
        }
      },
      "7": {
        "start": {
          "line": 13,
          "column": 4
        },
        "end": {
          "line": 13,
          "column": 127
        }
      },
      "8": {
        "start": {
          "line": 15,
          "column": 2
        },
        "end": {
          "line": 15,
          "column": 75
        }
      },
      "9": {
        "start": {
          "line": 19,
          "column": 15
        },
        "end": {
          "line": 67,
          "column": 1
        }
      },
      "10": {
        "start": {
          "line": 20,
          "column": 2
        },
        "end": {
          "line": 66,
          "column": 11
        }
      },
      "11": {
        "start": {
          "line": 68,
          "column": 0
        },
        "end": {
          "line": 68,
          "column": 12
        }
      },
      "12": {
        "start": {
          "line": 71,
          "column": 0
        },
        "end": {
          "line": 71,
          "column": 27
        }
      },
      "13": {
        "start": {
          "line": 72,
          "column": 0
        },
        "end": {
          "line": 75,
          "column": 1
        }
      },
      "14": {
        "start": {
          "line": 73,
          "column": 2
        },
        "end": {
          "line": 73,
          "column": 39
        }
      },
      "15": {
        "start": {
          "line": 74,
          "column": 2
        },
        "end": {
          "line": 74,
          "column": 39
        }
      },
      "16": {
        "start": {
          "line": 76,
          "column": 0
        },
        "end": {
          "line": 85,
          "column": 1
        }
      },
      "17": {
        "start": {
          "line": 77,
          "column": 2
        },
        "end": {
          "line": 84,
          "column": 5
        }
      },
      "18": {
        "start": {
          "line": 78,
          "column": 4
        },
        "end": {
          "line": 78,
          "column": 153
        }
      },
      "19": {
        "start": {
          "line": 79,
          "column": 4
        },
        "end": {
          "line": 83,
          "column": 7
        }
      },
      "20": {
        "start": {
          "line": 80,
          "column": 6
        },
        "end": {
          "line": 80,
          "column": 31
        }
      },
      "21": {
        "start": {
          "line": 80,
          "column": 24
        },
        "end": {
          "line": 80,
          "column": 31
        }
      },
      "22": {
        "start": {
          "line": 81,
          "column": 32
        },
        "end": {
          "line": 81,
          "column": 115
        }
      },
      "23": {
        "start": {
          "line": 82,
          "column": 6
        },
        "end": {
          "line": 82,
          "column": 75
        }
      },
      "24": {
        "start": {
          "line": 82,
          "column": 29
        },
        "end": {
          "line": 82,
          "column": 75
        }
      }
    },
    "fnMap": {
      "0": {
        "name": "(anonymous_0)",
        "decl": {
          "start": {
            "line": 12,
            "column": 24
          },
          "end": {
            "line": 12,
            "column": 25
          }
        },
        "loc": {
          "start": {
            "line": 12,
            "column": 38
          },
          "end": {
            "line": 14,
            "column": 3
          }
        },
        "line": 12
      },
      "1": {
        "name": "(anonymous_1)",
        "decl": {
          "start": {
            "line": 19,
            "column": 15
          },
          "end": {
            "line": 19,
            "column": 16
          }
        },
        "loc": {
          "start": {
            "line": 19,
            "column": 21
          },
          "end": {
            "line": 67,
            "column": 1
          }
        },
        "line": 19
      },
      "2": {
        "name": "(anonymous_2)",
        "decl": {
          "start": {
            "line": 77,
            "column": 52
          },
          "end": {
            "line": 77,
            "column": 53
          }
        },
        "loc": {
          "start": {
            "line": 77,
            "column": 72
          },
          "end": {
            "line": 84,
            "column": 3
          }
        },
        "line": 77
      },
      "3": {
        "name": "(anonymous_3)",
        "decl": {
          "start": {
            "line": 79,
            "column": 27
          },
          "end": {
            "line": 79,
            "column": 28
          }
        },
        "loc": {
          "start": {
            "line": 79,
            "column": 44
          },
          "end": {
            "line": 83,
            "column": 5
          }
        },
        "line": 79
      }
    },
    "branchMap": {
      "0": {
        "loc": {
          "start": {
            "line": 3,
            "column": 20
          },
          "end": {
            "line": 3,
            "column": 97
          }
        },
        "type": "binary-expr",
        "locations": [
          {
            "start": {
              "line": 3,
              "column": 20
            },
            "end": {
              "line": 3,
              "column": 60
            }
          },
          {
            "start": {
              "line": 3,
              "column": 64
            },
            "end": {
              "line": 3,
              "column": 97
            }
          }
        ],
        "line": 3
      },
      "1": {
        "loc": {
          "start": {
            "line": 6,
            "column": 0
          },
          "end": {
            "line": 16,
            "column": 1
          }
        },
        "type": "if",
        "locations": [
          {
            "start": {
              "line": 6,
              "column": 0
            },
            "end": {
              "line": 16,
              "column": 1
            }
          },
          {
            "start": {},
            "end": {}
          }
        ],
        "line": 6
      },
      "2": {
        "loc": {
          "start": {
            "line": 6,
            "column": 4
          },
          "end": {
            "line": 6,
            "column": 35
          }
        },
        "type": "binary-expr",
        "locations": [
          {
            "start": {
              "line": 6,
              "column": 4
            },
            "end": {
              "line": 6,
              "column": 19
            }
          },
          {
            "start": {
              "line": 6,
              "column": 23
            },
            "end": {
              "line": 6,
              "column": 35
            }
          }
        ],
        "line": 6
      },
      "3": {
        "loc": {
          "start": {
            "line": 7,
            "column": 2
          },
          "end": {
            "line": 9,
            "column": 3
          }
        },
        "type": "if",
        "locations": [
          {
            "start": {
              "line": 7,
              "column": 2
            },
            "end": {
              "line": 9,
              "column": 3
            }
          },
          {
            "start": {},
            "end": {}
          }
        ],
        "line": 7
      },
      "4": {
        "loc": {
          "start": {
            "line": 72,
            "column": 0
          },
          "end": {
            "line": 75,
            "column": 1
          }
        },
        "type": "if",
        "locations": [
          {
            "start": {
              "line": 72,
              "column": 0
            },
            "end": {
              "line": 75,
              "column": 1
            }
          },
          {
            "start": {},
            "end": {}
          }
        ],
        "line": 72
      },
      "5": {
        "loc": {
          "start": {
            "line": 72,
            "column": 4
          },
          "end": {
            "line": 72,
            "column": 35
          }
        },
        "type": "binary-expr",
        "locations": [
          {
            "start": {
              "line": 72,
              "column": 4
            },
            "end": {
              "line": 72,
              "column": 19
            }
          },
          {
            "start": {
              "line": 72,
              "column": 23
            },
            "end": {
              "line": 72,
              "column": 35
            }
          }
        ],
        "line": 72
      },
      "6": {
        "loc": {
          "start": {
            "line": 76,
            "column": 0
          },
          "end": {
            "line": 85,
            "column": 1
          }
        },
        "type": "if",
        "locations": [
          {
            "start": {
              "line": 76,
              "column": 0
            },
            "end": {
              "line": 85,
              "column": 1
            }
          },
          {
            "start": {},
            "end": {}
          }
        ],
        "line": 76
      },
      "7": {
        "loc": {
          "start": {
            "line": 76,
            "column": 4
          },
          "end": {
            "line": 76,
            "column": 35
          }
        },
        "type": "binary-expr",
        "locations": [
          {
            "start": {
              "line": 76,
              "column": 4
            },
            "end": {
              "line": 76,
              "column": 19
            }
          },
          {
            "start": {
              "line": 76,
              "column": 23
            },
            "end": {
              "line": 76,
              "column": 35
            }
          }
        ],
        "line": 76
      },
      "8": {
        "loc": {
          "start": {
            "line": 80,
            "column": 6
          },
          "end": {
            "line": 80,
            "column": 31
          }
        },
        "type": "if",
        "locations": [
          {
            "start": {
              "line": 80,
              "column": 6
            },
            "end": {
              "line": 80,
              "column": 31
            }
          },
          {
            "start": {},
            "end": {}
          }
        ],
        "line": 80
      },
      "9": {
        "loc": {
          "start": {
            "line": 82,
            "column": 6
          },
          "end": {
            "line": 82,
            "column": 75
          }
        },
        "type": "if",
        "locations": [
          {
            "start": {
              "line": 82,
              "column": 6
            },
            "end": {
              "line": 82,
              "column": 75
            }
          },
          {
            "start": {},
            "end": {}
          }
        ],
        "line": 82
      }
    },
    "s": {
      "0": 60,
      "1": 60,
      "2": 60,
      "3": 0,
      "4": 60,
      "5": 60,
      "6": 60,
      "7": 60,
      "8": 60,
      "9": 60,
      "10": 122,
      "11": 60,
      "12": 60,
      "13": 60,
      "14": 60,
      "15": 60,
      "16": 60,
      "17": 60,
      "18": 60,
      "19": 60,
      "20": 0,
      "21": 0,
      "22": 0,
      "23": 0,
      "24": 0
    },
    "f": {
      "0": 60,
      "1": 122,
      "2": 60,
      "3": 0
    },
    "b": {
      "0": [
        60,
        0
      ],
      "1": [
        60,
        0
      ],
      "2": [
        60,
        60
      ],
      "3": [
        0,
        60
      ],
      "4": [
        60,
        0
      ],
      "5": [
        60,
        60
      ],
      "6": [
        60,
        0
      ],
      "7": [
        60,
        60
      ],
      "8": [
        0,
        0
      ],
      "9": [
        0,
        0
      ]
    },
    "inputSourceMap": {
      "version": 3,
      "mappings": "AAQoB;AARpB,2BAAqB;AAAkB;AAAA;AAAA;AAAA;AAAA;AAAA;AAAA;AAAA;AAAA;AAAA;AAAA;AAAA;AAAA;AAAA;AAAA;AACvC,OAAOA,UAAU;AAEjB,MAAMC,SAASA,MAAM;AACjB,SACI,uBAAC,SAAI,WAAU,qBAAoB,iBAAc,QAAO,OAAO,EAACC,SAAS,WAAU,GAC/E,iCAAC,SAAI,WAAU,mBACX;AAAA,2BAAC,QAAK,IAAG,KAAI,WAAU,gBACnB;AAAA;AAAA,QAAC;AAAA;AAAA,UACG,KAAKF;AAAAA,UACL,KAAI;AAAA,UACJ,QAAO;AAAA,UACP,OAAO,EAACG,aAAa,SAAQ;AAAA;AAAA,QAJjC;AAAA;AAAA;AAAA;AAAA;AAAA;AAAA;AAAA;AAAA,MAImC;AAAA;AAAA,SALvC;AAAA;AAAA;AAAA;AAAA,WAQA;AAAA,IACA,uBAAC,QAAG,WAAU,mCAAkC,OAAO,EAACC,UAAU,QAAQC,OAAO,OAAM,GACnF,iCAAC,QAAG,WAAU,YACV,iCAAC,QAAK,IAAG,eAAc,WAAU,YAAW,6BAA5C;AAAA;AAAA;AAAA;AAAA,WAAyD,KAD7D;AAAA;AAAA;AAAA;AAAA,WAEA,KAHJ;AAAA;AAAA;AAAA;AAAA,WAIA;AAAA,OAdJ;AAAA;AAAA;AAAA;AAAA,SAeA,KAhBJ;AAAA;AAAA;AAAA;AAAA,SAiBA;AAER;AAAEC,KArBIL;AAuBN,eAAeA;AAAO,IAAAK;AAAAC,aAAAD,IAAA",
      "names": [
        "logo",
        "Navbar",
        "padding",
        "marginRight",
        "fontSize",
        "color",
        "_c",
        "$RefreshReg$"
      ],
      "ignoreList": [],
      "sources": [
        "/home/stephany.milhomem/Documents/projetos/my-marketplace/src/components/Navbar.jsx"
      ],
      "file": "/home/stephany.milhomem/Documents/projetos/my-marketplace/src/components/Navbar.jsx"
    },
    "_coverageSchema": "1a1c01bbd47fc00a2c39e90264f33305004495a9",
    "hash": "7c3d081eee1122103684c89a79f92cd1f5e737a3"
  },
  "/home/stephany.milhomem/Documents/projetos/my-marketplace/src/components/ServiceCard.jsx": {
    "path": "/home/stephany.milhomem/Documents/projetos/my-marketplace/src/components/ServiceCard.jsx",
    "statementMap": {
      "0": {
        "start": {
          "line": 3,
          "column": 20
        },
        "end": {
          "line": 3,
          "column": 97
        }
      },
      "1": {
        "start": {
          "line": 6,
          "column": 0
        },
        "end": {
          "line": 16,
          "column": 1
        }
      },
      "2": {
        "start": {
          "line": 7,
          "column": 2
        },
        "end": {
          "line": 9,
          "column": 3
        }
      },
      "3": {
        "start": {
          "line": 8,
          "column": 4
        },
        "end": {
          "line": 8,
          "column": 165
        }
      },
      "4": {
        "start": {
          "line": 10,
          "column": 2
        },
        "end": {
          "line": 10,
          "column": 39
        }
      },
      "5": {
        "start": {
          "line": 11,
          "column": 2
        },
        "end": {
          "line": 11,
          "column": 39
        }
      },
      "6": {
        "start": {
          "line": 12,
          "column": 2
        },
        "end": {
          "line": 14,
          "column": 4
        }
      },
      "7": {
        "start": {
          "line": 13,
          "column": 4
        },
        "end": {
          "line": 13,
          "column": 132
        }
      },
      "8": {
        "start": {
          "line": 15,
          "column": 2
        },
        "end": {
          "line": 15,
          "column": 75
        }
      },
      "9": {
        "start": {
          "line": 17,
          "column": 20
        },
        "end": {
          "line": 108,
          "column": 1
        }
      },
      "10": {
        "start": {
          "line": 18,
          "column": 2
        },
        "end": {
          "line": 107,
          "column": 11
        }
      },
      "11": {
        "start": {
          "line": 109,
          "column": 0
        },
        "end": {
          "line": 109,
          "column": 17
        }
      },
      "12": {
        "start": {
          "line": 112,
          "column": 0
        },
        "end": {
          "line": 112,
          "column": 32
        }
      },
      "13": {
        "start": {
          "line": 113,
          "column": 0
        },
        "end": {
          "line": 116,
          "column": 1
        }
      },
      "14": {
        "start": {
          "line": 114,
          "column": 2
        },
        "end": {
          "line": 114,
          "column": 39
        }
      },
      "15": {
        "start": {
          "line": 115,
          "column": 2
        },
        "end": {
          "line": 115,
          "column": 39
        }
      },
      "16": {
        "start": {
          "line": 117,
          "column": 0
        },
        "end": {
          "line": 126,
          "column": 1
        }
      },
      "17": {
        "start": {
          "line": 118,
          "column": 2
        },
        "end": {
          "line": 125,
          "column": 5
        }
      },
      "18": {
        "start": {
          "line": 119,
          "column": 4
        },
        "end": {
          "line": 119,
          "column": 158
        }
      },
      "19": {
        "start": {
          "line": 120,
          "column": 4
        },
        "end": {
          "line": 124,
          "column": 7
        }
      },
      "20": {
        "start": {
          "line": 121,
          "column": 6
        },
        "end": {
          "line": 121,
          "column": 31
        }
      },
      "21": {
        "start": {
          "line": 121,
          "column": 24
        },
        "end": {
          "line": 121,
          "column": 31
        }
      },
      "22": {
        "start": {
          "line": 122,
          "column": 32
        },
        "end": {
          "line": 122,
          "column": 115
        }
      },
      "23": {
        "start": {
          "line": 123,
          "column": 6
        },
        "end": {
          "line": 123,
          "column": 75
        }
      },
      "24": {
        "start": {
          "line": 123,
          "column": 29
        },
        "end": {
          "line": 123,
          "column": 75
        }
      }
    },
    "fnMap": {
      "0": {
        "name": "(anonymous_0)",
        "decl": {
          "start": {
            "line": 12,
            "column": 24
          },
          "end": {
            "line": 12,
            "column": 25
          }
        },
        "loc": {
          "start": {
            "line": 12,
            "column": 38
          },
          "end": {
            "line": 14,
            "column": 3
          }
        },
        "line": 12
      },
      "1": {
        "name": "(anonymous_1)",
        "decl": {
          "start": {
            "line": 17,
            "column": 20
          },
          "end": {
            "line": 17,
            "column": 21
          }
        },
        "loc": {
          "start": {
            "line": 17,
            "column": 62
          },
          "end": {
            "line": 108,
            "column": 1
          }
        },
        "line": 17
      },
      "2": {
        "name": "(anonymous_2)",
        "decl": {
          "start": {
            "line": 118,
            "column": 52
          },
          "end": {
            "line": 118,
            "column": 53
          }
        },
        "loc": {
          "start": {
            "line": 118,
            "column": 72
          },
          "end": {
            "line": 125,
            "column": 3
          }
        },
        "line": 118
      },
      "3": {
        "name": "(anonymous_3)",
        "decl": {
          "start": {
            "line": 120,
            "column": 27
          },
          "end": {
            "line": 120,
            "column": 28
          }
        },
        "loc": {
          "start": {
            "line": 120,
            "column": 44
          },
          "end": {
            "line": 124,
            "column": 5
          }
        },
        "line": 120
      }
    },
    "branchMap": {
      "0": {
        "loc": {
          "start": {
            "line": 3,
            "column": 20
          },
          "end": {
            "line": 3,
            "column": 97
          }
        },
        "type": "binary-expr",
        "locations": [
          {
            "start": {
              "line": 3,
              "column": 20
            },
            "end": {
              "line": 3,
              "column": 60
            }
          },
          {
            "start": {
              "line": 3,
              "column": 64
            },
            "end": {
              "line": 3,
              "column": 97
            }
          }
        ],
        "line": 3
      },
      "1": {
        "loc": {
          "start": {
            "line": 6,
            "column": 0
          },
          "end": {
            "line": 16,
            "column": 1
          }
        },
        "type": "if",
        "locations": [
          {
            "start": {
              "line": 6,
              "column": 0
            },
            "end": {
              "line": 16,
              "column": 1
            }
          },
          {
            "start": {},
            "end": {}
          }
        ],
        "line": 6
      },
      "2": {
        "loc": {
          "start": {
            "line": 6,
            "column": 4
          },
          "end": {
            "line": 6,
            "column": 35
          }
        },
        "type": "binary-expr",
        "locations": [
          {
            "start": {
              "line": 6,
              "column": 4
            },
            "end": {
              "line": 6,
              "column": 19
            }
          },
          {
            "start": {
              "line": 6,
              "column": 23
            },
            "end": {
              "line": 6,
              "column": 35
            }
          }
        ],
        "line": 6
      },
      "3": {
        "loc": {
          "start": {
            "line": 7,
            "column": 2
          },
          "end": {
            "line": 9,
            "column": 3
          }
        },
        "type": "if",
        "locations": [
          {
            "start": {
              "line": 7,
              "column": 2
            },
            "end": {
              "line": 9,
              "column": 3
            }
          },
          {
            "start": {},
            "end": {}
          }
        ],
        "line": 7
      },
      "4": {
        "loc": {
          "start": {
            "line": 113,
            "column": 0
          },
          "end": {
            "line": 116,
            "column": 1
          }
        },
        "type": "if",
        "locations": [
          {
            "start": {
              "line": 113,
              "column": 0
            },
            "end": {
              "line": 116,
              "column": 1
            }
          },
          {
            "start": {},
            "end": {}
          }
        ],
        "line": 113
      },
      "5": {
        "loc": {
          "start": {
            "line": 113,
            "column": 4
          },
          "end": {
            "line": 113,
            "column": 35
          }
        },
        "type": "binary-expr",
        "locations": [
          {
            "start": {
              "line": 113,
              "column": 4
            },
            "end": {
              "line": 113,
              "column": 19
            }
          },
          {
            "start": {
              "line": 113,
              "column": 23
            },
            "end": {
              "line": 113,
              "column": 35
            }
          }
        ],
        "line": 113
      },
      "6": {
        "loc": {
          "start": {
            "line": 117,
            "column": 0
          },
          "end": {
            "line": 126,
            "column": 1
          }
        },
        "type": "if",
        "locations": [
          {
            "start": {
              "line": 117,
              "column": 0
            },
            "end": {
              "line": 126,
              "column": 1
            }
          },
          {
            "start": {},
            "end": {}
          }
        ],
        "line": 117
      },
      "7": {
        "loc": {
          "start": {
            "line": 117,
            "column": 4
          },
          "end": {
            "line": 117,
            "column": 35
          }
        },
        "type": "binary-expr",
        "locations": [
          {
            "start": {
              "line": 117,
              "column": 4
            },
            "end": {
              "line": 117,
              "column": 19
            }
          },
          {
            "start": {
              "line": 117,
              "column": 23
            },
            "end": {
              "line": 117,
              "column": 35
            }
          }
        ],
        "line": 117
      },
      "8": {
        "loc": {
          "start": {
            "line": 121,
            "column": 6
          },
          "end": {
            "line": 121,
            "column": 31
          }
        },
        "type": "if",
        "locations": [
          {
            "start": {
              "line": 121,
              "column": 6
            },
            "end": {
              "line": 121,
              "column": 31
            }
          },
          {
            "start": {},
            "end": {}
          }
        ],
        "line": 121
      },
      "9": {
        "loc": {
          "start": {
            "line": 123,
            "column": 6
          },
          "end": {
            "line": 123,
            "column": 75
          }
        },
        "type": "if",
        "locations": [
          {
            "start": {
              "line": 123,
              "column": 6
            },
            "end": {
              "line": 123,
              "column": 75
            }
          },
          {
            "start": {},
            "end": {}
          }
        ],
        "line": 123
      }
    },
    "s": {
      "0": 60,
      "1": 60,
      "2": 60,
      "3": 0,
      "4": 60,
      "5": 60,
      "6": 60,
      "7": 60,
      "8": 60,
      "9": 60,
      "10": 204,
      "11": 60,
      "12": 60,
      "13": 60,
      "14": 60,
      "15": 60,
      "16": 60,
      "17": 60,
      "18": 60,
      "19": 60,
      "20": 0,
      "21": 0,
      "22": 0,
      "23": 0,
      "24": 0
    },
    "f": {
      "0": 60,
      "1": 204,
      "2": 60,
      "3": 0
    },
    "b": {
      "0": [
        60,
        0
      ],
      "1": [
        60,
        0
      ],
      "2": [
        60,
        60
      ],
      "3": [
        0,
        60
      ],
      "4": [
        60,
        0
      ],
      "5": [
        60,
        60
      ],
      "6": [
        60,
        0
      ],
      "7": [
        60,
        60
      ],
      "8": [
        0,
        0
      ],
      "9": [
        0,
        0
      ]
    },
    "inputSourceMap": {
      "version": 3,
      "mappings": "AAUQ;AAVR,OAAMA,oBAAiBC;AAAeC,MAAaC,cAAW;AAAA;AAAA;AAAA;AAAA;AAAA;AAAA;AAAA;AAAA;AAAA;AAAA;AAAA;AAAA;AAAA;AAAA;AAC5D,SACE,uBAAC,SAAI,WAAU,kCACb;AAAA,IAAC;AAAA;AAAA,MACC,WAAU;AAAA,MACV,OAAO;AAAA,QACLC,QAAQ;AAAA,QACRC,WAAW;AAAA,MACb;AAAA,MAEA;AAAA;AAAA,UAAC;AAAA;AAAA,YACC,WAAU;AAAA,YACV,KAAKJ;AAAAA,YACL,KAAKK;AAAAA,YACL,QAAO;AAAA,YACP,OAAO,EAAEC,iBAAiB,QAAQ;AAAA;AAAA,UALpC;AAAA;AAAA;AAAA;AAAA;AAAA;AAAA;AAAA;AAAA,QAKsC;AAAA,QAEtC,uBAAC,SAAI,WAAU,aACb;AAAA,iCAAC,QAAG,WAAU,0BAAyB,OAAO,EAACC,YAAY,OAAM,GAAIF;AAAAA;AAAAA,YAAM;AAAA,eAA3E;AAAA;AAAA;AAAA;AAAA,iBAA4E;AAAA,UAC5E,uBAAC,OAAE,WAAU,oCAAoCJ,yBAAjD;AAAA;AAAA;AAAA;AAAA,iBAA6D;AAAA,aAF/D;AAAA;AAAA;AAAA;AAAA,eAGA;AAAA,QACA,uBAAC,SAAI,WAAU,eACb;AAAA,UAAC;AAAA;AAAA,YACC,MAAMC;AAAAA,YACN,WAAU;AAAA,YACV,OAAO,EAAEM,OAAO,OAAO;AAAA,YAEvB;AAAA,qCAAC,OAAE,WAAU,0BAAb;AAAA;AAAA;AAAA;AAAA,qBAAoC;AAAA,cAAI;AAAA,cAAYH;AAAAA;AAAAA;AAAAA,UALtD;AAAA;AAAA;AAAA;AAAA;AAAA;AAAA;AAAA;AAAA,QAMA,KAPF;AAAA;AAAA;AAAA;AAAA,eAQA;AAAA;AAAA;AAAA,IA1BF;AAAA;AAAA;AAAA;AAAA;AAAA;AAAA;AAAA;AAAA,EA2BA,KA5BF;AAAA;AAAA;AAAA;AAAA,SA6BA;AAEJ;AAAEI,KAjCIV;AAmCN,eAAeA;AAAY,IAAAU;AAAAC,aAAAD,IAAA",
      "names": [
        "ServiceCard",
        "imgSrc",
        "description",
        "link",
        "border",
        "boxShadow",
        "title",
        "backgroundColor",
        "fontWeight",
        "color",
        "_c",
        "$RefreshReg$"
      ],
      "ignoreList": [],
      "sources": [
        "/home/stephany.milhomem/Documents/projetos/my-marketplace/src/components/ServiceCard.jsx"
      ],
      "file": "/home/stephany.milhomem/Documents/projetos/my-marketplace/src/components/ServiceCard.jsx"
    },
    "_coverageSchema": "1a1c01bbd47fc00a2c39e90264f33305004495a9",
    "hash": "df56893edbbaa3fddaff1e9663e2dd88407720d9"
  },
  "/home/stephany.milhomem/Documents/projetos/my-marketplace/src/components/ServiceSection.jsx": {
    "path": "/home/stephany.milhomem/Documents/projetos/my-marketplace/src/components/ServiceSection.jsx",
    "statementMap": {
      "0": {
        "start": {
          "line": 3,
          "column": 20
        },
        "end": {
          "line": 3,
          "column": 97
        }
      },
      "1": {
        "start": {
          "line": 6,
          "column": 0
        },
        "end": {
          "line": 16,
          "column": 1
        }
      },
      "2": {
        "start": {
          "line": 7,
          "column": 2
        },
        "end": {
          "line": 9,
          "column": 3
        }
      },
      "3": {
        "start": {
          "line": 8,
          "column": 4
        },
        "end": {
          "line": 8,
          "column": 165
        }
      },
      "4": {
        "start": {
          "line": 10,
          "column": 2
        },
        "end": {
          "line": 10,
          "column": 39
        }
      },
      "5": {
        "start": {
          "line": 11,
          "column": 2
        },
        "end": {
          "line": 11,
          "column": 39
        }
      },
      "6": {
        "start": {
          "line": 12,
          "column": 2
        },
        "end": {
          "line": 14,
          "column": 4
        }
      },
      "7": {
        "start": {
          "line": 13,
          "column": 4
        },
        "end": {
          "line": 13,
          "column": 135
        }
      },
      "8": {
        "start": {
          "line": 15,
          "column": 2
        },
        "end": {
          "line": 15,
          "column": 75
        }
      },
      "9": {
        "start": {
          "line": 18,
          "column": 23
        },
        "end": {
          "line": 69,
          "column": 1
        }
      },
      "10": {
        "start": {
          "line": 19,
          "column": 2
        },
        "end": {
          "line": 68,
          "column": 11
        }
      },
      "11": {
        "start": {
          "line": 42,
          "column": 35
        },
        "end": {
          "line": 58,
          "column": 7
        }
      },
      "12": {
        "start": {
          "line": 70,
          "column": 0
        },
        "end": {
          "line": 70,
          "column": 20
        }
      },
      "13": {
        "start": {
          "line": 73,
          "column": 0
        },
        "end": {
          "line": 73,
          "column": 35
        }
      },
      "14": {
        "start": {
          "line": 74,
          "column": 0
        },
        "end": {
          "line": 77,
          "column": 1
        }
      },
      "15": {
        "start": {
          "line": 75,
          "column": 2
        },
        "end": {
          "line": 75,
          "column": 39
        }
      },
      "16": {
        "start": {
          "line": 76,
          "column": 2
        },
        "end": {
          "line": 76,
          "column": 39
        }
      },
      "17": {
        "start": {
          "line": 78,
          "column": 0
        },
        "end": {
          "line": 87,
          "column": 1
        }
      },
      "18": {
        "start": {
          "line": 79,
          "column": 2
        },
        "end": {
          "line": 86,
          "column": 5
        }
      },
      "19": {
        "start": {
          "line": 80,
          "column": 4
        },
        "end": {
          "line": 80,
          "column": 161
        }
      },
      "20": {
        "start": {
          "line": 81,
          "column": 4
        },
        "end": {
          "line": 85,
          "column": 7
        }
      },
      "21": {
        "start": {
          "line": 82,
          "column": 6
        },
        "end": {
          "line": 82,
          "column": 31
        }
      },
      "22": {
        "start": {
          "line": 82,
          "column": 24
        },
        "end": {
          "line": 82,
          "column": 31
        }
      },
      "23": {
        "start": {
          "line": 83,
          "column": 32
        },
        "end": {
          "line": 83,
          "column": 115
        }
      },
      "24": {
        "start": {
          "line": 84,
          "column": 6
        },
        "end": {
          "line": 84,
          "column": 75
        }
      },
      "25": {
        "start": {
          "line": 84,
          "column": 29
        },
        "end": {
          "line": 84,
          "column": 75
        }
      }
    },
    "fnMap": {
      "0": {
        "name": "(anonymous_0)",
        "decl": {
          "start": {
            "line": 12,
            "column": 24
          },
          "end": {
            "line": 12,
            "column": 25
          }
        },
        "loc": {
          "start": {
            "line": 12,
            "column": 38
          },
          "end": {
            "line": 14,
            "column": 3
          }
        },
        "line": 12
      },
      "1": {
        "name": "(anonymous_1)",
        "decl": {
          "start": {
            "line": 18,
            "column": 23
          },
          "end": {
            "line": 18,
            "column": 24
          }
        },
        "loc": {
          "start": {
            "line": 18,
            "column": 61
          },
          "end": {
            "line": 69,
            "column": 1
          }
        },
        "line": 18
      },
      "2": {
        "name": "(anonymous_2)",
        "decl": {
          "start": {
            "line": 42,
            "column": 6
          },
          "end": {
            "line": 42,
            "column": 7
          }
        },
        "loc": {
          "start": {
            "line": 42,
            "column": 35
          },
          "end": {
            "line": 58,
            "column": 7
          }
        },
        "line": 42
      },
      "3": {
        "name": "(anonymous_3)",
        "decl": {
          "start": {
            "line": 79,
            "column": 52
          },
          "end": {
            "line": 79,
            "column": 53
          }
        },
        "loc": {
          "start": {
            "line": 79,
            "column": 72
          },
          "end": {
            "line": 86,
            "column": 3
          }
        },
        "line": 79
      },
      "4": {
        "name": "(anonymous_4)",
        "decl": {
          "start": {
            "line": 81,
            "column": 27
          },
          "end": {
            "line": 81,
            "column": 28
          }
        },
        "loc": {
          "start": {
            "line": 81,
            "column": 44
          },
          "end": {
            "line": 85,
            "column": 5
          }
        },
        "line": 81
      }
    },
    "branchMap": {
      "0": {
        "loc": {
          "start": {
            "line": 3,
            "column": 20
          },
          "end": {
            "line": 3,
            "column": 97
          }
        },
        "type": "binary-expr",
        "locations": [
          {
            "start": {
              "line": 3,
              "column": 20
            },
            "end": {
              "line": 3,
              "column": 60
            }
          },
          {
            "start": {
              "line": 3,
              "column": 64
            },
            "end": {
              "line": 3,
              "column": 97
            }
          }
        ],
        "line": 3
      },
      "1": {
        "loc": {
          "start": {
            "line": 6,
            "column": 0
          },
          "end": {
            "line": 16,
            "column": 1
          }
        },
        "type": "if",
        "locations": [
          {
            "start": {
              "line": 6,
              "column": 0
            },
            "end": {
              "line": 16,
              "column": 1
            }
          },
          {
            "start": {},
            "end": {}
          }
        ],
        "line": 6
      },
      "2": {
        "loc": {
          "start": {
            "line": 6,
            "column": 4
          },
          "end": {
            "line": 6,
            "column": 35
          }
        },
        "type": "binary-expr",
        "locations": [
          {
            "start": {
              "line": 6,
              "column": 4
            },
            "end": {
              "line": 6,
              "column": 19
            }
          },
          {
            "start": {
              "line": 6,
              "column": 23
            },
            "end": {
              "line": 6,
              "column": 35
            }
          }
        ],
        "line": 6
      },
      "3": {
        "loc": {
          "start": {
            "line": 7,
            "column": 2
          },
          "end": {
            "line": 9,
            "column": 3
          }
        },
        "type": "if",
        "locations": [
          {
            "start": {
              "line": 7,
              "column": 2
            },
            "end": {
              "line": 9,
              "column": 3
            }
          },
          {
            "start": {},
            "end": {}
          }
        ],
        "line": 7
      },
      "4": {
        "loc": {
          "start": {
            "line": 74,
            "column": 0
          },
          "end": {
            "line": 77,
            "column": 1
          }
        },
        "type": "if",
        "locations": [
          {
            "start": {
              "line": 74,
              "column": 0
            },
            "end": {
              "line": 77,
              "column": 1
            }
          },
          {
            "start": {},
            "end": {}
          }
        ],
        "line": 74
      },
      "5": {
        "loc": {
          "start": {
            "line": 74,
            "column": 4
          },
          "end": {
            "line": 74,
            "column": 35
          }
        },
        "type": "binary-expr",
        "locations": [
          {
            "start": {
              "line": 74,
              "column": 4
            },
            "end": {
              "line": 74,
              "column": 19
            }
          },
          {
            "start": {
              "line": 74,
              "column": 23
            },
            "end": {
              "line": 74,
              "column": 35
            }
          }
        ],
        "line": 74
      },
      "6": {
        "loc": {
          "start": {
            "line": 78,
            "column": 0
          },
          "end": {
            "line": 87,
            "column": 1
          }
        },
        "type": "if",
        "locations": [
          {
            "start": {
              "line": 78,
              "column": 0
            },
            "end": {
              "line": 87,
              "column": 1
            }
          },
          {
            "start": {},
            "end": {}
          }
        ],
        "line": 78
      },
      "7": {
        "loc": {
          "start": {
            "line": 78,
            "column": 4
          },
          "end": {
            "line": 78,
            "column": 35
          }
        },
        "type": "binary-expr",
        "locations": [
          {
            "start": {
              "line": 78,
              "column": 4
            },
            "end": {
              "line": 78,
              "column": 19
            }
          },
          {
            "start": {
              "line": 78,
              "column": 23
            },
            "end": {
              "line": 78,
              "column": 35
            }
          }
        ],
        "line": 78
      },
      "8": {
        "loc": {
          "start": {
            "line": 82,
            "column": 6
          },
          "end": {
            "line": 82,
            "column": 31
          }
        },
        "type": "if",
        "locations": [
          {
            "start": {
              "line": 82,
              "column": 6
            },
            "end": {
              "line": 82,
              "column": 31
            }
          },
          {
            "start": {},
            "end": {}
          }
        ],
        "line": 82
      },
      "9": {
        "loc": {
          "start": {
            "line": 84,
            "column": 6
          },
          "end": {
            "line": 84,
            "column": 75
          }
        },
        "type": "if",
        "locations": [
          {
            "start": {
              "line": 84,
              "column": 6
            },
            "end": {
              "line": 84,
              "column": 75
            }
          },
          {
            "start": {},
            "end": {}
          }
        ],
        "line": 84
      }
    },
    "s": {
      "0": 60,
      "1": 60,
      "2": 60,
      "3": 0,
      "4": 60,
      "5": 60,
      "6": 60,
      "7": 60,
      "8": 60,
      "9": 60,
      "10": 68,
      "11": 204,
      "12": 60,
      "13": 60,
      "14": 60,
      "15": 60,
      "16": 60,
      "17": 60,
      "18": 60,
      "19": 60,
      "20": 60,
      "21": 0,
      "22": 0,
      "23": 0,
      "24": 0,
      "25": 0
    },
    "f": {
      "0": 60,
      "1": 68,
      "2": 204,
      "3": 60,
      "4": 0
    },
    "b": {
      "0": [
        60,
        0
      ],
      "1": [
        60,
        0
      ],
      "2": [
        60,
        60
      ],
      "3": [
        0,
        60
      ],
      "4": [
        60,
        0
      ],
      "5": [
        60,
        60
      ],
      "6": [
        60,
        0
      ],
      "7": [
        60,
        60
      ],
      "8": [
        0,
        0
      ],
      "9": [
        0,
        0
      ]
    },
    "inputSourceMap": {
      "version": 3,
      "mappings": "AAMgB;AANhB,OAAOA,oBAAiB;AAAe;AAAA;AAAA;AAAA;AAAA;AAAA;AAAA;AAAA;AAAA;AAAA;AAAA;AAAA;AAAA;AAAA;AAAA;AAEvC,MAAMC,iBAAiBA,CAAC,EAACC,OAAOC,aAAaC,SAAQ,MAAM;AACvD,SACI,uBAAC,SAAI,WAAU,eACX;AAAA,2BAAC,SAAI,WAAU,YACX;AAAA,6BAAC,QAAG,OAAO,EAACC,YAAY,OAAM,GAAIH,mBAAlC;AAAA;AAAA;AAAA;AAAA,aAAwC;AAAA,MACxC,uBAAC,OAAE,WAAU,QAAO,OAAO,EAACI,cAAc,OAAM,GAAIH,yBAApD;AAAA;AAAA;AAAA;AAAA,aAAgE;AAAA,MAChE,uBAAC,UAAD;AAAA;AAAA;AAAA;AAAA,aAAG;AAAA,SAHP;AAAA;AAAA;AAAA;AAAA,WAIA;AAAA,IACA,uBAAC,SAAI,WAAU,YACVC,mBAASG;AAAAA,MAAI,CAACC,YACX;AAAA,QAAC;AAAA;AAAA,UAEG,QAAQA,QAAQC;AAAAA,UAChB,OAAOD,QAAQN;AAAAA,UACf,aAAaM,QAAQL;AAAAA,UACrB,MAAM,GAAGK,QAAQE,IAAI;AAAA;AAAA,QAJhBF,QAAQN;AAAAA,QADjB;AAAA;AAAA;AAAA;AAAA;AAAA;AAAA;AAAA,MAK4B;AAAA,IAE/B,KATL;AAAA;AAAA;AAAA;AAAA,WAUA;AAAA,OAhBJ;AAAA;AAAA;AAAA;AAAA,SAiBA;AAER;AAAES,KArBIV;AAuBN,eAAeA;AAAe,IAAAU;AAAAC,aAAAD,IAAA",
      "names": [
        "ServiceCard",
        "ServiceSection",
        "title",
        "description",
        "services",
        "fontWeight",
        "marginBottom",
        "map",
        "service",
        "imgSrc",
        "link",
        "_c",
        "$RefreshReg$"
      ],
      "ignoreList": [],
      "sources": [
        "/home/stephany.milhomem/Documents/projetos/my-marketplace/src/components/ServiceSection.jsx"
      ],
      "file": "/home/stephany.milhomem/Documents/projetos/my-marketplace/src/components/ServiceSection.jsx"
    },
    "_coverageSchema": "1a1c01bbd47fc00a2c39e90264f33305004495a9",
    "hash": "0c112235d6654a5e1cbababc9b5386281fbe6466"
  },
  "/home/stephany.milhomem/Documents/projetos/my-marketplace/src/App.jsx": {
    "path": "/home/stephany.milhomem/Documents/projetos/my-marketplace/src/App.jsx",
    "statementMap": {
      "0": {
        "start": {
          "line": 3,
          "column": 20
        },
        "end": {
          "line": 3,
          "column": 97
        }
      },
      "1": {
        "start": {
          "line": 6,
          "column": 0
        },
        "end": {
          "line": 16,
          "column": 1
        }
      },
      "2": {
        "start": {
          "line": 7,
          "column": 2
        },
        "end": {
          "line": 9,
          "column": 3
        }
      },
      "3": {
        "start": {
          "line": 8,
          "column": 4
        },
        "end": {
          "line": 8,
          "column": 165
        }
      },
      "4": {
        "start": {
          "line": 10,
          "column": 2
        },
        "end": {
          "line": 10,
          "column": 39
        }
      },
      "5": {
        "start": {
          "line": 11,
          "column": 2
        },
        "end": {
          "line": 11,
          "column": 39
        }
      },
      "6": {
        "start": {
          "line": 12,
          "column": 2
        },
        "end": {
          "line": 14,
          "column": 4
        }
      },
      "7": {
        "start": {
          "line": 13,
          "column": 4
        },
        "end": {
          "line": 13,
          "column": 113
        }
      },
      "8": {
        "start": {
          "line": 15,
          "column": 2
        },
        "end": {
          "line": 15,
          "column": 75
        }
      },
      "9": {
        "start": {
          "line": 20,
          "column": 12
        },
        "end": {
          "line": 134,
          "column": 1
        }
      },
      "10": {
        "start": {
          "line": 21,
          "column": 22
        },
        "end": {
          "line": 40,
          "column": 3
        }
      },
      "11": {
        "start": {
          "line": 41,
          "column": 27
        },
        "end": {
          "line": 60,
          "column": 3
        }
      },
      "12": {
        "start": {
          "line": 61,
          "column": 2
        },
        "end": {
          "line": 133,
          "column": 11
        }
      },
      "13": {
        "start": {
          "line": 135,
          "column": 0
        },
        "end": {
          "line": 135,
          "column": 9
        }
      },
      "14": {
        "start": {
          "line": 138,
          "column": 0
        },
        "end": {
          "line": 138,
          "column": 24
        }
      },
      "15": {
        "start": {
          "line": 139,
          "column": 0
        },
        "end": {
          "line": 142,
          "column": 1
        }
      },
      "16": {
        "start": {
          "line": 140,
          "column": 2
        },
        "end": {
          "line": 140,
          "column": 39
        }
      },
      "17": {
        "start": {
          "line": 141,
          "column": 2
        },
        "end": {
          "line": 141,
          "column": 39
        }
      },
      "18": {
        "start": {
          "line": 143,
          "column": 0
        },
        "end": {
          "line": 152,
          "column": 1
        }
      },
      "19": {
        "start": {
          "line": 144,
          "column": 2
        },
        "end": {
          "line": 151,
          "column": 5
        }
      },
      "20": {
        "start": {
          "line": 145,
          "column": 4
        },
        "end": {
          "line": 145,
          "column": 139
        }
      },
      "21": {
        "start": {
          "line": 146,
          "column": 4
        },
        "end": {
          "line": 150,
          "column": 7
        }
      },
      "22": {
        "start": {
          "line": 147,
          "column": 6
        },
        "end": {
          "line": 147,
          "column": 31
        }
      },
      "23": {
        "start": {
          "line": 147,
          "column": 24
        },
        "end": {
          "line": 147,
          "column": 31
        }
      },
      "24": {
        "start": {
          "line": 148,
          "column": 32
        },
        "end": {
          "line": 148,
          "column": 115
        }
      },
      "25": {
        "start": {
          "line": 149,
          "column": 6
        },
        "end": {
          "line": 149,
          "column": 75
        }
      },
      "26": {
        "start": {
          "line": 149,
          "column": 29
        },
        "end": {
          "line": 149,
          "column": 75
        }
      }
    },
    "fnMap": {
      "0": {
        "name": "(anonymous_0)",
        "decl": {
          "start": {
            "line": 12,
            "column": 24
          },
          "end": {
            "line": 12,
            "column": 25
          }
        },
        "loc": {
          "start": {
            "line": 12,
            "column": 38
          },
          "end": {
            "line": 14,
            "column": 3
          }
        },
        "line": 12
      },
      "1": {
        "name": "(anonymous_1)",
        "decl": {
          "start": {
            "line": 20,
            "column": 12
          },
          "end": {
            "line": 20,
            "column": 13
          }
        },
        "loc": {
          "start": {
            "line": 20,
            "column": 18
          },
          "end": {
            "line": 134,
            "column": 1
          }
        },
        "line": 20
      },
      "2": {
        "name": "(anonymous_2)",
        "decl": {
          "start": {
            "line": 144,
            "column": 52
          },
          "end": {
            "line": 144,
            "column": 53
          }
        },
        "loc": {
          "start": {
            "line": 144,
            "column": 72
          },
          "end": {
            "line": 151,
            "column": 3
          }
        },
        "line": 144
      },
      "3": {
        "name": "(anonymous_3)",
        "decl": {
          "start": {
            "line": 146,
            "column": 27
          },
          "end": {
            "line": 146,
            "column": 28
          }
        },
        "loc": {
          "start": {
            "line": 146,
            "column": 44
          },
          "end": {
            "line": 150,
            "column": 5
          }
        },
        "line": 146
      }
    },
    "branchMap": {
      "0": {
        "loc": {
          "start": {
            "line": 3,
            "column": 20
          },
          "end": {
            "line": 3,
            "column": 97
          }
        },
        "type": "binary-expr",
        "locations": [
          {
            "start": {
              "line": 3,
              "column": 20
            },
            "end": {
              "line": 3,
              "column": 60
            }
          },
          {
            "start": {
              "line": 3,
              "column": 64
            },
            "end": {
              "line": 3,
              "column": 97
            }
          }
        ],
        "line": 3
      },
      "1": {
        "loc": {
          "start": {
            "line": 6,
            "column": 0
          },
          "end": {
            "line": 16,
            "column": 1
          }
        },
        "type": "if",
        "locations": [
          {
            "start": {
              "line": 6,
              "column": 0
            },
            "end": {
              "line": 16,
              "column": 1
            }
          },
          {
            "start": {},
            "end": {}
          }
        ],
        "line": 6
      },
      "2": {
        "loc": {
          "start": {
            "line": 6,
            "column": 4
          },
          "end": {
            "line": 6,
            "column": 35
          }
        },
        "type": "binary-expr",
        "locations": [
          {
            "start": {
              "line": 6,
              "column": 4
            },
            "end": {
              "line": 6,
              "column": 19
            }
          },
          {
            "start": {
              "line": 6,
              "column": 23
            },
            "end": {
              "line": 6,
              "column": 35
            }
          }
        ],
        "line": 6
      },
      "3": {
        "loc": {
          "start": {
            "line": 7,
            "column": 2
          },
          "end": {
            "line": 9,
            "column": 3
          }
        },
        "type": "if",
        "locations": [
          {
            "start": {
              "line": 7,
              "column": 2
            },
            "end": {
              "line": 9,
              "column": 3
            }
          },
          {
            "start": {},
            "end": {}
          }
        ],
        "line": 7
      },
      "4": {
        "loc": {
          "start": {
            "line": 139,
            "column": 0
          },
          "end": {
            "line": 142,
            "column": 1
          }
        },
        "type": "if",
        "locations": [
          {
            "start": {
              "line": 139,
              "column": 0
            },
            "end": {
              "line": 142,
              "column": 1
            }
          },
          {
            "start": {},
            "end": {}
          }
        ],
        "line": 139
      },
      "5": {
        "loc": {
          "start": {
            "line": 139,
            "column": 4
          },
          "end": {
            "line": 139,
            "column": 35
          }
        },
        "type": "binary-expr",
        "locations": [
          {
            "start": {
              "line": 139,
              "column": 4
            },
            "end": {
              "line": 139,
              "column": 19
            }
          },
          {
            "start": {
              "line": 139,
              "column": 23
            },
            "end": {
              "line": 139,
              "column": 35
            }
          }
        ],
        "line": 139
      },
      "6": {
        "loc": {
          "start": {
            "line": 143,
            "column": 0
          },
          "end": {
            "line": 152,
            "column": 1
          }
        },
        "type": "if",
        "locations": [
          {
            "start": {
              "line": 143,
              "column": 0
            },
            "end": {
              "line": 152,
              "column": 1
            }
          },
          {
            "start": {},
            "end": {}
          }
        ],
        "line": 143
      },
      "7": {
        "loc": {
          "start": {
            "line": 143,
            "column": 4
          },
          "end": {
            "line": 143,
            "column": 35
          }
        },
        "type": "binary-expr",
        "locations": [
          {
            "start": {
              "line": 143,
              "column": 4
            },
            "end": {
              "line": 143,
              "column": 19
            }
          },
          {
            "start": {
              "line": 143,
              "column": 23
            },
            "end": {
              "line": 143,
              "column": 35
            }
          }
        ],
        "line": 143
      },
      "8": {
        "loc": {
          "start": {
            "line": 147,
            "column": 6
          },
          "end": {
            "line": 147,
            "column": 31
          }
        },
        "type": "if",
        "locations": [
          {
            "start": {
              "line": 147,
              "column": 6
            },
            "end": {
              "line": 147,
              "column": 31
            }
          },
          {
            "start": {},
            "end": {}
          }
        ],
        "line": 147
      },
      "9": {
        "loc": {
          "start": {
            "line": 149,
            "column": 6
          },
          "end": {
            "line": 149,
            "column": 75
          }
        },
        "type": "if",
        "locations": [
          {
            "start": {
              "line": 149,
              "column": 6
            },
            "end": {
              "line": 149,
              "column": 75
            }
          },
          {
            "start": {},
            "end": {}
          }
        ],
        "line": 149
      }
    },
    "s": {
      "0": 60,
      "1": 60,
      "2": 60,
      "3": 0,
      "4": 60,
      "5": 60,
      "6": 60,
      "7": 60,
      "8": 60,
      "9": 60,
      "10": 34,
      "11": 34,
      "12": 34,
      "13": 60,
      "14": 60,
      "15": 60,
      "16": 60,
      "17": 60,
      "18": 60,
      "19": 60,
      "20": 48,
      "21": 48,
      "22": 0,
      "23": 0,
      "24": 0,
      "25": 0,
      "26": 0
    },
    "f": {
      "0": 60,
      "1": 34,
      "2": 48,
      "3": 0
    },
    "b": {
      "0": [
        60,
        0
      ],
      "1": [
        60,
        0
      ],
      "2": [
        60,
        60
      ],
      "3": [
        0,
        60
      ],
      "4": [
        60,
        0
      ],
      "5": [
        60,
        60
      ],
      "6": [
        60,
        0
      ],
      "7": [
        60,
        60
      ],
      "8": [
        0,
        0
      ],
      "9": [
        0,
        0
      ]
    },
    "inputSourceMap": {
      "version": 3,
      "mappings": "AAmDM;AAnDN,OAAO,oBAAa;AAAA;AAAA;AAAA;AAAA;AAAA;AAAA;AAAA;AAAA;AAAA;AAAA;AAAA;AAAA;AAAA;AAAA;AAAA;AACpB,OAAOA,YAAY;AACnB,OAAOC,oBAAoB;AAE3B,MAAMC,MAAMA,MAAM;AAChB,QAAMC,cAAc;AAAA,IAClB;AAAA,MACEC,QAAQ;AAAA,MACRC,OAAO;AAAA,MACPC,aACE;AAAA,MACFC,MAAM;AAAA,IACR;AAAA,IACA;AAAA,MACEH,QAAQ;AAAA,MACRC,OAAO;AAAA,MACPC,aAAa;AAAA,MACbC,MAAM;AAAA,IACR;AAAA,IACA;AAAA,MACEH,QAAQ;AAAA,MACRC,OAAO;AAAA,MACPC,aACE;AAAA,MACFC,MAAM;AAAA,IACR;AAAA,EAAC;AAGH,QAAMC,mBAAmB;AAAA,IACvB;AAAA,MACEJ,QAAQ;AAAA,MACRC,OAAO;AAAA,MACPC,aAAa;AAAA,MACbC,MAAM;AAAA,IACR;AAAA,IACA;AAAA,MACEH,QAAQ;AAAA,MACRC,OAAO;AAAA,MACPC,aAAa;AAAA,MACbC,MAAM;AAAA,IACR;AAAA,IACA;AAAA,MACEH,QAAQ;AAAA,MACRC,OAAO;AAAA,MACPC,aAAa;AAAA,MACbC,MAAM;AAAA,IACR;AAAA,EAAC;AAGH,SACE,uBAAC,SAAI,OAAO,EAAEE,iBAAiB,WAAWC,OAAO,OAAO,GACtD;AAAA,2BAAC,YAAD;AAAA;AAAA;AAAA;AAAA,WAAO;AAAA,IACP,uBAAC,UAAK,OAAO,EAAEC,SAAS,SAAS,GAC/B,iCAAC,SAAI,WAAU,mBACb,iCAAC,SAAI,WAAU,OACb;AAAA,6BAAC,SAAI,WAAU,UACb;AAAA,+BAAC,QAAG,OAAO,EAAEC,YAAY,QAAQC,cAAc,OAAO,GAAE,kCAAxD;AAAA;AAAA;AAAA;AAAA,eAEA;AAAA,QACA,uBAAC,OAAE,OAAO,EAAEA,cAAc,OAAO,GAAE,4FAAnC;AAAA;AAAA;AAAA;AAAA,eAEA;AAAA,WANF;AAAA;AAAA;AAAA;AAAA,aAOA;AAAA,MACA;AAAA,QAAC;AAAA;AAAA,UACC,OAAM;AAAA,UACN,aAAY;AAAA,UACZ,UAAUV;AAAAA;AAAAA,QAHZ;AAAA;AAAA;AAAA;AAAA;AAAA;AAAA;AAAA;AAAA,MAGwB;AAAA,MAExB;AAAA,QAAC;AAAA;AAAA,UACC,OAAM;AAAA,UACN,aAAY;AAAA,UACZ,UAAUK;AAAAA;AAAAA,QAHZ;AAAA;AAAA;AAAA;AAAA;AAAA;AAAA;AAAA;AAAA,MAG6B;AAAA,SAjB/B;AAAA;AAAA;AAAA;AAAA,WAmBA,KApBF;AAAA;AAAA;AAAA;AAAA,WAqBA,KAtBF;AAAA;AAAA;AAAA;AAAA,WAuBA;AAAA,OAzBF;AAAA;AAAA;AAAA;AAAA,SA0BA;AAEJ;AAAEM,KA1EIZ;AA4EN,eAAeA;AAAI,IAAAY;AAAAC,aAAAD,IAAA",
      "names": [
        "Navbar",
        "ServiceSection",
        "App",
        "webServices",
        "imgSrc",
        "title",
        "description",
        "link",
        "databaseServices",
        "backgroundColor",
        "color",
        "padding",
        "fontWeight",
        "marginBottom",
        "_c",
        "$RefreshReg$"
      ],
      "ignoreList": [],
      "sources": [
        "/home/stephany.milhomem/Documents/projetos/my-marketplace/src/App.jsx"
      ],
      "file": "/home/stephany.milhomem/Documents/projetos/my-marketplace/src/App.jsx"
    },
    "_coverageSchema": "1a1c01bbd47fc00a2c39e90264f33305004495a9",
    "hash": "5d9cad6b0ac8544de9645c67531d343e34ca8776"
  },
  "/home/stephany.milhomem/Documents/projetos/my-marketplace/src/components/MyServices.jsx": {
    "path": "/home/stephany.milhomem/Documents/projetos/my-marketplace/src/components/MyServices.jsx",
    "statementMap": {
      "0": {
        "start": {
          "line": 3,
          "column": 20
        },
        "end": {
          "line": 3,
          "column": 97
        }
      },
      "1": {
        "start": {
          "line": 6,
          "column": 0
        },
        "end": {
          "line": 16,
          "column": 1
        }
      },
      "2": {
        "start": {
          "line": 7,
          "column": 2
        },
        "end": {
          "line": 9,
          "column": 3
        }
      },
      "3": {
        "start": {
          "line": 8,
          "column": 4
        },
        "end": {
          "line": 8,
          "column": 165
        }
      },
      "4": {
        "start": {
          "line": 10,
          "column": 2
        },
        "end": {
          "line": 10,
          "column": 39
        }
      },
      "5": {
        "start": {
          "line": 11,
          "column": 2
        },
        "end": {
          "line": 11,
          "column": 39
        }
      },
      "6": {
        "start": {
          "line": 12,
          "column": 2
        },
        "end": {
          "line": 14,
          "column": 4
        }
      },
      "7": {
        "start": {
          "line": 13,
          "column": 4
        },
        "end": {
          "line": 13,
          "column": 131
        }
      },
      "8": {
        "start": {
          "line": 15,
          "column": 2
        },
        "end": {
          "line": 15,
          "column": 75
        }
      },
      "9": {
        "start": {
          "line": 17,
          "column": 9
        },
        "end": {
          "line": 17,
          "column": 23
        }
      },
      "10": {
        "start": {
          "line": 21,
          "column": 19
        },
        "end": {
          "line": 137,
          "column": 1
        }
      },
      "11": {
        "start": {
          "line": 22,
          "column": 2
        },
        "end": {
          "line": 22,
          "column": 7
        }
      },
      "12": {
        "start": {
          "line": 23,
          "column": 34
        },
        "end": {
          "line": 23,
          "column": 46
        }
      },
      "13": {
        "start": {
          "line": 24,
          "column": 2
        },
        "end": {
          "line": 27,
          "column": 9
        }
      },
      "14": {
        "start": {
          "line": 25,
          "column": 27
        },
        "end": {
          "line": 25,
          "column": 77
        }
      },
      "15": {
        "start": {
          "line": 26,
          "column": 4
        },
        "end": {
          "line": 26,
          "column": 32
        }
      },
      "16": {
        "start": {
          "line": 28,
          "column": 2
        },
        "end": {
          "line": 136,
          "column": 11
        }
      },
      "17": {
        "start": {
          "line": 83,
          "column": 39
        },
        "end": {
          "line": 112,
          "column": 18
        }
      },
      "18": {
        "start": {
          "line": 138,
          "column": 0
        },
        "end": {
          "line": 138,
          "column": 47
        }
      },
      "19": {
        "start": {
          "line": 139,
          "column": 0
        },
        "end": {
          "line": 139,
          "column": 16
        }
      },
      "20": {
        "start": {
          "line": 142,
          "column": 0
        },
        "end": {
          "line": 142,
          "column": 31
        }
      },
      "21": {
        "start": {
          "line": 143,
          "column": 0
        },
        "end": {
          "line": 146,
          "column": 1
        }
      },
      "22": {
        "start": {
          "line": 144,
          "column": 2
        },
        "end": {
          "line": 144,
          "column": 39
        }
      },
      "23": {
        "start": {
          "line": 145,
          "column": 2
        },
        "end": {
          "line": 145,
          "column": 39
        }
      },
      "24": {
        "start": {
          "line": 147,
          "column": 0
        },
        "end": {
          "line": 156,
          "column": 1
        }
      },
      "25": {
        "start": {
          "line": 148,
          "column": 2
        },
        "end": {
          "line": 155,
          "column": 5
        }
      },
      "26": {
        "start": {
          "line": 149,
          "column": 4
        },
        "end": {
          "line": 149,
          "column": 157
        }
      },
      "27": {
        "start": {
          "line": 150,
          "column": 4
        },
        "end": {
          "line": 154,
          "column": 7
        }
      },
      "28": {
        "start": {
          "line": 151,
          "column": 6
        },
        "end": {
          "line": 151,
          "column": 31
        }
      },
      "29": {
        "start": {
          "line": 151,
          "column": 24
        },
        "end": {
          "line": 151,
          "column": 31
        }
      },
      "30": {
        "start": {
          "line": 152,
          "column": 32
        },
        "end": {
          "line": 152,
          "column": 115
        }
      },
      "31": {
        "start": {
          "line": 153,
          "column": 6
        },
        "end": {
          "line": 153,
          "column": 75
        }
      },
      "32": {
        "start": {
          "line": 153,
          "column": 29
        },
        "end": {
          "line": 153,
          "column": 75
        }
      }
    },
    "fnMap": {
      "0": {
        "name": "(anonymous_0)",
        "decl": {
          "start": {
            "line": 12,
            "column": 24
          },
          "end": {
            "line": 12,
            "column": 25
          }
        },
        "loc": {
          "start": {
            "line": 12,
            "column": 38
          },
          "end": {
            "line": 14,
            "column": 3
          }
        },
        "line": 12
      },
      "1": {
        "name": "(anonymous_1)",
        "decl": {
          "start": {
            "line": 21,
            "column": 19
          },
          "end": {
            "line": 21,
            "column": 20
          }
        },
        "loc": {
          "start": {
            "line": 21,
            "column": 25
          },
          "end": {
            "line": 137,
            "column": 1
          }
        },
        "line": 21
      },
      "2": {
        "name": "(anonymous_2)",
        "decl": {
          "start": {
            "line": 24,
            "column": 12
          },
          "end": {
            "line": 24,
            "column": 13
          }
        },
        "loc": {
          "start": {
            "line": 24,
            "column": 18
          },
          "end": {
            "line": 27,
            "column": 3
          }
        },
        "line": 24
      },
      "3": {
        "name": "(anonymous_3)",
        "decl": {
          "start": {
            "line": 83,
            "column": 10
          },
          "end": {
            "line": 83,
            "column": 11
          }
        },
        "loc": {
          "start": {
            "line": 83,
            "column": 39
          },
          "end": {
            "line": 112,
            "column": 18
          }
        },
        "line": 83
      },
      "4": {
        "name": "(anonymous_4)",
        "decl": {
          "start": {
            "line": 148,
            "column": 52
          },
          "end": {
            "line": 148,
            "column": 53
          }
        },
        "loc": {
          "start": {
            "line": 148,
            "column": 72
          },
          "end": {
            "line": 155,
            "column": 3
          }
        },
        "line": 148
      },
      "5": {
        "name": "(anonymous_5)",
        "decl": {
          "start": {
            "line": 150,
            "column": 27
          },
          "end": {
            "line": 150,
            "column": 28
          }
        },
        "loc": {
          "start": {
            "line": 150,
            "column": 44
          },
          "end": {
            "line": 154,
            "column": 5
          }
        },
        "line": 150
      }
    },
    "branchMap": {
      "0": {
        "loc": {
          "start": {
            "line": 3,
            "column": 20
          },
          "end": {
            "line": 3,
            "column": 97
          }
        },
        "type": "binary-expr",
        "locations": [
          {
            "start": {
              "line": 3,
              "column": 20
            },
            "end": {
              "line": 3,
              "column": 60
            }
          },
          {
            "start": {
              "line": 3,
              "column": 64
            },
            "end": {
              "line": 3,
              "column": 97
            }
          }
        ],
        "line": 3
      },
      "1": {
        "loc": {
          "start": {
            "line": 6,
            "column": 0
          },
          "end": {
            "line": 16,
            "column": 1
          }
        },
        "type": "if",
        "locations": [
          {
            "start": {
              "line": 6,
              "column": 0
            },
            "end": {
              "line": 16,
              "column": 1
            }
          },
          {
            "start": {},
            "end": {}
          }
        ],
        "line": 6
      },
      "2": {
        "loc": {
          "start": {
            "line": 6,
            "column": 4
          },
          "end": {
            "line": 6,
            "column": 35
          }
        },
        "type": "binary-expr",
        "locations": [
          {
            "start": {
              "line": 6,
              "column": 4
            },
            "end": {
              "line": 6,
              "column": 19
            }
          },
          {
            "start": {
              "line": 6,
              "column": 23
            },
            "end": {
              "line": 6,
              "column": 35
            }
          }
        ],
        "line": 6
      },
      "3": {
        "loc": {
          "start": {
            "line": 7,
            "column": 2
          },
          "end": {
            "line": 9,
            "column": 3
          }
        },
        "type": "if",
        "locations": [
          {
            "start": {
              "line": 7,
              "column": 2
            },
            "end": {
              "line": 9,
              "column": 3
            }
          },
          {
            "start": {},
            "end": {}
          }
        ],
        "line": 7
      },
      "4": {
        "loc": {
          "start": {
            "line": 25,
            "column": 27
          },
          "end": {
            "line": 25,
            "column": 77
          }
        },
        "type": "binary-expr",
        "locations": [
          {
            "start": {
              "line": 25,
              "column": 27
            },
            "end": {
              "line": 25,
              "column": 71
            }
          },
          {
            "start": {
              "line": 25,
              "column": 75
            },
            "end": {
              "line": 25,
              "column": 77
            }
          }
        ],
        "line": 25
      },
      "5": {
        "loc": {
          "start": {
            "line": 143,
            "column": 0
          },
          "end": {
            "line": 146,
            "column": 1
          }
        },
        "type": "if",
        "locations": [
          {
            "start": {
              "line": 143,
              "column": 0
            },
            "end": {
              "line": 146,
              "column": 1
            }
          },
          {
            "start": {},
            "end": {}
          }
        ],
        "line": 143
      },
      "6": {
        "loc": {
          "start": {
            "line": 143,
            "column": 4
          },
          "end": {
            "line": 143,
            "column": 35
          }
        },
        "type": "binary-expr",
        "locations": [
          {
            "start": {
              "line": 143,
              "column": 4
            },
            "end": {
              "line": 143,
              "column": 19
            }
          },
          {
            "start": {
              "line": 143,
              "column": 23
            },
            "end": {
              "line": 143,
              "column": 35
            }
          }
        ],
        "line": 143
      },
      "7": {
        "loc": {
          "start": {
            "line": 147,
            "column": 0
          },
          "end": {
            "line": 156,
            "column": 1
          }
        },
        "type": "if",
        "locations": [
          {
            "start": {
              "line": 147,
              "column": 0
            },
            "end": {
              "line": 156,
              "column": 1
            }
          },
          {
            "start": {},
            "end": {}
          }
        ],
        "line": 147
      },
      "8": {
        "loc": {
          "start": {
            "line": 147,
            "column": 4
          },
          "end": {
            "line": 147,
            "column": 35
          }
        },
        "type": "binary-expr",
        "locations": [
          {
            "start": {
              "line": 147,
              "column": 4
            },
            "end": {
              "line": 147,
              "column": 19
            }
          },
          {
            "start": {
              "line": 147,
              "column": 23
            },
            "end": {
              "line": 147,
              "column": 35
            }
          }
        ],
        "line": 147
      },
      "9": {
        "loc": {
          "start": {
            "line": 151,
            "column": 6
          },
          "end": {
            "line": 151,
            "column": 31
          }
        },
        "type": "if",
        "locations": [
          {
            "start": {
              "line": 151,
              "column": 6
            },
            "end": {
              "line": 151,
              "column": 31
            }
          },
          {
            "start": {},
            "end": {}
          }
        ],
        "line": 151
      },
      "10": {
        "loc": {
          "start": {
            "line": 153,
            "column": 6
          },
          "end": {
            "line": 153,
            "column": 75
          }
        },
        "type": "if",
        "locations": [
          {
            "start": {
              "line": 153,
              "column": 6
            },
            "end": {
              "line": 153,
              "column": 75
            }
          },
          {
            "start": {},
            "end": {}
          }
        ],
        "line": 153
      }
    },
    "s": {
      "0": 60,
      "1": 60,
      "2": 60,
      "3": 0,
      "4": 60,
      "5": 60,
      "6": 60,
      "7": 60,
      "8": 60,
      "9": 60,
      "10": 60,
      "11": 48,
      "12": 48,
      "13": 48,
      "14": 24,
      "15": 24,
      "16": 48,
      "17": 8,
      "18": 60,
      "19": 60,
      "20": 60,
      "21": 60,
      "22": 60,
      "23": 60,
      "24": 60,
      "25": 60,
      "26": 60,
      "27": 60,
      "28": 0,
      "29": 0,
      "30": 0,
      "31": 0,
      "32": 0
    },
    "f": {
      "0": 60,
      "1": 48,
      "2": 24,
      "3": 8,
      "4": 60,
      "5": 0
    },
    "b": {
      "0": [
        60,
        0
      ],
      "1": [
        60,
        0
      ],
      "2": [
        60,
        60
      ],
      "3": [
        0,
        60
      ],
      "4": [
        24,
        16
      ],
      "5": [
        60,
        0
      ],
      "6": [
        60,
        60
      ],
      "7": [
        60,
        0
      ],
      "8": [
        60,
        60
      ],
      "9": [
        0,
        0
      ],
      "10": [
        0,
        0
      ]
    },
    "inputSourceMap": {
      "version": 3,
[...]
          "end": {
            "line": 293,
            "column": 1
          }
        },
        "line": 291
      },
      "5": {
        "name": "(anonymous_5)",
        "decl": {
          "start": {
            "line": 303,
            "column": 52
          },
          "end": {
            "line": 303,
            "column": 53
          }
        },
        "loc": {
          "start": {
            "line": 303,
            "column": 72
          },
          "end": {
            "line": 310,
            "column": 3
          }
        },
        "line": 303
      },
      "6": {
        "name": "(anonymous_6)",
        "decl": {
          "start": {
            "line": 305,
            "column": 27
          },
          "end": {
            "line": 305,
            "column": 28
          }
        },
        "loc": {
          "start": {
            "line": 305,
            "column": 44
          },
          "end": {
            "line": 309,
            "column": 5
          }
        },
        "line": 305
      }
    },
    "branchMap": {
      "0": {
        "loc": {
          "start": {
            "line": 3,
            "column": 20
          },
          "end": {
            "line": 3,
            "column": 97
          }
        },
        "type": "binary-expr",
        "locations": [
          {
            "start": {
              "line": 3,
              "column": 20
            },
            "end": {
              "line": 3,
              "column": 60
            }
          },
          {
            "start": {
              "line": 3,
              "column": 64
            },
            "end": {
              "line": 3,
              "column": 97
            }
          }
        ],
        "line": 3
      },
      "1": {
        "loc": {
          "start": {
            "line": 6,
            "column": 0
          },
          "end": {
            "line": 16,
            "column": 1
          }
        },
        "type": "if",
        "locations": [
          {
            "start": {
              "line": 6,
              "column": 0
            },
            "end": {
              "line": 16,
              "column": 1
            }
          },
          {
            "start": {},
            "end": {}
          }
        ],
        "line": 6
      },
      "2": {
        "loc": {
          "start": {
            "line": 6,
            "column": 4
          },
          "end": {
            "line": 6,
            "column": 35
          }
        },
        "type": "binary-expr",
        "locations": [
          {
            "start": {
              "line": 6,
              "column": 4
            },
            "end": {
              "line": 6,
              "column": 19
            }
          },
          {
            "start": {
              "line": 6,
              "column": 23
            },
            "end": {
              "line": 6,
              "column": 35
            }
          }
        ],
        "line": 6
      },
      "3": {
        "loc": {
          "start": {
            "line": 7,
            "column": 2
          },
          "end": {
            "line": 9,
            "column": 3
          }
        },
        "type": "if",
        "locations": [
          {
            "start": {
              "line": 7,
              "column": 2
            },
            "end": {
              "line": 9,
              "column": 3
            }
          },
          {
            "start": {},
            "end": {}
          }
        ],
        "line": 7
      },
      "4": {
        "loc": {
          "start": {
            "line": 27,
            "column": 27
          },
          "end": {
            "line": 27,
            "column": 77
          }
        },
        "type": "binary-expr",
        "locations": [
          {
            "start": {
              "line": 27,
              "column": 27
            },
            "end": {
              "line": 27,
              "column": 71
            }
          },
          {
            "start": {
              "line": 27,
              "column": 75
            },
            "end": {
              "line": 27,
              "column": 77
            }
          }
        ],
        "line": 27
      },
      "5": {
        "loc": {
          "start": {
            "line": 29,
            "column": 4
          },
          "end": {
            "line": 31,
            "column": 5
          }
        },
        "type": "if",
        "locations": [
          {
            "start": {
              "line": 29,
              "column": 4
            },
            "end": {
              "line": 31,
              "column": 5
            }
          },
          {
            "start": {},
            "end": {}
          }
        ],
        "line": 29
      },
      "6": {
        "loc": {
          "start": {
            "line": 34,
            "column": 2
          },
          "end": {
            "line": 55,
            "column": 3
          }
        },
        "type": "if",
        "locations": [
          {
            "start": {
              "line": 34,
              "column": 2
            },
            "end": {
              "line": 55,
              "column": 3
            }
          },
          {
            "start": {},
            "end": {}
          }
        ],
        "line": 34
      },
      "7": {
        "loc": {
          "start": {
            "line": 56,
            "column": 2
          },
          "end": {
            "line": 77,
            "column": 3
          }
        },
        "type": "if",
        "locations": [
          {
            "start": {
              "line": 56,
              "column": 2
            },
            "end": {
              "line": 77,
              "column": 3
            }
          },
          {
            "start": {},
            "end": {}
          }
        ],
        "line": 56
      },
      "8": {
        "loc": {
          "start": {
            "line": 298,
            "column": 0
          },
          "end": {
            "line": 301,
            "column": 1
          }
        },
        "type": "if",
        "locations": [
          {
            "start": {
              "line": 298,
              "column": 0
            },
            "end": {
              "line": 301,
              "column": 1
            }
          },
          {
            "start": {},
            "end": {}
          }
        ],
        "line": 298
      },
      "9": {
        "loc": {
          "start": {
            "line": 298,
            "column": 4
          },
          "end": {
            "line": 298,
            "column": 35
          }
        },
        "type": "binary-expr",
        "locations": [
          {
            "start": {
              "line": 298,
              "column": 4
            },
            "end": {
              "line": 298,
              "column": 19
            }
          },
          {
            "start": {
              "line": 298,
              "column": 23
            },
            "end": {
              "line": 298,
              "column": 35
            }
          }
        ],
        "line": 298
      },
      "10": {
        "loc": {
          "start": {
            "line": 302,
            "column": 0
          },
          "end": {
            "line": 311,
            "column": 1
          }
        },
        "type": "if",
        "locations": [
          {
            "start": {
              "line": 302,
              "column": 0
            },
            "end": {
              "line": 311,
              "column": 1
            }
          },
          {
            "start": {},
            "end": {}
          }
        ],
        "line": 302
      },
      "11": {
        "loc": {
          "start": {
            "line": 302,
            "column": 4
          },
          "end": {
            "line": 302,
            "column": 35
          }
        },
        "type": "binary-expr",
        "locations": [
          {
            "start": {
              "line": 302,
              "column": 4
            },
            "end": {
              "line": 302,
              "column": 19
            }
          },
          {
            "start": {
              "line": 302,
              "column": 23
            },
            "end": {
              "line": 302,
              "column": 35
            }
          }
        ],
        "line": 302
      },
      "12": {
        "loc": {
          "start": {
            "line": 306,
            "column": 6
          },
          "end": {
            "line": 306,
            "column": 31
          }
        },
        "type": "if",
        "locations": [
          {
            "start": {
              "line": 306,
              "column": 6
            },
            "end": {
              "line": 306,
              "column": 31
            }
          },
          {
            "start": {},
            "end": {}
          }
        ],
        "line": 306
      },
      "13": {
        "loc": {
          "start": {
            "line": 308,
            "column": 6
          },
          "end": {
            "line": 308,
            "column": 75
          }
        },
        "type": "if",
        "locations": [
          {
            "start": {
              "line": 308,
              "column": 6
            },
            "end": {
              "line": 308,
              "column": 75
            }
          },
          {
            "start": {},
            "end": {}
          }
        ],
        "line": 308
      }
    },
    "s": {
      "0": 60,
      "1": 60,
      "2": 60,
      "3": 0,
      "4": 60,
      "5": 60,
      "6": 60,
      "7": 60,
      "8": 60,
      "9": 60,
      "10": 60,
      "11": 16,
      "12": 16,
      "13": 16,
      "14": 16,
      "15": 16,
      "16": 8,
      "17": 8,
      "18": 8,
      "19": 8,
      "20": 8,
      "21": 8,
      "22": 16,
      "23": 8,
      "24": 8,
      "25": 0,
      "26": 8,
      "27": 60,
      "28": 8,
      "29": 60,
      "30": 60,
      "31": 60,
      "32": 60,
      "33": 60,
      "34": 60,
      "35": 60,
      "36": 60,
      "37": 60,
      "38": 0,
      "39": 0,
      "40": 0,
      "41": 0,
      "42": 0
    },
    "f": {
      "0": 60,
      "1": 16,
      "2": 8,
      "3": 8,
      "4": 8,
      "5": 60,
      "6": 0
    },
    "b": {
      "0": [
        60,
        0
      ],
      "1": [
        60,
        0
      ],
      "2": [
        60,
        60
      ],
      "3": [
        0,
        60
      ],
      "4": [
        8,
        0
      ],
      "5": [
        8,
        0
      ],
      "6": [
        8,
        8
      ],
      "7": [
        0,
        8
      ],
      "8": [
        60,
        0
      ],
      "9": [
        60,
        60
      ],
      "10": [
        60,
        0
      ],
      "11": [
        60,
        60
      ],
      "12": [
        0,
        0
      ],
      "13": [
        0,
        0
      ]
    },
    "inputSourceMap": {
      "version": 3,
      "mappings": "AAuBY;2BAvBZ;AAAoBA,oBAAgB,OAAO;AAAA;AAAA;AAAA;AAAA;AAAA;AAAA;AAAA;AAAA;AAAA;AAAA;AAAA;AAAA;AAAA;AAAA;AAAA;AAC3C,SAAQC,iBAAgB;AACxB,OAAOC,YAAY;AAEnB,MAAMC,iBAAiBA,MAAM;AAAAC,KAAA;AACzB,QAAM,EAACC,KAAI,IAAIJ,UAAU;AACzB,QAAM,CAACK,SAASC,UAAU,IAAIP,SAAS,IAAI;AAC3C,QAAM,CAACQ,SAASC,UAAU,IAAIT,SAAS,IAAI;AAE3CU,YAAU,MAAM;AACZ,UAAMC,iBAAiBC,KAAKC,MAAMC,aAAaC,QAAQ,UAAU,CAAC,KAAK;AACvE,UAAMC,iBAAiBL,eAAeM,KAAK,CAACC,MAAMA,EAAEb,SAASA,IAAI;AAEjE,QAAIW,gBAAgB;AACpBT,iBAAWS,cAAc;AAAA,IACzB;AAEAP,eAAW,KAAK;AAAA,EACpB,GAAG,CAACJ,IAAI,CAAC;AAET,MAAIG,SAAS;AACT,WACA,uBAAC,UACG;AAAA,6BAAC,YAAD;AAAA;AAAA;AAAA;AAAA,aAAO;AAAA,MACP,uBAAC,SAAI,WAAU,wBACf,iCAAC,SAAI,WAAU,oBAAmB,6BAAlC;AAAA;AAAA;AAAA;AAAA,aAA+C,KAD/C;AAAA;AAAA;AAAA;AAAA,aAEA;AAAA,SAJJ;AAAA;AAAA;AAAA;AAAA,WAKA;AAAA,EAEJ;AAEA,MAAI,CAACF,SAAS;AACV,WACA,uBAAC,UACG;AAAA,6BAAC,YAAD;AAAA;AAAA;AAAA;AAAA,aAAO;AAAA,MACP,uBAAC,SAAI,WAAU,wBACf,iCAAC,SAAI,WAAU,sBAAqB,sCAApC;AAAA;AAAA;AAAA;AAAA,aAA0D,KAD1D;AAAA;AAAA;AAAA;AAAA,aAEA;AAAA,SAJJ;AAAA;AAAA;AAAA;AAAA,WAKA;AAAA,EAEJ;AAEA,SACI,uBAAC,UACG;AAAA,2BAAC,YAAD;AAAA;AAAA;AAAA;AAAA,WAAO;AAAA,IACP,uBAAC,SAAI,WAAU,wBACX;AAAA,6BAAC,SAAI,WAAU,OACX;AAAA,+BAAC,QAAG;AAAA;AAAA,UAAgCA,QAAQA;AAAAA,aAA5C;AAAA;AAAA;AAAA;AAAA,eAAoD;AAAA,QACpD,uBAAC,OAAE,WAAU,QAAO;AAAA;AAAA,UAAYA,QAAQD;AAAAA,aAAxC;AAAA;AAAA;AAAA;AAAA,eAA6C;AAAA,QAC7C,uBAAC,UAAD;AAAA;AAAA;AAAA;AAAA,eAAG;AAAA,WAHP;AAAA;AAAA;AAAA;AAAA,aAIA;AAAA,MACA,uBAAC,SAAI,WAAU,yBACX;AAAA,+BAAC,SAAI,WAAU,YACX;AAAA,iCAAC,QAAG,sBAAJ;AAAA;AAAA;AAAA;AAAA,iBAAU;AAAA,UACV,uBAAC,SAAI,WAAU,oBAAkB,mDAAjC;AAAA;AAAA;AAAA;AAAA,iBAEA;AAAA,UACA,uBAAC,SAAI,WAAU,oBACX,iCAAC,WAAM,WAAU,kBACb;AAAA,mCAAC,WACG,iCAAC,QACG;AAAA,qCAAC,QAAG,mCAAJ;AAAA;AAAA;AAAA;AAAA,qBAAuB;AAAA,cACvB,uBAAC,QAAG,qBAAJ;AAAA;AAAA;AAAA;AAAA,qBAAS;AAAA,cACT,uBAAC,QAAG,wBAAJ;AAAA;AAAA;AAAA;AAAA,qBAAY;AAAA,iBAHhB;AAAA;AAAA;AAAA;AAAA,mBAIA,KALJ;AAAA;AAAA;AAAA;AAAA,mBAMA;AAAA,YACA,uBAAC,WACG,iCAAC,QACG;AAAA,qCAAC,QAAG,2BAAJ;AAAA;AAAA;AAAA;AAAA,qBAAe;AAAA,cACf,uBAAC,QAAG,iBAAJ;AAAA;AAAA;AAAA;AAAA,qBAAK;AAAA,cACL,uBAAC,QAAG,iBAAJ;AAAA;AAAA;AAAA;AAAA,qBAAK;AAAA,iBAHT;AAAA;AAAA;AAAA;AAAA,mBAIA,KALJ;AAAA;AAAA;AAAA;AAAA,mBAMA;AAAA,eAdJ;AAAA;AAAA;AAAA;AAAA,iBAeA,KAhBJ;AAAA;AAAA;AAAA;AAAA,iBAiBA;AAAA,UACA,uBAAC,QAAG,iCAAJ;AAAA;AAAA;AAAA;AAAA,iBAAqB;AAAA,UACrB,uBAAC,SAAI,WAAU,uBAAqB,iDAApC;AAAA;AAAA;AAAA;AAAA,iBAEA;AAAA,aA1BJ;AAAA;AAAA;AAAA;AAAA,eA2BA;AAAA,QACA,uBAAC,SAAI,WAAU,YACX;AAAA,iCAAC,QAAG,wBAAJ;AAAA;AAAA;AAAA;AAAA,iBAAY;AAAA,UACZ,uBAAC,QAAG,WAAU,OACV;AAAA,mCAAC,QAAG,WAAU,YAAW,wBAAzB;AAAA;AAAA;AAAA;AAAA,mBAAiC;AAAA,YACjC,uBAAC,QAAG,WAAU,YAAYC,kBAAQA,WAAlC;AAAA;AAAA;AAAA;AAAA,mBAA0C;AAAA,YAE1C,uBAAC,QAAG,WAAU,YAAW,oBAAzB;AAAA;AAAA;AAAA;AAAA,mBAA6B;AAAA,YAC7B,uBAAC,QAAG,WAAU,YACV,iCAAC,OAAE,MAAMA,QAAQa,KAAMb,kBAAQa,OAA/B;AAAA;AAAA;AAAA;AAAA,mBAAmC,KADvC;AAAA;AAAA;AAAA;AAAA,mBAEA;AAAA,YAEA,uBAAC,QAAG,WAAU,YAAW,yBAAzB;AAAA;AAAA;AAAA;AAAA,mBAAkC;AAAA,YAClC,uBAAC,QAAG,WAAU,YAAW,sBAAzB;AAAA;AAAA;AAAA;AAAA,mBAA+B;AAAA,YAE/B,uBAAC,QAAG,WAAU,YAAW,wBAAzB;AAAA;AAAA;AAAA;AAAA,mBAAiC;AAAA,YACjC,uBAAC,QAAG,WAAU,YAAW,mBAAzB;AAAA;AAAA;AAAA;AAAA,mBAA4B;AAAA,eAbhC;AAAA;AAAA;AAAA;AAAA,iBAcA;AAAA,aAhBJ;AAAA;AAAA;AAAA;AAAA,eAiBA;AAAA,QACA,uBAAC,UAAD;AAAA;AAAA;AAAA;AAAA,eAAG;AAAA,QACH,uBAAC,QAAG,mCAAJ;AAAA;AAAA;AAAA;AAAA,eAAuB;AAAA,QACvB,uBAAC,SAAI,WAAU,WAAf;AAAA;AAAA;AAAA;AAAA,eAAuB;AAAA,WAjD3B;AAAA;AAAA;AAAA;AAAA,aAkDA;AAAA,SAxDJ;AAAA;AAAA;AAAA;AAAA,WAyDA;AAAA,OA3DJ;AAAA;AAAA;AAAA;AAAA,SA4DA;AAER;AAAEf,GArGID,gBAAc;AAAA,UACDF,SAAS;AAAA;AAAAmB,KADtBjB;AAuGN,eAAeA;AAAe,IAAAiB;AAAAC,aAAAD,IAAA",
      "names": [
        "useState",
        "useParams",
        "Navbar",
        "ServiceDetails",
        "_s",
        "uuid",
        "service",
        "setService",
        "loading",
        "setLoading",
        "useEffect",
        "storedServices",
        "JSON",
        "parse",
        "localStorage",
        "getItem",
        "serviceDetails",
        "find",
        "s",
        "url",
        "_c",
        "$RefreshReg$"
      ],
      "ignoreList": [],
      "sources": [
        "/home/stephany.milhomem/Documents/projetos/my-marketplace/src/components/ServiceDetails.jsx"
      ],
      "file": "/home/stephany.milhomem/Documents/projetos/my-marketplace/src/components/ServiceDetails.jsx"
    },
    "_coverageSchema": "1a1c01bbd47fc00a2c39e90264f33305004495a9",
    "hash": "c5602576705363219639edacc106efcbdc0d919f"
  },
  "/home/stephany.milhomem/Documents/projetos/my-marketplace/src/main.jsx": {
    "path": "/home/stephany.milhomem/Documents/projetos/my-marketplace/src/main.jsx",
    "statementMap": {
      "0": {
        "start": {
          "line": 9,
          "column": 13
        },
        "end": {
          "line": 9,
          "column": 65
        }
      },
      "1": {
        "start": {
          "line": 10,
          "column": 0
        },
        "end": {
          "line": 70,
          "column": 2
        }
      }
    },
    "fnMap": {},
    "branchMap": {},
    "s": {
      "0": 60,
      "1": 60
    },
    "f": {},
    "b": {},
    "inputSourceMap": {
      "version": 3,
      "mappings": "AAY+B;AAZ/B,OAAOA,WAAW;AAClB,OAAOC,cAAc;AACrB,SAASC,eAAeC,QAAQC,aAAa;AAC7C,OAAOC,SAAS;AAChB,OAAOC,gBAAgB;AACvB,OAAOC,mBAAmB;AAC1B,OAAOC,oBAAoB;AAE3B,MAAMC,OAAOR,SAASS,WAAWC,SAASC,eAAe,MAAM,CAAC;AAChEH,KAAKI;AAAAA,EACH,uBAAC,iBACC,iCAAC,UACC;AAAA,2BAAC,SAAM,MAAK,KAAI,SAAS,uBAAC,SAAD;AAAA;AAAA;AAAA;AAAA,WAAI,KAA7B;AAAA;AAAA;AAAA;AAAA,WAAiC;AAAA,IAAG;AAAA,IACpC,uBAAC,SAAM,MAAK,eAAc,SAAS,uBAAC,gBAAD;AAAA;AAAA;AAAA;AAAA,WAAW,KAA9C;AAAA;AAAA;AAAA;AAAA,WAAkD;AAAA,IAAG;AAAA,IACrD;AAAA,MAAC;AAAA;AAAA,QACC,MAAK;AAAA,QACL,SAAS,uBAAC,iBAAc,aAAa,kBAA5B;AAAA;AAAA;AAAA;AAAA,eAA2C;AAAA;AAAA,MAFtD;AAAA;AAAA;AAAA;AAAA;AAAA;AAAA;AAAA;AAAA,IAE0D;AAAA,IAE1D,uBAAC,SAAM,MAAK,6BAA4B,SAAS,uBAAC,oBAAD;AAAA;AAAA;AAAA;AAAA,WAAe,KAAhE;AAAA;AAAA;AAAA;AAAA,WAAoE;AAAA,IAAG;AAAA,OAPzE;AAAA;AAAA;AAAA;AAAA,SAQA,KATF;AAAA;AAAA;AAAA;AAAA,SAUA;AACF",
      "names": [
        "React",
        "ReactDOM",
        "BrowserRouter",
        "Routes",
        "Route",
        "App",
        "MyServices",
        "CreateService",
        "ServiceDetails",
        "root",
        "createRoot",
        "document",
        "getElementById",
        "render"
      ],
      "ignoreList": [],
      "sources": [
        "/home/stephany.milhomem/Documents/projetos/my-marketplace/src/main.jsx"
      ],
      "file": "/home/stephany.milhomem/Documents/projetos/my-marketplace/src/main.jsx"
    },
    "_coverageSchema": "1a1c01bbd47fc00a2c39e90264f33305004495a9",
    "hash": "5aee12de4e1111e2bfd3bff73b613d54401cae94"
  },
  "/home/stephany.milhomem/Documents/projetos/my-marketplace/src/index.css": {
    "path": "/home/stephany.milhomem/Documents/projetos/my-marketplace/src/index.css",
    "statementMap": {},
    "fnMap": {},
    "branchMap": {},
    "s": {},
    "f": {},
    "b": {}
  },
  "/home/stephany.milhomem/Documents/projetos/my-marketplace/src/assets/logo-only-white.png": {
    "path": "/home/stephany.milhomem/Documents/projetos/my-marketplace/src/assets/logo-only-white.png",
    "statementMap": {},
    "fnMap": {},
    "branchMap": {},
    "s": {},
    "f": {},
    "b": {}
  },
  "/home/stephany.milhomem/Documents/projetos/my-marketplace/src/assets/mariadb.svg": {
    "path": "/home/stephany.milhomem/Documents/projetos/my-marketplace/src/assets/mariadb.svg",
    "statementMap": {},
    "fnMap": {},
    "branchMap": {},
    "s": {},
    "f": {},
    "b": {}
  },
  "/home/stephany.milhomem/Documents/projetos/my-marketplace/src/assets/minio.svg": {
    "path": "/home/stephany.milhomem/Documents/projetos/my-marketplace/src/assets/minio.svg",
    "statementMap": {},
    "fnMap": {},
    "branchMap": {},
    "s": {},
    "f": {},
    "b": {}
  },
  "/home/stephany.milhomem/Documents/projetos/my-marketplace/src/assets/mysql.svg": {
    "path": "/home/stephany.milhomem/Documents/projetos/my-marketplace/src/assets/mysql.svg",
    "statementMap": {},
    "fnMap": {},
    "branchMap": {},
    "s": {},
    "f": {},
    "b": {}
  },
  "/home/stephany.milhomem/Documents/projetos/my-marketplace/src/assets/owncloud.svg": {
    "path": "/home/stephany.milhomem/Documents/projetos/my-marketplace/src/assets/owncloud.svg",
    "statementMap": {},
    "fnMap": {},
    "branchMap": {},
    "s": {},
    "f": {},
    "b": {}
  },
  "/home/stephany.milhomem/Documents/projetos/my-marketplace/src/assets/postgresql.svg": {
    "path": "/home/stephany.milhomem/Documents/projetos/my-marketplace/src/assets/postgresql.svg",
    "statementMap": {},
    "fnMap": {},
    "branchMap": {},
    "s": {},
    "f": {},
    "b": {}
  },
  "/home/stephany.milhomem/Documents/projetos/my-marketplace/src/assets/wordpress.svg": {
    "path": "/home/stephany.milhomem/Documents/projetos/my-marketplace/src/assets/wordpress.svg",
    "statementMap": {},
    "fnMap": {},
    "branchMap": {},
    "s": {},
    "f": {},
    "b": {}
  }
}
