TN:
SF:src/App.jsx
FN:1,(anonymous_0)
FN:5,(anonymous_1)
FNF:2
FNH:2
FNDA:60,(anonymous_0)
FNDA:34,(anonymous_1)
DA:1,480
DA:5,60
DA:6,34
DA:29,34
DA:50,34
DA:79,60
DA:81,60
LF:7
LH:7
BRDA:1,0,0,120
BRDA:1,0,1,60
BRDA:1,1,0,60
BRF:3
BRH:3
end_of_record
TN:
SF:src/index.css
FNF:0
FNH:0
LF:0
LH:0
BRF:0
BRH:0
end_of_record
TN:
SF:src/main.jsx
FNF:0
FNH:0
DA:9,60
DA:10,60
LF:2
LH:2
BRF:0
BRH:0
end_of_record
TN:
SF:src/assets/logo-only-white.png
FNF:0
FNH:0
LF:0
LH:0
BRF:0
BRH:0
end_of_record
TN:
SF:src/assets/mariadb.svg
FNF:0
FNH:0
LF:0
LH:0
BRF:0
BRH:0
end_of_record
TN:
SF:src/assets/minio.svg
FNF:0
FNH:0
LF:0
LH:0
BRF:0
BRH:0
end_of_record
TN:
SF:src/assets/mysql.svg
FNF:0
FNH:0
LF:0
LH:0
BRF:0
BRH:0
end_of_record
TN:
SF:src/assets/owncloud.svg
FNF:0
FNH:0
LF:0
LH:0
BRF:0
BRH:0
end_of_record
TN:
SF:src/assets/postgresql.svg
FNF:0
FNH:0
LF:0
LH:0
BRF:0
BRH:0
end_of_record
TN:
SF:src/assets/wordpress.svg
FNF:0
FNH:0
LF:0
LH:0
BRF:0
BRH:0
end_of_record
TN:
SF:src/components/CreateService.jsx
FN:1,(anonymous_0)
FN:5,(anonymous_1)
FN:9,(anonymous_2)
FN:28,(anonymous_3)
FN:5,(anonymous_4)
FNF:5
FNH:5
FNDA:60,(anonymous_0)
FNDA:48,(anonymous_1)
FNDA:6,(anonymous_2)
FNDA:4,(anonymous_3)
FNDA:24,(anonymous_4)
DA:1,480
DA:5,60
DA:6,48
DA:7,60
DA:9,24
DA:10,6
DA:12,6
DA:13,6
DA:14,6
DA:24,6
DA:25,6
DA:28,6
DA:29,4
DA:35,24
DA:150,60
DA:152,60
LF:16
LH:16
BRDA:1,0,0,60
BRDA:1,0,1,0
BRDA:1,1,0,60
BRDA:1,2,0,60
BRDA:1,2,1,60
BRDA:24,3,0,6
BRDA:24,3,1,6
BRF:7
BRH:6
end_of_record
TN:
SF:src/components/MyServices.jsx
FN:1,(anonymous_0)
FN:5,(anonymous_1)
FN:8,(anonymous_2)
FN:32,(anonymous_3)
FNF:4
FNH:4
FNDA:60,(anonymous_0)
FNDA:48,(anonymous_1)
FNDA:24,(anonymous_2)
FNDA:8,(anonymous_3)
DA:1,480
DA:5,60
DA:6,48
DA:8,48
DA:9,24
DA:10,24
DA:13,48
DA:33,8
DA:49,60
DA:51,60
LF:10
LH:10
BRDA:1,0,0,60
BRDA:1,0,1,0
BRDA:1,1,0,60
BRDA:1,2,0,60
BRDA:1,2,1,60
BRDA:9,3,0,24
BRDA:9,3,1,16
BRF:7
BRH:6
end_of_record
TN:
SF:src/components/Navbar.jsx
FN:1,(anonymous_0)
FN:4,(anonymous_1)
FNF:2
FNH:2
FNDA:60,(anonymous_0)
FNDA:122,(anonymous_1)
DA:1,480
DA:4,60
DA:5,122
DA:25,60
DA:27,60
LF:5
LH:5
BRDA:1,0,0,120
BRDA:1,0,1,60
BRDA:1,1,0,60
BRF:3
BRH:3
end_of_record
TN:
SF:src/components/ServiceCard.jsx
FN:1,(anonymous_0)
FNF:1
FNH:1
FNDA:264,(anonymous_0)
DA:1,480
DA:2,204
DA:34,60
DA:36,60
LF:4
LH:4
BRDA:1,0,0,120
BRDA:1,0,1,60
BRDA:1,1,0,60
BRF:3
BRH:3
end_of_record
TN:
SF:src/components/ServiceDetails.jsx
FN:1,(anonymous_0)
FN:5,(anonymous_1)
FN:10,(anonymous_2)
FN:12,(anonymous_3)
FN:5,(anonymous_4)
FNF:5
FNH:5
FNDA:60,(anonymous_0)
FNDA:16,(anonymous_1)
FNDA:8,(anonymous_2)
FNDA:8,(anonymous_3)
FNDA:8,(anonymous_4)
DA:1,480
DA:5,60
DA:6,60
DA:7,16
DA:8,16
DA:10,16
DA:11,8
DA:12,8
DA:14,8
DA:15,8
DA:18,8
DA:21,16
DA:22,8
DA:32,8
DA:33,0
DA:43,8
DA:106,60
DA:108,60
LF:18
LH:17
BRDA:1,0,0,60
BRDA:1,0,1,0
BRDA:1,1,0,60
BRDA:1,2,0,60
BRDA:1,2,1,60
BRDA:11,3,0,8
BRDA:11,3,1,0
BRDA:14,4,0,8
BRDA:21,5,0,8
BRDA:32,6,0,0
BRF:10
BRH:7
end_of_record
TN:
SF:src/components/ServiceSection.jsx
FN:1,(anonymous_0)
FN:3,(anonymous_1)
FN:12,(anonymous_2)
FNF:3
FNH:3
FNDA:60,(anonymous_0)
FNDA:68,(anonymous_1)
FNDA:204,(anonymous_2)
DA:1,480
DA:3,60
DA:4,68
DA:13,204
DA:24,60
DA:26,60
LF:6
LH:6
BRDA:1,0,0,120
BRDA:1,0,1,60
BRDA:1,1,0,60
BRF:3
BRH:3
end_of_record
