TN:
SF:src/App.jsx
FN:1,(anonymous_0)
FN:5,(anonymous_1)
FNF:2
FNH:2
FNDA:30,(anonymous_0)
FNDA:17,(anonymous_1)
DA:1,240
DA:5,30
DA:6,17
DA:29,17
DA:50,17
DA:79,30
DA:81,30
LF:7
LH:7
BRDA:1,0,0,60
BRDA:1,0,1,30
BRDA:1,1,0,30
BRF:3
BRH:3
end_of_record
TN:
SF:src/index.css
FNF:0
FNH:0
LF:0
LH:0
BRF:0
BRH:0
end_of_record
TN:
SF:src/main.jsx
FNF:0
FNH:0
DA:9,30
DA:10,30
LF:2
LH:2
BRF:0
BRH:0
end_of_record
TN:
SF:src/assets/logo-only-white.png
FNF:0
FNH:0
LF:0
LH:0
BRF:0
BRH:0
end_of_record
TN:
SF:src/assets/mariadb.svg
FNF:0
FNH:0
LF:0
LH:0
BRF:0
BRH:0
end_of_record
TN:
SF:src/assets/minio.svg
FNF:0
FNH:0
LF:0
LH:0
BRF:0
BRH:0
end_of_record
TN:
SF:src/assets/mysql.svg
FNF:0
FNH:0
LF:0
LH:0
BRF:0
BRH:0
end_of_record
TN:
SF:src/assets/owncloud.svg
FNF:0
FNH:0
LF:0
LH:0
BRF:0
BRH:0
end_of_record
TN:
SF:src/assets/postgresql.svg
FNF:0
FNH:0
LF:0
LH:0
BRF:0
BRH:0
end_of_record
TN:
SF:src/assets/wordpress.svg
FNF:0
FNH:0
LF:0
LH:0
BRF:0
BRH:0
end_of_record
TN:
SF:src/components/CreateService.jsx
FN:1,(anonymous_0)
FN:5,(anonymous_1)
FN:9,(anonymous_2)
FN:28,(anonymous_3)
FN:5,(anonymous_4)
FNF:5
FNH:5
FNDA:30,(anonymous_0)
FNDA:24,(anonymous_1)
FNDA:3,(anonymous_2)
FNDA:2,(anonymous_3)
FNDA:12,(anonymous_4)
DA:1,240
DA:5,30
DA:6,24
DA:7,30
DA:9,12
DA:10,3
DA:12,3
DA:13,3
DA:14,3
DA:24,3
DA:25,3
DA:28,3
DA:29,2
DA:35,12
DA:150,30
DA:152,30
LF:16
LH:16
BRDA:1,0,0,30
BRDA:1,0,1,0
BRDA:1,1,0,30
BRDA:1,2,0,30
BRDA:1,2,1,30
BRDA:24,3,0,3
BRDA:24,3,1,3
BRF:7
BRH:6
end_of_record
TN:
SF:src/components/MyServices.jsx
FN:1,(anonymous_0)
FN:5,(anonymous_1)
FN:8,(anonymous_2)
FN:32,(anonymous_3)
FNF:4
FNH:4
FNDA:30,(anonymous_0)
FNDA:24,(anonymous_1)
FNDA:12,(anonymous_2)
FNDA:12,(anonymous_3)
DA:1,240
DA:5,30
DA:6,24
DA:8,24
DA:9,12
DA:10,12
DA:13,24
DA:33,12
DA:49,30
DA:51,30
LF:10
LH:10
BRDA:1,0,0,30
BRDA:1,0,1,0
BRDA:1,1,0,30
BRDA:1,2,0,30
BRDA:1,2,1,30
BRDA:9,3,0,12
BRDA:9,3,1,0
BRF:7
BRH:5
end_of_record
TN:
SF:src/components/Navbar.jsx
FN:1,(anonymous_0)
FN:4,(anonymous_1)
FNF:2
FNH:2
FNDA:30,(anonymous_0)
FNDA:61,(anonymous_1)
DA:1,240
DA:4,30
DA:5,61
DA:25,30
DA:27,30
LF:5
LH:5
BRDA:1,0,0,60
BRDA:1,0,1,30
BRDA:1,1,0,30
BRF:3
BRH:3
end_of_record
TN:
SF:src/components/ServiceCard.jsx
FN:1,(anonymous_0)
FNF:1
FNH:1
FNDA:132,(anonymous_0)
DA:1,240
DA:2,102
DA:34,30
DA:36,30
LF:4
LH:4
BRDA:1,0,0,60
BRDA:1,0,1,30
BRDA:1,1,0,30
BRF:3
BRH:3
end_of_record
TN:
SF:src/components/ServiceDetails.jsx
FN:1,(anonymous_0)
FN:5,(anonymous_1)
FN:10,(anonymous_2)
FN:12,(anonymous_3)
FN:5,(anonymous_4)
FNF:5
FNH:5
FNDA:30,(anonymous_0)
FNDA:8,(anonymous_1)
FNDA:4,(anonymous_2)
FNDA:4,(anonymous_3)
FNDA:4,(anonymous_4)
DA:1,240
DA:5,30
DA:6,30
DA:7,8
DA:8,8
DA:10,8
DA:11,4
DA:12,4
DA:14,4
DA:15,4
DA:18,4
DA:21,8
DA:22,4
DA:32,4
DA:33,0
DA:43,4
DA:106,30
DA:108,30
LF:18
LH:17
BRDA:1,0,0,30
BRDA:1,0,1,0
BRDA:1,1,0,30
BRDA:1,2,0,30
BRDA:1,2,1,30
BRDA:11,3,0,4
BRDA:11,3,1,0
BRDA:14,4,0,4
BRDA:21,5,0,4
BRDA:32,6,0,0
BRF:10
BRH:7
end_of_record
TN:
SF:src/components/ServiceSection.jsx
FN:1,(anonymous_0)
FN:3,(anonymous_1)
FN:12,(anonymous_2)
FNF:3
FNH:3
FNDA:30,(anonymous_0)
FNDA:34,(anonymous_1)
FNDA:102,(anonymous_2)
DA:1,240
DA:3,30
DA:4,34
DA:13,102
DA:24,30
DA:26,30
LF:6
LH:6
BRDA:1,0,0,60
BRDA:1,0,1,30
BRDA:1,1,0,30
BRF:3
BRH:3
end_of_record
